<?xml version="1.0" encoding="utf-8"?>
<CoverageSession xmlns:xsd="http://www.w3.org/2001/XMLSchema" xmlns:xsi="http://www.w3.org/2001/XMLSchema-instance">
  <Summary numSequencePoints="146" visitedSequencePoints="111" numBranchPoints="41" visitedBranchPoints="29" sequenceCoverage="76.03" branchCoverage="70.73" maxCyclomaticComplexity="3" minCyclomaticComplexity="1" />
  <Modules>
    <Module skippedDueTo="Filter" hash="8D-09-99-2C-CA-7C-FB-60-18-FC-0D-7D-34-97-25-D6-FE-64-AB-B6">
      <FullName>C:\Windows\Microsoft.Net\assembly\GAC_32\mscorlib\v4.0_4.0.0.0__b77a5c561934e089\mscorlib.dll</FullName>
      <ModuleName>mscorlib</ModuleName>
      <Classes />
    </Module>
    <Module skippedDueTo="MissingPdb" hash="37-80-BE-DC-A8-79-2C-78-4A-75-9F-D4-19-B1-3A-5A-48-3E-CA-03">
      <FullName>C:\A\Tools\SharpDevelop_5.1.0.5216_Xcopyable\bin\Tools\NUnit\nunit-console-x86.exe</FullName>
      <ModuleName>nunit-console</ModuleName>
      <Classes />
    </Module>
    <Module skippedDueTo="MissingPdb" hash="33-E1-CA-24-52-5A-B7-C7-C4-AF-91-2C-A9-4A-C0-37-67-0D-5B-FE">
      <FullName>C:\A\Tools\SharpDevelop_5.1.0.5216_Xcopyable\bin\Tools\NUnit\lib\nunit.core.dll</FullName>
      <ModuleName>nunit.core</ModuleName>
      <Classes />
    </Module>
    <Module skippedDueTo="MissingPdb" hash="2A-C4-E5-DE-F3-EE-AD-84-E1-65-84-CC-15-90-76-96-E7-01-44-4E">
      <FullName>C:\A\Tools\SharpDevelop_5.1.0.5216_Xcopyable\bin\Tools\NUnit\lib\nunit-console-runner.dll</FullName>
      <ModuleName>nunit-console-runner</ModuleName>
      <Classes />
    </Module>
    <Module skippedDueTo="MissingPdb" hash="74-74-F6-87-59-E1-5F-4F-5F-5E-6E-82-50-E8-E2-46-D4-86-15-76">
      <FullName>C:\A\Tools\SharpDevelop_5.1.0.5216_Xcopyable\bin\Tools\NUnit\lib\nunit.util.dll</FullName>
      <ModuleName>nunit.util</ModuleName>
      <Classes />
    </Module>
    <Module skippedDueTo="MissingPdb" hash="D3-A4-4D-85-55-F7-CE-EF-A5-90-AA-EF-58-E0-9F-B6-CC-27-99-53">
      <FullName>C:\A\Tools\SharpDevelop_5.1.0.5216_Xcopyable\bin\Tools\NUnit\lib\nunit.core.interfaces.dll</FullName>
      <ModuleName>nunit.core.interfaces</ModuleName>
      <Classes />
    </Module>
    <Module skippedDueTo="Filter" hash="9C-DB-95-DC-25-D5-38-7E-C2-3A-20-8F-14-5D-A9-56-2A-D7-00-E3">
      <FullName>C:\Windows\Microsoft.Net\assembly\GAC_MSIL\System.Configuration\v4.0_4.0.0.0__b03f5f7f11d50a3a\System.Configuration.dll</FullName>
      <ModuleName>System.Configuration</ModuleName>
      <Classes />
    </Module>
    <Module skippedDueTo="Filter" hash="10-12-A2-C6-A0-B8-51-63-D1-3A-89-CF-6B-26-F7-7D-C2-69-68-B0">
      <FullName>C:\Windows\Microsoft.Net\assembly\GAC_MSIL\System\v4.0_4.0.0.0__b77a5c561934e089\System.dll</FullName>
      <ModuleName>System</ModuleName>
      <Classes />
    </Module>
    <Module skippedDueTo="Filter" hash="CF-7C-5A-57-75-87-21-E0-D5-D9-A4-B6-6E-2E-33-17-9D-6C-8A-C2">
      <FullName>C:\Windows\Microsoft.Net\assembly\GAC_MSIL\System.Xml\v4.0_4.0.0.0__b77a5c561934e089\System.Xml.dll</FullName>
      <ModuleName>System.Xml</ModuleName>
      <Classes />
    </Module>
    <Module skippedDueTo="Filter" hash="0F-6F-F3-F5-1C-3A-A7-26-E2-D9-16-C9-A4-9C-AD-C3-B6-CA-24-A2">
      <FullName>C:\Windows\Microsoft.Net\assembly\GAC_MSIL\System.Runtime.Remoting\v4.0_4.0.0.0__b77a5c561934e089\System.Runtime.Remoting.dll</FullName>
      <ModuleName>System.Runtime.Remoting</ModuleName>
      <Classes />
    </Module>
    <Module skippedDueTo="Filter" hash="31-76-6A-81-5B-45-2B-B2-02-8C-E4-69-D2-C3-8F-87-B1-54-25-E8">
      <FullName>C:\Windows\Microsoft.Net\assembly\GAC_MSIL\System.Core\v4.0_4.0.0.0__b77a5c561934e089\System.Core.dll</FullName>
      <ModuleName>System.Core</ModuleName>
      <Classes />
    </Module>
    <Module hash="6C-91-C9-8D-C8-5B-5C-87-FF-6F-7D-BC-98-D7-8B-B3-09-0A-62-75">
      <Summary numSequencePoints="81" visitedSequencePoints="76" numBranchPoints="17" visitedBranchPoints="16" sequenceCoverage="93.83" branchCoverage="94.12" maxCyclomaticComplexity="3" minCyclomaticComplexity="1" />
      <FullName>E:\Temp\nunit20\ShadowCopyCache\7460_636051317690955619\Tests_10681076\assembly\dl3\e42a5504\0f977566_1de7d101\Poker.Tests.dll</FullName>
      <ModuleName>Poker.Tests</ModuleName>
      <Files>
        <File uid="1" fullPath="c:\A\Tools\TA\TA Tasks\Unit-Testing\02. Test-Driven Development\Poker.Tests\Card.Tests.cs" />
        <File uid="2" fullPath="c:\A\Tools\TA\TA Tasks\Unit-Testing\02. Test-Driven Development\Poker.Tests\Hand.Tests.cs" />
        <File uid="3" fullPath="c:\A\Tools\TA\TA Tasks\Unit-Testing\02. Test-Driven Development\Poker.Tests\PokerHandsChecker.Tests.cs" />
      </Files>
      <Classes>
        <Class>
          <Summary numSequencePoints="0" visitedSequencePoints="0" numBranchPoints="0" visitedBranchPoints="0" sequenceCoverage="0" branchCoverage="0" maxCyclomaticComplexity="0" minCyclomaticComplexity="0" />
          <FullName>&lt;Module&gt;</FullName>
          <Methods />
        </Class>
        <Class>
          <Summary numSequencePoints="9" visitedSequencePoints="4" numBranchPoints="2" visitedBranchPoints="1" sequenceCoverage="44.44" branchCoverage="50" maxCyclomaticComplexity="1" minCyclomaticComplexity="1" />
          <FullName>Poker.Tests.CardTests</FullName>
          <Methods>
            <Method visited="true" cyclomaticComplexity="1" sequenceCoverage="100" branchCoverage="100" isConstructor="false" isStatic="false" isGetter="false" isSetter="false">
              <Summary numSequencePoints="4" visitedSequencePoints="4" numBranchPoints="1" visitedBranchPoints="1" sequenceCoverage="100" branchCoverage="100" maxCyclomaticComplexity="1" minCyclomaticComplexity="1" />
              <MetadataToken>100663297</MetadataToken>
              <Name>System.Void Poker.Tests.CardTests::CardToStringShouldReturnRightResult(Poker.CardFace,Poker.CardSuit,System.String)</Name>
              <FileRef uid="1" />
              <SequencePoints>
                <SequencePoint vc="7" uspid="1" ordinal="0" offset="0" sl="19" sc="9" el="19" ec="10" bec="0" bev="0" fileid="1" />
                <SequencePoint vc="7" uspid="2" ordinal="1" offset="1" sl="20" sc="13" el="20" ec="65" bec="0" bev="0" fileid="1" />
                <SequencePoint vc="7" uspid="3" ordinal="2" offset="9" sl="22" sc="13" el="22" ec="62" bec="0" bev="0" fileid="1" />
                <SequencePoint vc="7" uspid="4" ordinal="3" offset="27" sl="23" sc="9" el="23" ec="10" bec="0" bev="0" fileid="1" />
              </SequencePoints>
              <BranchPoints />
              <MethodPoint xsi:type="SequencePoint" vc="7" uspid="1" ordinal="0" offset="0" sl="19" sc="9" el="19" ec="10" bec="0" bev="0" fileid="1" />
            </Method>
            <Method visited="false" cyclomaticComplexity="1" sequenceCoverage="0" branchCoverage="0" isConstructor="false" isStatic="false" isGetter="false" isSetter="false">
              <Summary numSequencePoints="5" visitedSequencePoints="0" numBranchPoints="1" visitedBranchPoints="0" sequenceCoverage="0" branchCoverage="0" maxCyclomaticComplexity="1" minCyclomaticComplexity="1" />
              <MetadataToken>100663298</MetadataToken>
              <Name>System.Void Poker.Tests.CardTests::CardToStringShouldReturnRightResultForAllCases(System.Int32,System.Int32)</Name>
              <FileRef uid="1" />
              <SequencePoints>
                <SequencePoint vc="0" uspid="5" ordinal="0" offset="0" sl="29" sc="9" el="29" ec="10" bec="0" bev="0" fileid="1" />
                <SequencePoint vc="0" uspid="6" ordinal="1" offset="1" sl="30" sc="13" el="30" ec="65" bec="0" bev="0" fileid="1" />
                <SequencePoint vc="0" uspid="7" ordinal="2" offset="9" sl="31" sc="13" el="31" ec="70" bec="0" bev="0" fileid="1" />
                <SequencePoint vc="0" uspid="8" ordinal="3" offset="32" sl="33" sc="13" el="33" ec="62" bec="0" bev="0" fileid="1" />
                <SequencePoint vc="0" uspid="9" ordinal="4" offset="50" sl="34" sc="9" el="34" ec="10" bec="0" bev="0" fileid="1" />
              </SequencePoints>
              <BranchPoints />
              <MethodPoint xsi:type="SequencePoint" vc="0" uspid="5" ordinal="0" offset="0" sl="29" sc="9" el="29" ec="10" bec="0" bev="0" fileid="1" />
            </Method>
            <Method visited="true" cyclomaticComplexity="1" sequenceCoverage="0" branchCoverage="0" isConstructor="true" isStatic="false" isGetter="false" isSetter="false">
              <Summary numSequencePoints="0" visitedSequencePoints="0" numBranchPoints="0" visitedBranchPoints="0" sequenceCoverage="0" branchCoverage="0" maxCyclomaticComplexity="1" minCyclomaticComplexity="1" />
              <MetadataToken>100663299</MetadataToken>
              <Name>System.Void Poker.Tests.CardTests::.ctor()</Name>
              <SequencePoints />
              <BranchPoints />
              <MethodPoint vc="1" uspid="10" ordinal="0" offset="0" />
            </Method>
          </Methods>
        </Class>
        <Class>
          <Summary numSequencePoints="21" visitedSequencePoints="21" numBranchPoints="5" visitedBranchPoints="5" sequenceCoverage="100" branchCoverage="100" maxCyclomaticComplexity="3" minCyclomaticComplexity="1" />
          <FullName>Poker.Tests.HandTests</FullName>
          <Methods>
            <Method visited="true" cyclomaticComplexity="3" sequenceCoverage="100" branchCoverage="100" isConstructor="false" isStatic="false" isGetter="false" isSetter="false">
              <Summary numSequencePoints="21" visitedSequencePoints="21" numBranchPoints="5" visitedBranchPoints="5" sequenceCoverage="100" branchCoverage="100" maxCyclomaticComplexity="3" minCyclomaticComplexity="3" />
              <MetadataToken>100663300</MetadataToken>
              <Name>System.Void Poker.Tests.HandTests::HandToStringShouldReturnRighrResult()</Name>
              <FileRef uid="2" />
              <SequencePoints>
                <SequencePoint vc="1" uspid="11" ordinal="0" offset="0" sl="12" sc="3" el="12" ec="4" bec="0" bev="0" fileid="2" />
                <SequencePoint vc="1" uspid="12" ordinal="1" offset="1" sl="13" sc="4" el="13" ec="37" bec="0" bev="0" fileid="2" />
                <SequencePoint vc="1" uspid="13" ordinal="2" offset="7" sl="14" sc="4" el="14" ec="59" bec="0" bev="0" fileid="2" />
                <SequencePoint vc="1" uspid="14" ordinal="3" offset="21" sl="15" sc="4" el="15" ec="60" bec="0" bev="0" fileid="2" />
                <SequencePoint vc="1" uspid="15" ordinal="4" offset="36" sl="16" sc="4" el="16" ec="60" bec="0" bev="0" fileid="2" />
                <SequencePoint vc="1" uspid="16" ordinal="5" offset="51" sl="17" sc="4" el="17" ec="60" bec="0" bev="0" fileid="2" />
                <SequencePoint vc="1" uspid="17" ordinal="6" offset="65" sl="18" sc="4" el="18" ec="60" bec="0" bev="0" fileid="2" />
                <SequencePoint vc="1" uspid="18" ordinal="7" offset="80" sl="19" sc="4" el="19" ec="26" bec="0" bev="0" fileid="2" />
                <SequencePoint vc="1" uspid="19" ordinal="8" offset="86" sl="20" sc="9" el="20" ec="19" bec="0" bev="0" fileid="2" />
                <SequencePoint vc="5" uspid="20" ordinal="9" offset="90" sl="20" sc="45" el="20" ec="46" bec="0" bev="0" fileid="2" />
                <SequencePoint vc="5" uspid="21" ordinal="10" offset="91" sl="21" sc="5" el="21" ec="41" bec="0" bev="0" fileid="2" />
                <SequencePoint vc="5" uspid="22" ordinal="11" offset="110" sl="22" sc="5" el="22" ec="33" bec="2" bev="2" fileid="2" />
                <SequencePoint vc="4" uspid="23" ordinal="12" offset="127" sl="23" sc="5" el="23" ec="6" bec="0" bev="0" fileid="2" />
                <SequencePoint vc="4" uspid="24" ordinal="13" offset="128" sl="24" sc="6" el="24" ec="24" bec="0" bev="0" fileid="2" />
                <SequencePoint vc="4" uspid="25" ordinal="14" offset="140" sl="25" sc="5" el="25" ec="6" bec="0" bev="0" fileid="2" />
                <SequencePoint vc="5" uspid="26" ordinal="15" offset="141" sl="26" sc="4" el="26" ec="5" bec="0" bev="0" fileid="2" />
                <SequencePoint vc="5" uspid="27" ordinal="16" offset="142" sl="20" sc="40" el="20" ec="43" bec="0" bev="0" fileid="2" />
                <SequencePoint vc="6" uspid="28" ordinal="17" offset="146" sl="20" sc="20" el="20" ec="38" bec="2" bev="2" fileid="2" />
                <SequencePoint vc="1" uspid="29" ordinal="18" offset="161" sl="28" sc="4" el="28" ec="48" bec="0" bev="0" fileid="2" />
                <SequencePoint vc="1" uspid="30" ordinal="19" offset="168" sl="30" sc="4" el="30" ec="56" bec="0" bev="0" fileid="2" />
                <SequencePoint vc="1" uspid="31" ordinal="20" offset="186" sl="31" sc="3" el="31" ec="4" bec="0" bev="0" fileid="2" />
              </SequencePoints>
              <BranchPoints>
                <BranchPoint vc="4" uspid="32" ordinal="0" offset="125" path="0" offsetchain="" offsetend="127" />
                <BranchPoint vc="1" uspid="33" ordinal="1" offset="125" path="1" offsetchain="" offsetend="141" />
                <BranchPoint vc="1" uspid="34" ordinal="2" offset="159" path="0" offsetchain="" offsetend="161" />
                <BranchPoint vc="5" uspid="35" ordinal="3" offset="159" path="1" offsetchain="" offsetend="90" />
              </BranchPoints>
              <MethodPoint xsi:type="SequencePoint" vc="1" uspid="11" ordinal="0" offset="0" sl="12" sc="3" el="12" ec="4" bec="0" bev="0" fileid="2" />
            </Method>
            <Method visited="true" cyclomaticComplexity="1" sequenceCoverage="0" branchCoverage="0" isConstructor="true" isStatic="false" isGetter="false" isSetter="false">
              <Summary numSequencePoints="0" visitedSequencePoints="0" numBranchPoints="0" visitedBranchPoints="0" sequenceCoverage="0" branchCoverage="0" maxCyclomaticComplexity="1" minCyclomaticComplexity="1" />
              <MetadataToken>100663301</MetadataToken>
              <Name>System.Void Poker.Tests.HandTests::.ctor()</Name>
              <SequencePoints />
              <BranchPoints />
              <MethodPoint vc="1" uspid="36" ordinal="0" offset="0" />
            </Method>
          </Methods>
        </Class>
        <Class>
          <Summary numSequencePoints="51" visitedSequencePoints="51" numBranchPoints="10" visitedBranchPoints="10" sequenceCoverage="100" branchCoverage="100" maxCyclomaticComplexity="2" minCyclomaticComplexity="1" />
          <FullName>Poker.Tests.PokerHandsCheckerTests</FullName>
          <Methods>
            <Method visited="true" cyclomaticComplexity="1" sequenceCoverage="100" branchCoverage="100" isConstructor="false" isStatic="false" isGetter="false" isSetter="false">
              <Summary numSequencePoints="6" visitedSequencePoints="6" numBranchPoints="1" visitedBranchPoints="1" sequenceCoverage="100" branchCoverage="100" maxCyclomaticComplexity="1" minCyclomaticComplexity="1" />
              <MetadataToken>100663302</MetadataToken>
              <Name>System.Void Poker.Tests.PokerHandsCheckerTests::PokerHandsCheckerShouldReturnFalseIfCardsAreNull()</Name>
              <FileRef uid="3" />
              <SequencePoints>
                <SequencePoint vc="1" uspid="37" ordinal="0" offset="0" sl="12" sc="3" el="12" ec="4" bec="0" bev="0" fileid="3" />
                <SequencePoint vc="1" uspid="38" ordinal="1" offset="1" sl="13" sc="4" el="13" ec="32" bec="0" bev="0" fileid="3" />
                <SequencePoint vc="1" uspid="39" ordinal="2" offset="3" sl="14" sc="4" el="14" ec="34" bec="0" bev="0" fileid="3" />
                <SequencePoint vc="1" uspid="40" ordinal="3" offset="10" sl="15" sc="4" el="15" ec="42" bec="0" bev="0" fileid="3" />
                <SequencePoint vc="1" uspid="41" ordinal="4" offset="16" sl="17" sc="4" el="17" ec="53" bec="0" bev="0" fileid="3" />
                <SequencePoint vc="1" uspid="42" ordinal="5" offset="34" sl="18" sc="3" el="18" ec="4" bec="0" bev="0" fileid="3" />
              </SequencePoints>
              <BranchPoints />
              <MethodPoint xsi:type="SequencePoint" vc="1" uspid="37" ordinal="0" offset="0" sl="12" sc="3" el="12" ec="4" bec="0" bev="0" fileid="3" />
            </Method>
            <Method visited="true" cyclomaticComplexity="2" sequenceCoverage="100" branchCoverage="100" isConstructor="false" isStatic="false" isGetter="false" isSetter="false">
              <Summary numSequencePoints="15" visitedSequencePoints="15" numBranchPoints="3" visitedBranchPoints="3" sequenceCoverage="100" branchCoverage="100" maxCyclomaticComplexity="2" minCyclomaticComplexity="2" />
              <MetadataToken>100663303</MetadataToken>
              <Name>System.Void Poker.Tests.PokerHandsCheckerTests::PokerHandsCheckerShouldReturnFalseIfCardsAreLessOf5()</Name>
              <FileRef uid="3" />
              <SequencePoints>
                <SequencePoint vc="1" uspid="43" ordinal="0" offset="0" sl="22" sc="3" el="22" ec="4" bec="0" bev="0" fileid="3" />
                <SequencePoint vc="1" uspid="44" ordinal="1" offset="1" sl="23" sc="4" el="23" ec="37" bec="0" bev="0" fileid="3" />
                <SequencePoint vc="1" uspid="45" ordinal="2" offset="7" sl="24" sc="4" el="24" ec="33" bec="0" bev="0" fileid="3" />
                <SequencePoint vc="1" uspid="46" ordinal="3" offset="13" sl="25" sc="9" el="25" ec="19" bec="0" bev="0" fileid="3" />
                <SequencePoint vc="3" uspid="47" ordinal="4" offset="17" sl="25" sc="32" el="25" ec="33" bec="0" bev="0" fileid="3" />
                <SequencePoint vc="3" uspid="48" ordinal="5" offset="18" sl="26" sc="5" el="26" ec="48" bec="0" bev="0" fileid="3" />
                <SequencePoint vc="3" uspid="49" ordinal="6" offset="28" sl="27" sc="5" el="27" ec="47" bec="0" bev="0" fileid="3" />
                <SequencePoint vc="3" uspid="50" ordinal="7" offset="38" sl="28" sc="5" el="28" ec="40" bec="0" bev="0" fileid="3" />
                <SequencePoint vc="3" uspid="51" ordinal="8" offset="53" sl="29" sc="4" el="29" ec="5" bec="0" bev="0" fileid="3" />
                <SequencePoint vc="3" uspid="52" ordinal="9" offset="54" sl="25" sc="27" el="25" ec="30" bec="0" bev="0" fileid="3" />
                <SequencePoint vc="4" uspid="53" ordinal="10" offset="58" sl="25" sc="20" el="25" ec="25" bec="2" bev="2" fileid="3" />
                <SequencePoint vc="1" uspid="54" ordinal="11" offset="68" sl="30" sc="4" el="30" ec="34" bec="0" bev="0" fileid="3" />
                <SequencePoint vc="1" uspid="55" ordinal="12" offset="76" sl="31" sc="4" el="31" ec="42" bec="0" bev="0" fileid="3" />
                <SequencePoint vc="1" uspid="56" ordinal="13" offset="83" sl="33" sc="4" el="33" ec="53" bec="0" bev="0" fileid="3" />
                <SequencePoint vc="1" uspid="57" ordinal="14" offset="103" sl="34" sc="3" el="34" ec="4" bec="0" bev="0" fileid="3" />
              </SequencePoints>
              <BranchPoints>
                <BranchPoint vc="1" uspid="58" ordinal="0" offset="66" path="0" offsetchain="" offsetend="68" />
                <BranchPoint vc="3" uspid="59" ordinal="1" offset="66" path="1" offsetchain="" offsetend="17" />
              </BranchPoints>
              <MethodPoint xsi:type="SequencePoint" vc="1" uspid="43" ordinal="0" offset="0" sl="22" sc="3" el="22" ec="4" bec="0" bev="0" fileid="3" />
            </Method>
            <Method visited="true" cyclomaticComplexity="2" sequenceCoverage="100" branchCoverage="100" isConstructor="false" isStatic="false" isGetter="false" isSetter="false">
              <Summary numSequencePoints="15" visitedSequencePoints="15" numBranchPoints="3" visitedBranchPoints="3" sequenceCoverage="100" branchCoverage="100" maxCyclomaticComplexity="2" minCyclomaticComplexity="2" />
              <MetadataToken>100663304</MetadataToken>
              <Name>System.Void Poker.Tests.PokerHandsCheckerTests::PokerHandsCheckerShouldReturnFalseIfCardsAreMoreThan5()</Name>
              <FileRef uid="3" />
              <SequencePoints>
                <SequencePoint vc="1" uspid="60" ordinal="0" offset="0" sl="38" sc="3" el="38" ec="4" bec="0" bev="0" fileid="3" />
                <SequencePoint vc="1" uspid="61" ordinal="1" offset="1" sl="39" sc="4" el="39" ec="37" bec="0" bev="0" fileid="3" />
                <SequencePoint vc="1" uspid="62" ordinal="2" offset="7" sl="40" sc="4" el="40" ec="33" bec="0" bev="0" fileid="3" />
                <SequencePoint vc="1" uspid="63" ordinal="3" offset="13" sl="41" sc="9" el="41" ec="19" bec="0" bev="0" fileid="3" />
                <SequencePoint vc="6" uspid="64" ordinal="4" offset="17" sl="42" sc="4" el="42" ec="5" bec="0" bev="0" fileid="3" />
                <SequencePoint vc="6" uspid="65" ordinal="5" offset="18" sl="43" sc="5" el="43" ec="48" bec="0" bev="0" fileid="3" />
                <SequencePoint vc="6" uspid="66" ordinal="6" offset="28" sl="44" sc="5" el="44" ec="47" bec="0" bev="0" fileid="3" />
                <SequencePoint vc="6" uspid="67" ordinal="7" offset="38" sl="45" sc="5" el="45" ec="40" bec="0" bev="0" fileid="3" />
                <SequencePoint vc="6" uspid="68" ordinal="8" offset="53" sl="46" sc="4" el="46" ec="5" bec="0" bev="0" fileid="3" />
                <SequencePoint vc="6" uspid="69" ordinal="9" offset="54" sl="41" sc="27" el="41" ec="30" bec="0" bev="0" fileid="3" />
                <SequencePoint vc="7" uspid="70" ordinal="10" offset="58" sl="41" sc="20" el="41" ec="25" bec="2" bev="2" fileid="3" />
                <SequencePoint vc="1" uspid="71" ordinal="11" offset="68" sl="47" sc="4" el="47" ec="34" bec="0" bev="0" fileid="3" />
                <SequencePoint vc="1" uspid="72" ordinal="12" offset="76" sl="48" sc="4" el="48" ec="42" bec="0" bev="0" fileid="3" />
                <SequencePoint vc="1" uspid="73" ordinal="13" offset="83" sl="50" sc="4" el="50" ec="53" bec="0" bev="0" fileid="3" />
                <SequencePoint vc="1" uspid="74" ordinal="14" offset="103" sl="51" sc="3" el="51" ec="4" bec="0" bev="0" fileid="3" />
              </SequencePoints>
              <BranchPoints>
                <BranchPoint vc="1" uspid="75" ordinal="0" offset="66" path="0" offsetchain="" offsetend="68" />
                <BranchPoint vc="6" uspid="76" ordinal="1" offset="66" path="1" offsetchain="" offsetend="17" />
              </BranchPoints>
              <MethodPoint xsi:type="SequencePoint" vc="1" uspid="60" ordinal="0" offset="0" sl="38" sc="3" el="38" ec="4" bec="0" bev="0" fileid="3" />
            </Method>
            <Method visited="true" cyclomaticComplexity="2" sequenceCoverage="100" branchCoverage="100" isConstructor="false" isStatic="false" isGetter="false" isSetter="false">
              <Summary numSequencePoints="15" visitedSequencePoints="15" numBranchPoints="3" visitedBranchPoints="3" sequenceCoverage="100" branchCoverage="100" maxCyclomaticComplexity="2" minCyclomaticComplexity="2" />
              <MetadataToken>100663305</MetadataToken>
              <Name>System.Void Poker.Tests.PokerHandsCheckerTests::PokerHandsCheckerShouldReturnTrueIfCardsAre5()</Name>
              <FileRef uid="3" />
              <SequencePoints>
                <SequencePoint vc="1" uspid="77" ordinal="0" offset="0" sl="55" sc="3" el="55" ec="4" bec="0" bev="0" fileid="3" />
                <SequencePoint vc="1" uspid="78" ordinal="1" offset="1" sl="56" sc="4" el="56" ec="37" bec="0" bev="0" fileid="3" />
                <SequencePoint vc="1" uspid="79" ordinal="2" offset="7" sl="57" sc="4" el="57" ec="33" bec="0" bev="0" fileid="3" />
                <SequencePoint vc="1" uspid="80" ordinal="3" offset="13" sl="58" sc="9" el="58" ec="19" bec="0" bev="0" fileid="3" />
                <SequencePoint vc="5" uspid="81" ordinal="4" offset="17" sl="59" sc="4" el="59" ec="5" bec="0" bev="0" fileid="3" />
                <SequencePoint vc="5" uspid="82" ordinal="5" offset="18" sl="60" sc="5" el="60" ec="48" bec="0" bev="0" fileid="3" />
                <SequencePoint vc="5" uspid="83" ordinal="6" offset="28" sl="61" sc="5" el="61" ec="47" bec="0" bev="0" fileid="3" />
                <SequencePoint vc="5" uspid="84" ordinal="7" offset="38" sl="62" sc="5" el="62" ec="40" bec="0" bev="0" fileid="3" />
                <SequencePoint vc="5" uspid="85" ordinal="8" offset="53" sl="63" sc="4" el="63" ec="5" bec="0" bev="0" fileid="3" />
                <SequencePoint vc="5" uspid="86" ordinal="9" offset="54" sl="58" sc="27" el="58" ec="30" bec="0" bev="0" fileid="3" />
                <SequencePoint vc="6" uspid="87" ordinal="10" offset="58" sl="58" sc="20" el="58" ec="25" bec="2" bev="2" fileid="3" />
                <SequencePoint vc="1" uspid="88" ordinal="11" offset="68" sl="65" sc="4" el="65" ec="34" bec="0" bev="0" fileid="3" />
                <SequencePoint vc="1" uspid="89" ordinal="12" offset="76" sl="66" sc="4" el="66" ec="42" bec="0" bev="0" fileid="3" />
                <SequencePoint vc="1" uspid="90" ordinal="13" offset="83" sl="68" sc="4" el="68" ec="52" bec="0" bev="0" fileid="3" />
                <SequencePoint vc="1" uspid="91" ordinal="14" offset="103" sl="69" sc="3" el="69" ec="4" bec="0" bev="0" fileid="3" />
              </SequencePoints>
              <BranchPoints>
                <BranchPoint vc="1" uspid="92" ordinal="0" offset="66" path="0" offsetchain="" offsetend="68" />
                <BranchPoint vc="5" uspid="93" ordinal="1" offset="66" path="1" offsetchain="" offsetend="17" />
              </BranchPoints>
              <MethodPoint xsi:type="SequencePoint" vc="1" uspid="77" ordinal="0" offset="0" sl="55" sc="3" el="55" ec="4" bec="0" bev="0" fileid="3" />
            </Method>
            <Method visited="true" cyclomaticComplexity="1" sequenceCoverage="0" branchCoverage="0" isConstructor="true" isStatic="false" isGetter="false" isSetter="false">
              <Summary numSequencePoints="0" visitedSequencePoints="0" numBranchPoints="0" visitedBranchPoints="0" sequenceCoverage="0" branchCoverage="0" maxCyclomaticComplexity="1" minCyclomaticComplexity="1" />
              <MetadataToken>100663306</MetadataToken>
              <Name>System.Void Poker.Tests.PokerHandsCheckerTests::.ctor()</Name>
              <SequencePoints />
              <BranchPoints />
              <MethodPoint vc="1" uspid="94" ordinal="0" offset="0" />
            </Method>
          </Methods>
        </Class>
      </Classes>
    </Module>
    <Module skippedDueTo="MissingPdb" hash="16-21-71-7F-B6-D2-94-AE-3B-13-A0-FD-1E-B3-D0-76-DC-B0-DA-7B">
      <FullName>E:\Temp\nunit20\ShadowCopyCache\7460_636051317690955619\Tests_10681076\assembly\dl3\80938500\3c418716_09e7d101\nunit.framework.dll</FullName>
      <ModuleName>nunit.framework</ModuleName>
      <Classes />
    </Module>
    <Module hash="44-62-6C-82-B8-CD-E2-B2-B6-1E-9A-2E-6C-66-FF-72-87-53-59-33">
      <Summary numSequencePoints="65" visitedSequencePoints="35" numBranchPoints="24" visitedBranchPoints="13" sequenceCoverage="53.85" branchCoverage="54.17" maxCyclomaticComplexity="3" minCyclomaticComplexity="1" />
      <FullName>E:\Temp\nunit20\ShadowCopyCache\7460_636051317690955619\Tests_10681076\assembly\dl3\7e9692e9\cb5f4e66_1de7d101\Poker.exe</FullName>
      <ModuleName>Poker</ModuleName>
      <Files>
        <File uid="7" fullPath="c:\A\Tools\TA\TA Tasks\Unit-Testing\02. Test-Driven Development\Poker\Card.cs" />
        <File uid="8" fullPath="c:\A\Tools\TA\TA Tasks\Unit-Testing\02. Test-Driven Development\Poker\PokerHandsChecker.cs" />
        <File uid="9" fullPath="c:\A\Tools\TA\TA Tasks\Unit-Testing\02. Test-Driven Development\Poker\Hand.cs" />
        <File uid="10" fullPath="c:\A\Tools\TA\TA Tasks\Unit-Testing\02. Test-Driven Development\Poker\PokerExample.cs" />
      </Files>
      <Classes>
        <Class>
          <Summary numSequencePoints="0" visitedSequencePoints="0" numBranchPoints="0" visitedBranchPoints="0" sequenceCoverage="0" branchCoverage="0" maxCyclomaticComplexity="0" minCyclomaticComplexity="0" />
          <FullName>&lt;Module&gt;</FullName>
          <Methods />
        </Class>
        <Class>
          <Summary numSequencePoints="8" visitedSequencePoints="8" numBranchPoints="2" visitedBranchPoints="2" sequenceCoverage="100" branchCoverage="100" maxCyclomaticComplexity="1" minCyclomaticComplexity="1" />
          <FullName>Poker.Card</FullName>
          <Methods>
            <Method visited="true" cyclomaticComplexity="1" sequenceCoverage="0" branchCoverage="0" isConstructor="false" isStatic="false" isGetter="true" isSetter="false">
              <Summary numSequencePoints="0" visitedSequencePoints="0" numBranchPoints="0" visitedBranchPoints="0" sequenceCoverage="0" branchCoverage="0" maxCyclomaticComplexity="1" minCyclomaticComplexity="1" />
              <MetadataToken>100663300</MetadataToken>
              <Name>Poker.CardFace Poker.Card::get_Face()</Name>
              <SequencePoints />
              <BranchPoints />
              <MethodPoint vc="17" uspid="95" ordinal="0" offset="0" />
            </Method>
            <Method visited="true" cyclomaticComplexity="1" sequenceCoverage="0" branchCoverage="0" isConstructor="false" isStatic="false" isGetter="false" isSetter="true">
              <Summary numSequencePoints="0" visitedSequencePoints="0" numBranchPoints="0" visitedBranchPoints="0" sequenceCoverage="0" branchCoverage="0" maxCyclomaticComplexity="1" minCyclomaticComplexity="1" />
              <MetadataToken>100663301</MetadataToken>
              <Name>System.Void Poker.Card::set_Face(Poker.CardFace)</Name>
              <SequencePoints />
              <BranchPoints />
              <MethodPoint vc="26" uspid="96" ordinal="0" offset="0" />
            </Method>
            <Method visited="true" cyclomaticComplexity="1" sequenceCoverage="0" branchCoverage="0" isConstructor="false" isStatic="false" isGetter="true" isSetter="false">
              <Summary numSequencePoints="0" visitedSequencePoints="0" numBranchPoints="0" visitedBranchPoints="0" sequenceCoverage="0" branchCoverage="0" maxCyclomaticComplexity="1" minCyclomaticComplexity="1" />
              <MetadataToken>100663302</MetadataToken>
              <Name>Poker.CardSuit Poker.Card::get_Suit()</Name>
              <SequencePoints />
              <BranchPoints />
              <MethodPoint vc="17" uspid="97" ordinal="0" offset="0" />
            </Method>
            <Method visited="true" cyclomaticComplexity="1" sequenceCoverage="0" branchCoverage="0" isConstructor="false" isStatic="false" isGetter="false" isSetter="true">
              <Summary numSequencePoints="0" visitedSequencePoints="0" numBranchPoints="0" visitedBranchPoints="0" sequenceCoverage="0" branchCoverage="0" maxCyclomaticComplexity="1" minCyclomaticComplexity="1" />
              <MetadataToken>100663303</MetadataToken>
              <Name>System.Void Poker.Card::set_Suit(Poker.CardSuit)</Name>
              <SequencePoints />
              <BranchPoints />
              <MethodPoint vc="26" uspid="98" ordinal="0" offset="0" />
            </Method>
            <Method visited="true" cyclomaticComplexity="1" sequenceCoverage="100" branchCoverage="100" isConstructor="true" isStatic="false" isGetter="false" isSetter="false">
              <Summary numSequencePoints="5" visitedSequencePoints="5" numBranchPoints="1" visitedBranchPoints="1" sequenceCoverage="100" branchCoverage="100" maxCyclomaticComplexity="1" minCyclomaticComplexity="1" />
              <MetadataToken>100663304</MetadataToken>
              <Name>System.Void Poker.Card::.ctor(Poker.CardFace,Poker.CardSuit)</Name>
              <FileRef uid="7" />
              <SequencePoints>
                <SequencePoint vc="26" uspid="99" ordinal="0" offset="0" sl="10" sc="9" el="10" ec="50" bec="0" bev="0" fileid="7" />
                <SequencePoint vc="26" uspid="100" ordinal="1" offset="7" sl="11" sc="9" el="11" ec="10" bec="0" bev="0" fileid="7" />
                <SequencePoint vc="26" uspid="101" ordinal="2" offset="8" sl="12" sc="13" el="12" ec="30" bec="0" bev="0" fileid="7" />
                <SequencePoint vc="26" uspid="102" ordinal="3" offset="16" sl="13" sc="13" el="13" ec="30" bec="0" bev="0" fileid="7" />
                <SequencePoint vc="26" uspid="103" ordinal="4" offset="24" sl="14" sc="9" el="14" ec="10" bec="0" bev="0" fileid="7" />
              </SequencePoints>
              <BranchPoints />
              <MethodPoint xsi:type="SequencePoint" vc="26" uspid="99" ordinal="0" offset="0" sl="10" sc="9" el="10" ec="50" bec="0" bev="0" fileid="7" />
            </Method>
            <Method visited="true" cyclomaticComplexity="1" sequenceCoverage="100" branchCoverage="100" isConstructor="false" isStatic="false" isGetter="false" isSetter="false">
              <Summary numSequencePoints="3" visitedSequencePoints="3" numBranchPoints="1" visitedBranchPoints="1" sequenceCoverage="100" branchCoverage="100" maxCyclomaticComplexity="1" minCyclomaticComplexity="1" />
              <MetadataToken>100663305</MetadataToken>
              <Name>System.String Poker.Card::ToString()</Name>
              <FileRef uid="7" />
              <SequencePoints>
                <SequencePoint vc="17" uspid="104" ordinal="0" offset="0" sl="17" sc="9" el="17" ec="10" bec="0" bev="0" fileid="7" />
                <SequencePoint vc="17" uspid="105" ordinal="1" offset="1" sl="18" sc="13" el="18" ec="51" bec="0" bev="0" fileid="7" />
                <SequencePoint vc="17" uspid="106" ordinal="2" offset="36" sl="19" sc="9" el="19" ec="10" bec="0" bev="0" fileid="7" />
              </SequencePoints>
              <BranchPoints />
              <MethodPoint xsi:type="SequencePoint" vc="17" uspid="104" ordinal="0" offset="0" sl="17" sc="9" el="17" ec="10" bec="0" bev="0" fileid="7" />
            </Method>
          </Methods>
        </Class>
        <Class>
          <Summary numSequencePoints="29" visitedSequencePoints="9" numBranchPoints="15" visitedBranchPoints="5" sequenceCoverage="31.03" branchCoverage="33.33" maxCyclomaticComplexity="3" minCyclomaticComplexity="1" />
          <FullName>Poker.PokerHandsChecker</FullName>
          <Methods>
            <Method visited="true" cyclomaticComplexity="3" sequenceCoverage="100" branchCoverage="100" isConstructor="false" isStatic="false" isGetter="false" isSetter="false">
              <Summary numSequencePoints="9" visitedSequencePoints="9" numBranchPoints="5" visitedBranchPoints="5" sequenceCoverage="100" branchCoverage="100" maxCyclomaticComplexity="3" minCyclomaticComplexity="3" />
              <MetadataToken>100663317</MetadataToken>
              <Name>System.Boolean Poker.PokerHandsChecker::IsValidHand(Poker.IHand)</Name>
              <FileRef uid="8" />
              <SequencePoints>
                <SequencePoint vc="4" uspid="107" ordinal="0" offset="0" sl="8" sc="9" el="8" ec="10" bec="0" bev="0" fileid="8" />
                <SequencePoint vc="4" uspid="108" ordinal="1" offset="1" sl="9" sc="10" el="9" ec="33" bec="2" bev="2" fileid="8" />
                <SequencePoint vc="1" uspid="109" ordinal="2" offset="17" sl="10" sc="10" el="10" ec="11" bec="0" bev="0" fileid="8" />
                <SequencePoint vc="1" uspid="110" ordinal="3" offset="18" sl="11" sc="11" el="11" ec="24" bec="0" bev="0" fileid="8" />
                <SequencePoint vc="3" uspid="111" ordinal="4" offset="22" sl="14" sc="10" el="14" ec="36" bec="2" bev="2" fileid="8" />
                <SequencePoint vc="2" uspid="112" ordinal="5" offset="40" sl="15" sc="10" el="15" ec="11" bec="0" bev="0" fileid="8" />
                <SequencePoint vc="2" uspid="113" ordinal="6" offset="41" sl="16" sc="11" el="16" ec="24" bec="0" bev="0" fileid="8" />
                <SequencePoint vc="1" uspid="114" ordinal="7" offset="45" sl="18" sc="10" el="18" ec="22" bec="0" bev="0" fileid="8" />
                <SequencePoint vc="4" uspid="115" ordinal="8" offset="49" sl="19" sc="9" el="19" ec="10" bec="0" bev="0" fileid="8" />
              </SequencePoints>
              <BranchPoints>
                <BranchPoint vc="1" uspid="116" ordinal="0" offset="15" path="0" offsetchain="" offsetend="17" />
                <BranchPoint vc="3" uspid="117" ordinal="1" offset="15" path="1" offsetchain="" offsetend="22" />
                <BranchPoint vc="2" uspid="118" ordinal="2" offset="38" path="0" offsetchain="" offsetend="40" />
                <BranchPoint vc="1" uspid="119" ordinal="3" offset="38" path="1" offsetchain="" offsetend="45" />
              </BranchPoints>
              <MethodPoint xsi:type="SequencePoint" vc="4" uspid="107" ordinal="0" offset="0" sl="8" sc="9" el="8" ec="10" bec="0" bev="0" fileid="8" />
            </Method>
            <Method visited="false" cyclomaticComplexity="1" sequenceCoverage="0" branchCoverage="0" isConstructor="false" isStatic="false" isGetter="false" isSetter="false">
              <Summary numSequencePoints="2" visitedSequencePoints="0" numBranchPoints="1" visitedBranchPoints="0" sequenceCoverage="0" branchCoverage="0" maxCyclomaticComplexity="1" minCyclomaticComplexity="1" />
              <MetadataToken>100663318</MetadataToken>
              <Name>System.Boolean Poker.PokerHandsChecker::IsStraightFlush(Poker.IHand)</Name>
              <FileRef uid="8" />
              <SequencePoints>
                <SequencePoint vc="0" uspid="120" ordinal="0" offset="0" sl="22" sc="9" el="22" ec="10" bec="0" bev="0" fileid="8" />
                <SequencePoint vc="0" uspid="121" ordinal="1" offset="1" sl="23" sc="13" el="23" ec="49" bec="0" bev="0" fileid="8" />
              </SequencePoints>
              <BranchPoints />
              <MethodPoint xsi:type="SequencePoint" vc="0" uspid="120" ordinal="0" offset="0" sl="22" sc="9" el="22" ec="10" bec="0" bev="0" fileid="8" />
            </Method>
            <Method visited="false" cyclomaticComplexity="1" sequenceCoverage="0" branchCoverage="0" isConstructor="false" isStatic="false" isGetter="false" isSetter="false">
              <Summary numSequencePoints="2" visitedSequencePoints="0" numBranchPoints="1" visitedBranchPoints="0" sequenceCoverage="0" branchCoverage="0" maxCyclomaticComplexity="1" minCyclomaticComplexity="1" />
              <MetadataToken>100663319</MetadataToken>
              <Name>System.Boolean Poker.PokerHandsChecker::IsFourOfAKind(Poker.IHand)</Name>
              <FileRef uid="8" />
              <SequencePoints>
                <SequencePoint vc="0" uspid="122" ordinal="0" offset="0" sl="27" sc="9" el="27" ec="10" bec="0" bev="0" fileid="8" />
                <SequencePoint vc="0" uspid="123" ordinal="1" offset="1" sl="28" sc="13" el="28" ec="49" bec="0" bev="0" fileid="8" />
              </SequencePoints>
              <BranchPoints />
              <MethodPoint xsi:type="SequencePoint" vc="0" uspid="122" ordinal="0" offset="0" sl="27" sc="9" el="27" ec="10" bec="0" bev="0" fileid="8" />
            </Method>
            <Method visited="false" cyclomaticComplexity="1" sequenceCoverage="0" branchCoverage="0" isConstructor="false" isStatic="false" isGetter="false" isSetter="false">
              <Summary numSequencePoints="2" visitedSequencePoints="0" numBranchPoints="1" visitedBranchPoints="0" sequenceCoverage="0" branchCoverage="0" maxCyclomaticComplexity="1" minCyclomaticComplexity="1" />
              <MetadataToken>100663320</MetadataToken>
              <Name>System.Boolean Poker.PokerHandsChecker::IsFullHouse(Poker.IHand)</Name>
              <FileRef uid="8" />
              <SequencePoints>
                <SequencePoint vc="0" uspid="124" ordinal="0" offset="0" sl="32" sc="9" el="32" ec="10" bec="0" bev="0" fileid="8" />
                <SequencePoint vc="0" uspid="125" ordinal="1" offset="1" sl="33" sc="13" el="33" ec="49" bec="0" bev="0" fileid="8" />
              </SequencePoints>
              <BranchPoints />
              <MethodPoint xsi:type="SequencePoint" vc="0" uspid="124" ordinal="0" offset="0" sl="32" sc="9" el="32" ec="10" bec="0" bev="0" fileid="8" />
            </Method>
            <Method visited="false" cyclomaticComplexity="1" sequenceCoverage="0" branchCoverage="0" isConstructor="false" isStatic="false" isGetter="false" isSetter="false">
              <Summary numSequencePoints="2" visitedSequencePoints="0" numBranchPoints="1" visitedBranchPoints="0" sequenceCoverage="0" branchCoverage="0" maxCyclomaticComplexity="1" minCyclomaticComplexity="1" />
              <MetadataToken>100663321</MetadataToken>
              <Name>System.Boolean Poker.PokerHandsChecker::IsFlush(Poker.IHand)</Name>
              <FileRef uid="8" />
              <SequencePoints>
                <SequencePoint vc="0" uspid="126" ordinal="0" offset="0" sl="37" sc="9" el="37" ec="10" bec="0" bev="0" fileid="8" />
                <SequencePoint vc="0" uspid="127" ordinal="1" offset="1" sl="38" sc="13" el="38" ec="49" bec="0" bev="0" fileid="8" />
              </SequencePoints>
              <BranchPoints />
              <MethodPoint xsi:type="SequencePoint" vc="0" uspid="126" ordinal="0" offset="0" sl="37" sc="9" el="37" ec="10" bec="0" bev="0" fileid="8" />
            </Method>
            <Method visited="false" cyclomaticComplexity="1" sequenceCoverage="0" branchCoverage="0" isConstructor="false" isStatic="false" isGetter="false" isSetter="false">
              <Summary numSequencePoints="2" visitedSequencePoints="0" numBranchPoints="1" visitedBranchPoints="0" sequenceCoverage="0" branchCoverage="0" maxCyclomaticComplexity="1" minCyclomaticComplexity="1" />
              <MetadataToken>100663322</MetadataToken>
              <Name>System.Boolean Poker.PokerHandsChecker::IsStraight(Poker.IHand)</Name>
              <FileRef uid="8" />
              <SequencePoints>
                <SequencePoint vc="0" uspid="128" ordinal="0" offset="0" sl="42" sc="9" el="42" ec="10" bec="0" bev="0" fileid="8" />
                <SequencePoint vc="0" uspid="129" ordinal="1" offset="1" sl="43" sc="13" el="43" ec="49" bec="0" bev="0" fileid="8" />
              </SequencePoints>
              <BranchPoints />
              <MethodPoint xsi:type="SequencePoint" vc="0" uspid="128" ordinal="0" offset="0" sl="42" sc="9" el="42" ec="10" bec="0" bev="0" fileid="8" />
            </Method>
            <Method visited="false" cyclomaticComplexity="1" sequenceCoverage="0" branchCoverage="0" isConstructor="false" isStatic="false" isGetter="false" isSetter="false">
              <Summary numSequencePoints="2" visitedSequencePoints="0" numBranchPoints="1" visitedBranchPoints="0" sequenceCoverage="0" branchCoverage="0" maxCyclomaticComplexity="1" minCyclomaticComplexity="1" />
              <MetadataToken>100663323</MetadataToken>
              <Name>System.Boolean Poker.PokerHandsChecker::IsThreeOfAKind(Poker.IHand)</Name>
              <FileRef uid="8" />
              <SequencePoints>
                <SequencePoint vc="0" uspid="130" ordinal="0" offset="0" sl="47" sc="9" el="47" ec="10" bec="0" bev="0" fileid="8" />
                <SequencePoint vc="0" uspid="131" ordinal="1" offset="1" sl="48" sc="13" el="48" ec="49" bec="0" bev="0" fileid="8" />
              </SequencePoints>
              <BranchPoints />
              <MethodPoint xsi:type="SequencePoint" vc="0" uspid="130" ordinal="0" offset="0" sl="47" sc="9" el="47" ec="10" bec="0" bev="0" fileid="8" />
            </Method>
            <Method visited="false" cyclomaticComplexity="1" sequenceCoverage="0" branchCoverage="0" isConstructor="false" isStatic="false" isGetter="false" isSetter="false">
              <Summary numSequencePoints="2" visitedSequencePoints="0" numBranchPoints="1" visitedBranchPoints="0" sequenceCoverage="0" branchCoverage="0" maxCyclomaticComplexity="1" minCyclomaticComplexity="1" />
              <MetadataToken>100663324</MetadataToken>
              <Name>System.Boolean Poker.PokerHandsChecker::IsTwoPair(Poker.IHand)</Name>
              <FileRef uid="8" />
              <SequencePoints>
                <SequencePoint vc="0" uspid="132" ordinal="0" offset="0" sl="52" sc="9" el="52" ec="10" bec="0" bev="0" fileid="8" />
                <SequencePoint vc="0" uspid="133" ordinal="1" offset="1" sl="53" sc="13" el="53" ec="49" bec="0" bev="0" fileid="8" />
              </SequencePoints>
              <BranchPoints />
              <MethodPoint xsi:type="SequencePoint" vc="0" uspid="132" ordinal="0" offset="0" sl="52" sc="9" el="52" ec="10" bec="0" bev="0" fileid="8" />
            </Method>
            <Method visited="false" cyclomaticComplexity="1" sequenceCoverage="0" branchCoverage="0" isConstructor="false" isStatic="false" isGetter="false" isSetter="false">
              <Summary numSequencePoints="2" visitedSequencePoints="0" numBranchPoints="1" visitedBranchPoints="0" sequenceCoverage="0" branchCoverage="0" maxCyclomaticComplexity="1" minCyclomaticComplexity="1" />
              <MetadataToken>100663325</MetadataToken>
              <Name>System.Boolean Poker.PokerHandsChecker::IsOnePair(Poker.IHand)</Name>
              <FileRef uid="8" />
              <SequencePoints>
                <SequencePoint vc="0" uspid="134" ordinal="0" offset="0" sl="57" sc="9" el="57" ec="10" bec="0" bev="0" fileid="8" />
                <SequencePoint vc="0" uspid="135" ordinal="1" offset="1" sl="58" sc="13" el="58" ec="49" bec="0" bev="0" fileid="8" />
              </SequencePoints>
              <BranchPoints />
              <MethodPoint xsi:type="SequencePoint" vc="0" uspid="134" ordinal="0" offset="0" sl="57" sc="9" el="57" ec="10" bec="0" bev="0" fileid="8" />
            </Method>
            <Method visited="false" cyclomaticComplexity="1" sequenceCoverage="0" branchCoverage="0" isConstructor="false" isStatic="false" isGetter="false" isSetter="false">
              <Summary numSequencePoints="2" visitedSequencePoints="0" numBranchPoints="1" visitedBranchPoints="0" sequenceCoverage="0" branchCoverage="0" maxCyclomaticComplexity="1" minCyclomaticComplexity="1" />
              <MetadataToken>100663326</MetadataToken>
              <Name>System.Boolean Poker.PokerHandsChecker::IsHighCard(Poker.IHand)</Name>
              <FileRef uid="8" />
              <SequencePoints>
                <SequencePoint vc="0" uspid="136" ordinal="0" offset="0" sl="62" sc="9" el="62" ec="10" bec="0" bev="0" fileid="8" />
                <SequencePoint vc="0" uspid="137" ordinal="1" offset="1" sl="63" sc="13" el="63" ec="49" bec="0" bev="0" fileid="8" />
              </SequencePoints>
              <BranchPoints />
              <MethodPoint xsi:type="SequencePoint" vc="0" uspid="136" ordinal="0" offset="0" sl="62" sc="9" el="62" ec="10" bec="0" bev="0" fileid="8" />
            </Method>
            <Method visited="false" cyclomaticComplexity="1" sequenceCoverage="0" branchCoverage="0" isConstructor="false" isStatic="false" isGetter="false" isSetter="false">
              <Summary numSequencePoints="2" visitedSequencePoints="0" numBranchPoints="1" visitedBranchPoints="0" sequenceCoverage="0" branchCoverage="0" maxCyclomaticComplexity="1" minCyclomaticComplexity="1" />
              <MetadataToken>100663327</MetadataToken>
              <Name>System.Int32 Poker.PokerHandsChecker::CompareHands(Poker.IHand,Poker.IHand)</Name>
              <FileRef uid="8" />
              <SequencePoints>
                <SequencePoint vc="0" uspid="138" ordinal="0" offset="0" sl="67" sc="9" el="67" ec="10" bec="0" bev="0" fileid="8" />
                <SequencePoint vc="0" uspid="139" ordinal="1" offset="1" sl="68" sc="13" el="68" ec="49" bec="0" bev="0" fileid="8" />
              </SequencePoints>
              <BranchPoints />
              <MethodPoint xsi:type="SequencePoint" vc="0" uspid="138" ordinal="0" offset="0" sl="67" sc="9" el="67" ec="10" bec="0" bev="0" fileid="8" />
            </Method>
            <Method visited="true" cyclomaticComplexity="1" sequenceCoverage="0" branchCoverage="0" isConstructor="true" isStatic="false" isGetter="false" isSetter="false">
              <Summary numSequencePoints="0" visitedSequencePoints="0" numBranchPoints="0" visitedBranchPoints="0" sequenceCoverage="0" branchCoverage="0" maxCyclomaticComplexity="1" minCyclomaticComplexity="1" />
              <MetadataToken>100663328</MetadataToken>
              <Name>System.Void Poker.PokerHandsChecker::.ctor()</Name>
              <SequencePoints />
              <BranchPoints />
              <MethodPoint vc="4" uspid="140" ordinal="0" offset="0" />
            </Method>
          </Methods>
        </Class>
        <Class>
          <Summary numSequencePoints="18" visitedSequencePoints="18" numBranchPoints="6" visitedBranchPoints="6" sequenceCoverage="100" branchCoverage="100" maxCyclomaticComplexity="3" minCyclomaticComplexity="1" />
          <FullName>Poker.Hand</FullName>
          <Methods>
            <Method visited="true" cyclomaticComplexity="1" sequenceCoverage="0" branchCoverage="0" isConstructor="false" isStatic="false" isGetter="true" isSetter="false">
              <Summary numSequencePoints="0" visitedSequencePoints="0" numBranchPoints="0" visitedBranchPoints="0" sequenceCoverage="0" branchCoverage="0" maxCyclomaticComplexity="1" minCyclomaticComplexity="1" />
              <MetadataToken>100663331</MetadataToken>
              <Name>System.Collections.Generic.IList`1&lt;Poker.ICard&gt; Poker.Hand::get_Cards()</Name>
              <SequencePoints />
              <BranchPoints />
              <MethodPoint vc="23" uspid="141" ordinal="0" offset="0" />
            </Method>
            <Method visited="true" cyclomaticComplexity="1" sequenceCoverage="0" branchCoverage="0" isConstructor="false" isStatic="false" isGetter="false" isSetter="true">
              <Summary numSequencePoints="0" visitedSequencePoints="0" numBranchPoints="0" visitedBranchPoints="0" sequenceCoverage="0" branchCoverage="0" maxCyclomaticComplexity="1" minCyclomaticComplexity="1" />
              <MetadataToken>100663332</MetadataToken>
              <Name>System.Void Poker.Hand::set_Cards(System.Collections.Generic.IList`1&lt;Poker.ICard&gt;)</Name>
              <SequencePoints />
              <BranchPoints />
              <MethodPoint vc="5" uspid="142" ordinal="0" offset="0" />
            </Method>
            <Method visited="true" cyclomaticComplexity="1" sequenceCoverage="100" branchCoverage="100" isConstructor="true" isStatic="false" isGetter="false" isSetter="false">
              <Summary numSequencePoints="4" visitedSequencePoints="4" numBranchPoints="1" visitedBranchPoints="1" sequenceCoverage="100" branchCoverage="100" maxCyclomaticComplexity="1" minCyclomaticComplexity="1" />
              <MetadataToken>100663333</MetadataToken>
              <Name>System.Void Poker.Hand::.ctor(System.Collections.Generic.IList`1&lt;Poker.ICard&gt;)</Name>
              <FileRef uid="9" />
              <SequencePoints>
                <SequencePoint vc="5" uspid="143" ordinal="0" offset="0" sl="10" sc="9" el="10" ec="40" bec="0" bev="0" fileid="9" />
                <SequencePoint vc="5" uspid="144" ordinal="1" offset="7" sl="11" sc="9" el="11" ec="10" bec="0" bev="0" fileid="9" />
                <SequencePoint vc="5" uspid="145" ordinal="2" offset="8" sl="12" sc="13" el="12" ec="32" bec="0" bev="0" fileid="9" />
                <SequencePoint vc="5" uspid="146" ordinal="3" offset="16" sl="13" sc="9" el="13" ec="10" bec="0" bev="0" fileid="9" />
              </SequencePoints>
              <BranchPoints />
              <MethodPoint xsi:type="SequencePoint" vc="5" uspid="143" ordinal="0" offset="0" sl="10" sc="9" el="10" ec="40" bec="0" bev="0" fileid="9" />
            </Method>
            <Method visited="true" cyclomaticComplexity="3" sequenceCoverage="100" branchCoverage="100" isConstructor="false" isStatic="false" isGetter="false" isSetter="false">
              <Summary numSequencePoints="14" visitedSequencePoints="14" numBranchPoints="5" visitedBranchPoints="5" sequenceCoverage="100" branchCoverage="100" maxCyclomaticComplexity="3" minCyclomaticComplexity="3" />
              <MetadataToken>100663334</MetadataToken>
              <Name>System.String Poker.Hand::ToString()</Name>
              <FileRef uid="9" />
              <SequencePoints>
                <SequencePoint vc="1" uspid="147" ordinal="0" offset="0" sl="16" sc="9" el="16" ec="10" bec="0" bev="0" fileid="9" />
                <SequencePoint vc="1" uspid="148" ordinal="1" offset="1" sl="17" sc="10" el="17" ec="29" bec="0" bev="0" fileid="9" />
                <SequencePoint vc="1" uspid="149" ordinal="2" offset="7" sl="18" sc="15" el="18" ec="25" bec="0" bev="0" fileid="9" />
                <SequencePoint vc="5" uspid="150" ordinal="3" offset="11" sl="18" sc="53" el="18" ec="54" bec="0" bev="0" fileid="9" />
                <SequencePoint vc="5" uspid="151" ordinal="4" offset="12" sl="19" sc="11" el="19" ec="46" bec="0" bev="0" fileid="9" />
                <SequencePoint vc="5" uspid="152" ordinal="5" offset="36" sl="20" sc="11" el="20" ec="41" bec="2" bev="2" fileid="9" />
                <SequencePoint vc="4" uspid="153" ordinal="6" offset="56" sl="21" sc="11" el="21" ec="12" bec="0" bev="0" fileid="9" />
                <SequencePoint vc="4" uspid="154" ordinal="7" offset="57" sl="22" sc="12" el="22" ec="27" bec="0" bev="0" fileid="9" />
                <SequencePoint vc="4" uspid="155" ordinal="8" offset="69" sl="23" sc="11" el="23" ec="12" bec="0" bev="0" fileid="9" />
                <SequencePoint vc="5" uspid="156" ordinal="9" offset="70" sl="24" sc="10" el="24" ec="11" bec="0" bev="0" fileid="9" />
                <SequencePoint vc="5" uspid="157" ordinal="10" offset="71" sl="18" sc="48" el="18" ec="51" bec="0" bev="0" fileid="9" />
                <SequencePoint vc="6" uspid="158" ordinal="11" offset="75" sl="18" sc="26" el="18" ec="46" bec="2" bev="2" fileid="9" />
                <SequencePoint vc="1" uspid="159" ordinal="12" offset="93" sl="25" sc="10" el="25" ec="24" bec="0" bev="0" fileid="9" />
                <SequencePoint vc="1" uspid="160" ordinal="13" offset="97" sl="26" sc="9" el="26" ec="10" bec="0" bev="0" fileid="9" />
              </SequencePoints>
              <BranchPoints>
                <BranchPoint vc="4" uspid="161" ordinal="0" offset="54" path="0" offsetchain="" offsetend="56" />
                <BranchPoint vc="1" uspid="162" ordinal="1" offset="54" path="1" offsetchain="" offsetend="70" />
                <BranchPoint vc="1" uspid="163" ordinal="2" offset="91" path="0" offsetchain="" offsetend="93" />
                <BranchPoint vc="5" uspid="164" ordinal="3" offset="91" path="1" offsetchain="" offsetend="11" />
              </BranchPoints>
              <MethodPoint xsi:type="SequencePoint" vc="1" uspid="147" ordinal="0" offset="0" sl="16" sc="9" el="16" ec="10" bec="0" bev="0" fileid="9" />
            </Method>
          </Methods>
        </Class>
        <Class>
          <Summary numSequencePoints="10" visitedSequencePoints="0" numBranchPoints="1" visitedBranchPoints="0" sequenceCoverage="0" branchCoverage="0" maxCyclomaticComplexity="1" minCyclomaticComplexity="1" />
          <FullName>Poker.PokerExample</FullName>
          <Methods>
            <Method visited="false" cyclomaticComplexity="1" sequenceCoverage="0" branchCoverage="0" isConstructor="false" isStatic="true" isGetter="false" isSetter="false">
              <Summary numSequencePoints="10" visitedSequencePoints="0" numBranchPoints="1" visitedBranchPoints="0" sequenceCoverage="0" branchCoverage="0" maxCyclomaticComplexity="1" minCyclomaticComplexity="1" />
              <MetadataToken>100663335</MetadataToken>
              <Name>System.Void Poker.PokerExample::Main()</Name>
              <FileRef uid="10" />
              <SequencePoints>
                <SequencePoint vc="0" uspid="165" ordinal="0" offset="0" sl="9" sc="9" el="9" ec="10" bec="0" bev="0" fileid="10" />
                <SequencePoint vc="0" uspid="166" ordinal="1" offset="1" sl="10" sc="13" el="10" ec="65" bec="0" bev="0" fileid="10" />
                <SequencePoint vc="0" uspid="167" ordinal="2" offset="10" sl="11" sc="13" el="11" ec="37" bec="0" bev="0" fileid="10" />
                <SequencePoint vc="0" uspid="168" ordinal="3" offset="17" sl="13" sc="13" el="19" ec="16" bec="0" bev="0" fileid="10" />
                <SequencePoint vc="0" uspid="169" ordinal="4" offset="104" sl="20" sc="13" el="20" ec="37" bec="0" bev="0" fileid="10" />
                <SequencePoint vc="0" uspid="170" ordinal="5" offset="111" sl="22" sc="13" el="22" ec="66" bec="0" bev="0" fileid="10" />
                <SequencePoint vc="0" uspid="171" ordinal="6" offset="117" sl="23" sc="13" el="23" ec="58" bec="0" bev="0" fileid="10" />
                <SequencePoint vc="0" uspid="172" ordinal="7" offset="130" sl="24" sc="13" el="24" ec="56" bec="0" bev="0" fileid="10" />
                <SequencePoint vc="0" uspid="173" ordinal="8" offset="143" sl="25" sc="13" el="25" ec="56" bec="0" bev="0" fileid="10" />
                <SequencePoint vc="0" uspid="174" ordinal="9" offset="156" sl="26" sc="9" el="26" ec="10" bec="0" bev="0" fileid="10" />
              </SequencePoints>
              <BranchPoints />
              <MethodPoint xsi:type="SequencePoint" vc="0" uspid="165" ordinal="0" offset="0" sl="9" sc="9" el="9" ec="10" bec="0" bev="0" fileid="10" />
            </Method>
            <Method visited="false" cyclomaticComplexity="1" sequenceCoverage="0" branchCoverage="0" isConstructor="true" isStatic="false" isGetter="false" isSetter="false">
              <Summary numSequencePoints="0" visitedSequencePoints="0" numBranchPoints="0" visitedBranchPoints="0" sequenceCoverage="0" branchCoverage="0" maxCyclomaticComplexity="1" minCyclomaticComplexity="1" />
              <MetadataToken>100663336</MetadataToken>
              <Name>System.Void Poker.PokerExample::.ctor()</Name>
              <SequencePoints />
              <BranchPoints />
              <MethodPoint vc="0" uspid="175" ordinal="0" offset="0" />
            </Method>
          </Methods>
        </Class>
      </Classes>
    </Module>
  </Modules>
</CoverageSession>