<?xml version="1.0" encoding="utf-8"?>
<CoverageSession xmlns:xsd="http://www.w3.org/2001/XMLSchema" xmlns:xsi="http://www.w3.org/2001/XMLSchema-instance">
  <Summary numSequencePoints="118" visitedSequencePoints="118" numBranchPoints="48" visitedBranchPoints="44" sequenceCoverage="100" branchCoverage="91.67" maxCyclomaticComplexity="3" minCyclomaticComplexity="1" />
  <Modules>
    <Module skippedDueTo="Filter" hash="8D-09-99-2C-CA-7C-FB-60-18-FC-0D-7D-34-97-25-D6-FE-64-AB-B6">
      <FullName>C:\Windows\Microsoft.Net\assembly\GAC_32\mscorlib\v4.0_4.0.0.0__b77a5c561934e089\mscorlib.dll</FullName>
      <ModuleName>mscorlib</ModuleName>
      <Classes />
    </Module>
    <Module skippedDueTo="MissingPdb" hash="37-80-BE-DC-A8-79-2C-78-4A-75-9F-D4-19-B1-3A-5A-48-3E-CA-03">
      <FullName>C:\A\Tools\SharpDevelop_5.1.0.5216_Xcopyable\bin\Tools\NUnit\nunit-console-x86.exe</FullName>
      <ModuleName>nunit-console</ModuleName>
      <Classes />
    </Module>
    <Module skippedDueTo="MissingPdb" hash="33-E1-CA-24-52-5A-B7-C7-C4-AF-91-2C-A9-4A-C0-37-67-0D-5B-FE">
      <FullName>C:\A\Tools\SharpDevelop_5.1.0.5216_Xcopyable\bin\Tools\NUnit\lib\nunit.core.dll</FullName>
      <ModuleName>nunit.core</ModuleName>
      <Classes />
    </Module>
    <Module skippedDueTo="MissingPdb" hash="2A-C4-E5-DE-F3-EE-AD-84-E1-65-84-CC-15-90-76-96-E7-01-44-4E">
      <FullName>C:\A\Tools\SharpDevelop_5.1.0.5216_Xcopyable\bin\Tools\NUnit\lib\nunit-console-runner.dll</FullName>
      <ModuleName>nunit-console-runner</ModuleName>
      <Classes />
    </Module>
    <Module skippedDueTo="MissingPdb" hash="74-74-F6-87-59-E1-5F-4F-5F-5E-6E-82-50-E8-E2-46-D4-86-15-76">
      <FullName>C:\A\Tools\SharpDevelop_5.1.0.5216_Xcopyable\bin\Tools\NUnit\lib\nunit.util.dll</FullName>
      <ModuleName>nunit.util</ModuleName>
      <Classes />
    </Module>
    <Module skippedDueTo="MissingPdb" hash="D3-A4-4D-85-55-F7-CE-EF-A5-90-AA-EF-58-E0-9F-B6-CC-27-99-53">
      <FullName>C:\A\Tools\SharpDevelop_5.1.0.5216_Xcopyable\bin\Tools\NUnit\lib\nunit.core.interfaces.dll</FullName>
      <ModuleName>nunit.core.interfaces</ModuleName>
      <Classes />
    </Module>
    <Module skippedDueTo="Filter" hash="9C-DB-95-DC-25-D5-38-7E-C2-3A-20-8F-14-5D-A9-56-2A-D7-00-E3">
      <FullName>C:\Windows\Microsoft.Net\assembly\GAC_MSIL\System.Configuration\v4.0_4.0.0.0__b03f5f7f11d50a3a\System.Configuration.dll</FullName>
      <ModuleName>System.Configuration</ModuleName>
      <Classes />
    </Module>
    <Module skippedDueTo="Filter" hash="10-12-A2-C6-A0-B8-51-63-D1-3A-89-CF-6B-26-F7-7D-C2-69-68-B0">
      <FullName>C:\Windows\Microsoft.Net\assembly\GAC_MSIL\System\v4.0_4.0.0.0__b77a5c561934e089\System.dll</FullName>
      <ModuleName>System</ModuleName>
      <Classes />
    </Module>
    <Module skippedDueTo="Filter" hash="CF-7C-5A-57-75-87-21-E0-D5-D9-A4-B6-6E-2E-33-17-9D-6C-8A-C2">
      <FullName>C:\Windows\Microsoft.Net\assembly\GAC_MSIL\System.Xml\v4.0_4.0.0.0__b77a5c561934e089\System.Xml.dll</FullName>
      <ModuleName>System.Xml</ModuleName>
      <Classes />
    </Module>
    <Module skippedDueTo="Filter" hash="0F-6F-F3-F5-1C-3A-A7-26-E2-D9-16-C9-A4-9C-AD-C3-B6-CA-24-A2">
      <FullName>C:\Windows\Microsoft.Net\assembly\GAC_MSIL\System.Runtime.Remoting\v4.0_4.0.0.0__b77a5c561934e089\System.Runtime.Remoting.dll</FullName>
      <ModuleName>System.Runtime.Remoting</ModuleName>
      <Classes />
    </Module>
    <Module skippedDueTo="Filter" hash="31-76-6A-81-5B-45-2B-B2-02-8C-E4-69-D2-C3-8F-87-B1-54-25-E8">
      <FullName>C:\Windows\Microsoft.Net\assembly\GAC_MSIL\System.Core\v4.0_4.0.0.0__b77a5c561934e089\System.Core.dll</FullName>
      <ModuleName>System.Core</ModuleName>
      <Classes />
    </Module>
    <Module hash="A3-1B-36-28-B9-A2-15-31-84-31-62-E0-0F-0E-8D-6E-8D-7A-DE-04">
      <Summary numSequencePoints="73" visitedSequencePoints="73" numBranchPoints="31" visitedBranchPoints="27" sequenceCoverage="100" branchCoverage="87.10" maxCyclomaticComplexity="2" minCyclomaticComplexity="1" />
      <FullName>E:\Temp\nunit20\ShadowCopyCache\6720_636047800038010965\Tests_4673165\assembly\dl3\1a4cbba5\a2ecd964_eae3d101\School.Tests.dll</FullName>
      <ModuleName>School.Tests</ModuleName>
      <Files>
        <File uid="1" fullPath="c:\A\Tools\TA\TA Tasks\Unit-Testing\01. Unit Testing\School.Tests\CourseTests.cs" />
        <File uid="3" fullPath="c:\A\Tools\TA\TA Tasks\Unit-Testing\01. Unit Testing\School.Tests\StudentTests.cs" />
      </Files>
      <Classes>
        <Class>
          <Summary numSequencePoints="0" visitedSequencePoints="0" numBranchPoints="0" visitedBranchPoints="0" sequenceCoverage="0" branchCoverage="0" maxCyclomaticComplexity="0" minCyclomaticComplexity="0" />
          <FullName>&lt;Module&gt;</FullName>
          <Methods />
        </Class>
        <Class>
          <Summary numSequencePoints="43" visitedSequencePoints="43" numBranchPoints="12" visitedBranchPoints="12" sequenceCoverage="100" branchCoverage="100" maxCyclomaticComplexity="2" minCyclomaticComplexity="1" />
          <FullName>School.Tests.CourseTests</FullName>
          <Methods>
            <Method visited="true" cyclomaticComplexity="2" sequenceCoverage="100" branchCoverage="100" isConstructor="false" isStatic="false" isGetter="false" isSetter="false">
              <Summary numSequencePoints="10" visitedSequencePoints="10" numBranchPoints="3" visitedBranchPoints="3" sequenceCoverage="100" branchCoverage="100" maxCyclomaticComplexity="2" minCyclomaticComplexity="2" />
              <MetadataToken>100663297</MetadataToken>
              <Name>System.Void School.Tests.CourseTests::ToCouresCanNotBeJoinedMoreThan30Students()</Name>
              <FileRef uid="1" />
              <SequencePoints>
                <SequencePoint vc="1" uspid="1" ordinal="0" offset="6" sl="12" sc="3" el="12" ec="4" bec="0" bev="0" fileid="1" />
                <SequencePoint vc="1" uspid="2" ordinal="1" offset="7" sl="13" sc="4" el="13" ec="30" bec="0" bev="0" fileid="1" />
                <SequencePoint vc="1" uspid="3" ordinal="2" offset="18" sl="14" sc="9" el="14" ec="19" bec="0" bev="0" fileid="1" />
                <SequencePoint vc="30" uspid="4" ordinal="3" offset="22" sl="15" sc="4" el="15" ec="5" bec="0" bev="0" fileid="1" />
                <SequencePoint vc="30" uspid="5" ordinal="4" offset="23" sl="16" sc="5" el="16" ec="51" bec="0" bev="0" fileid="1" />
                <SequencePoint vc="30" uspid="6" ordinal="5" offset="52" sl="17" sc="4" el="17" ec="5" bec="0" bev="0" fileid="1" />
                <SequencePoint vc="30" uspid="7" ordinal="6" offset="53" sl="14" sc="28" el="14" ec="31" bec="0" bev="0" fileid="1" />
                <SequencePoint vc="31" uspid="8" ordinal="7" offset="57" sl="14" sc="20" el="14" ec="26" bec="2" bev="2" fileid="1" />
                <SequencePoint vc="1" uspid="9" ordinal="8" offset="66" sl="18" sc="4" el="18" ec="118" bec="0" bev="0" fileid="1" />
                <SequencePoint vc="1" uspid="10" ordinal="9" offset="94" sl="19" sc="3" el="19" ec="4" bec="0" bev="0" fileid="1" />
              </SequencePoints>
              <BranchPoints>
                <BranchPoint vc="1" uspid="12" ordinal="0" offset="64" path="0" offsetchain="" offsetend="66" />
                <BranchPoint vc="30" uspid="13" ordinal="1" offset="64" path="1" offsetchain="" offsetend="22" />
              </BranchPoints>
              <MethodPoint vc="1" uspid="11" ordinal="0" offset="0" />
            </Method>
            <Method visited="true" cyclomaticComplexity="2" sequenceCoverage="100" branchCoverage="100" isConstructor="false" isStatic="false" isGetter="false" isSetter="false">
              <Summary numSequencePoints="10" visitedSequencePoints="10" numBranchPoints="3" visitedBranchPoints="3" sequenceCoverage="100" branchCoverage="100" maxCyclomaticComplexity="2" minCyclomaticComplexity="2" />
              <MetadataToken>100663298</MetadataToken>
              <Name>System.Void School.Tests.CourseTests::StudentsListReturnRealJoinedStudentsNumber()</Name>
              <FileRef uid="1" />
              <SequencePoints>
                <SequencePoint vc="1" uspid="14" ordinal="0" offset="0" sl="23" sc="3" el="23" ec="4" bec="0" bev="0" fileid="1" />
                <SequencePoint vc="1" uspid="15" ordinal="1" offset="1" sl="24" sc="4" el="24" ec="30" bec="0" bev="0" fileid="1" />
                <SequencePoint vc="1" uspid="16" ordinal="2" offset="7" sl="25" sc="9" el="25" ec="19" bec="0" bev="0" fileid="1" />
                <SequencePoint vc="20" uspid="17" ordinal="3" offset="11" sl="26" sc="4" el="26" ec="5" bec="0" bev="0" fileid="1" />
                <SequencePoint vc="20" uspid="18" ordinal="4" offset="12" sl="27" sc="5" el="27" ec="51" bec="0" bev="0" fileid="1" />
                <SequencePoint vc="20" uspid="19" ordinal="5" offset="36" sl="28" sc="4" el="28" ec="5" bec="0" bev="0" fileid="1" />
                <SequencePoint vc="20" uspid="20" ordinal="6" offset="37" sl="25" sc="28" el="25" ec="31" bec="0" bev="0" fileid="1" />
                <SequencePoint vc="21" uspid="21" ordinal="7" offset="41" sl="25" sc="20" el="25" ec="26" bec="2" bev="2" fileid="1" />
                <SequencePoint vc="1" uspid="22" ordinal="8" offset="50" sl="29" sc="4" el="29" ec="55" bec="0" bev="0" fileid="1" />
                <SequencePoint vc="1" uspid="23" ordinal="9" offset="79" sl="30" sc="3" el="30" ec="4" bec="0" bev="0" fileid="1" />
              </SequencePoints>
              <BranchPoints>
                <BranchPoint vc="1" uspid="24" ordinal="0" offset="48" path="0" offsetchain="" offsetend="50" />
                <BranchPoint vc="20" uspid="25" ordinal="1" offset="48" path="1" offsetchain="" offsetend="11" />
              </BranchPoints>
              <MethodPoint xsi:type="SequencePoint" vc="1" uspid="14" ordinal="0" offset="0" sl="23" sc="3" el="23" ec="4" bec="0" bev="0" fileid="1" />
            </Method>
            <Method visited="true" cyclomaticComplexity="2" sequenceCoverage="100" branchCoverage="100" isConstructor="false" isStatic="false" isGetter="false" isSetter="false">
              <Summary numSequencePoints="11" visitedSequencePoints="11" numBranchPoints="3" visitedBranchPoints="3" sequenceCoverage="100" branchCoverage="100" maxCyclomaticComplexity="2" minCyclomaticComplexity="2" />
              <MetadataToken>100663299</MetadataToken>
              <Name>System.Void School.Tests.CourseTests::ReturnedStudentsListIsCorrect()</Name>
              <FileRef uid="1" />
              <SequencePoints>
                <SequencePoint vc="1" uspid="26" ordinal="0" offset="0" sl="34" sc="3" el="34" ec="4" bec="0" bev="0" fileid="1" />
                <SequencePoint vc="1" uspid="27" ordinal="1" offset="1" sl="35" sc="4" el="35" ec="30" bec="0" bev="0" fileid="1" />
                <SequencePoint vc="1" uspid="28" ordinal="2" offset="7" sl="36" sc="9" el="36" ec="19" bec="0" bev="0" fileid="1" />
                <SequencePoint vc="10" uspid="29" ordinal="3" offset="11" sl="37" sc="4" el="37" ec="5" bec="0" bev="0" fileid="1" />
                <SequencePoint vc="10" uspid="30" ordinal="4" offset="12" sl="38" sc="5" el="38" ec="51" bec="0" bev="0" fileid="1" />
                <SequencePoint vc="10" uspid="31" ordinal="5" offset="36" sl="39" sc="4" el="39" ec="5" bec="0" bev="0" fileid="1" />
                <SequencePoint vc="10" uspid="32" ordinal="6" offset="37" sl="36" sc="28" el="36" ec="31" bec="0" bev="0" fileid="1" />
                <SequencePoint vc="11" uspid="33" ordinal="7" offset="41" sl="36" sc="20" el="36" ec="26" bec="2" bev="2" fileid="1" />
                <SequencePoint vc="1" uspid="34" ordinal="8" offset="50" sl="41" sc="4" el="41" ec="39" bec="0" bev="0" fileid="1" />
                <SequencePoint vc="1" uspid="35" ordinal="9" offset="57" sl="42" sc="4" el="42" ec="59" bec="0" bev="0" fileid="1" />
                <SequencePoint vc="1" uspid="36" ordinal="10" offset="75" sl="43" sc="3" el="43" ec="4" bec="0" bev="0" fileid="1" />
              </SequencePoints>
              <BranchPoints>
                <BranchPoint vc="1" uspid="37" ordinal="0" offset="48" path="0" offsetchain="" offsetend="50" />
                <BranchPoint vc="10" uspid="38" ordinal="1" offset="48" path="1" offsetchain="" offsetend="11" />
              </BranchPoints>
              <MethodPoint xsi:type="SequencePoint" vc="1" uspid="26" ordinal="0" offset="0" sl="34" sc="3" el="34" ec="4" bec="0" bev="0" fileid="1" />
            </Method>
            <Method visited="true" cyclomaticComplexity="2" sequenceCoverage="100" branchCoverage="100" isConstructor="false" isStatic="false" isGetter="false" isSetter="false">
              <Summary numSequencePoints="12" visitedSequencePoints="12" numBranchPoints="3" visitedBranchPoints="3" sequenceCoverage="100" branchCoverage="100" maxCyclomaticComplexity="2" minCyclomaticComplexity="2" />
              <MetadataToken>100663300</MetadataToken>
              <Name>System.Void School.Tests.CourseTests::StudentCanLeaveCourse()</Name>
              <FileRef uid="1" />
              <SequencePoints>
                <SequencePoint vc="1" uspid="39" ordinal="0" offset="0" sl="47" sc="3" el="47" ec="4" bec="0" bev="0" fileid="1" />
                <SequencePoint vc="1" uspid="40" ordinal="1" offset="1" sl="48" sc="4" el="48" ec="30" bec="0" bev="0" fileid="1" />
                <SequencePoint vc="1" uspid="41" ordinal="2" offset="7" sl="49" sc="9" el="49" ec="19" bec="0" bev="0" fileid="1" />
                <SequencePoint vc="10" uspid="42" ordinal="3" offset="11" sl="50" sc="4" el="50" ec="5" bec="0" bev="0" fileid="1" />
                <SequencePoint vc="10" uspid="43" ordinal="4" offset="12" sl="51" sc="5" el="51" ec="51" bec="0" bev="0" fileid="1" />
                <SequencePoint vc="10" uspid="44" ordinal="5" offset="36" sl="52" sc="4" el="52" ec="5" bec="0" bev="0" fileid="1" />
                <SequencePoint vc="10" uspid="45" ordinal="6" offset="37" sl="49" sc="28" el="49" ec="31" bec="0" bev="0" fileid="1" />
                <SequencePoint vc="11" uspid="46" ordinal="7" offset="41" sl="49" sc="20" el="49" ec="26" bec="2" bev="2" fileid="1" />
                <SequencePoint vc="1" uspid="47" ordinal="8" offset="50" sl="54" sc="4" el="54" ec="44" bec="0" bev="0" fileid="1" />
                <SequencePoint vc="1" uspid="48" ordinal="9" offset="63" sl="55" sc="4" el="55" ec="40" bec="0" bev="0" fileid="1" />
                <SequencePoint vc="1" uspid="49" ordinal="10" offset="71" sl="56" sc="4" el="56" ec="73" bec="0" bev="0" fileid="1" />
                <SequencePoint vc="1" uspid="50" ordinal="11" offset="100" sl="57" sc="3" el="57" ec="4" bec="0" bev="0" fileid="1" />
              </SequencePoints>
              <BranchPoints>
                <BranchPoint vc="1" uspid="51" ordinal="0" offset="48" path="0" offsetchain="" offsetend="50" />
                <BranchPoint vc="10" uspid="52" ordinal="1" offset="48" path="1" offsetchain="" offsetend="11" />
              </BranchPoints>
              <MethodPoint xsi:type="SequencePoint" vc="1" uspid="39" ordinal="0" offset="0" sl="47" sc="3" el="47" ec="4" bec="0" bev="0" fileid="1" />
            </Method>
            <Method visited="true" cyclomaticComplexity="1" sequenceCoverage="0" branchCoverage="0" isConstructor="true" isStatic="false" isGetter="false" isSetter="false">
              <Summary numSequencePoints="0" visitedSequencePoints="0" numBranchPoints="0" visitedBranchPoints="0" sequenceCoverage="0" branchCoverage="0" maxCyclomaticComplexity="1" minCyclomaticComplexity="1" />
              <MetadataToken>100663301</MetadataToken>
              <Name>System.Void School.Tests.CourseTests::.ctor()</Name>
              <SequencePoints />
              <BranchPoints />
              <MethodPoint vc="1" uspid="53" ordinal="0" offset="0" />
            </Method>
          </Methods>
        </Class>
        <Class>
          <Summary numSequencePoints="2" visitedSequencePoints="2" numBranchPoints="1" visitedBranchPoints="1" sequenceCoverage="100" branchCoverage="100" maxCyclomaticComplexity="1" minCyclomaticComplexity="1" />
          <FullName>School.Tests.CourseTests/&lt;&gt;c__DisplayClass1</FullName>
          <Methods>
            <Method visited="true" cyclomaticComplexity="1" sequenceCoverage="0" branchCoverage="0" isConstructor="true" isStatic="false" isGetter="false" isSetter="false">
              <Summary numSequencePoints="0" visitedSequencePoints="0" numBranchPoints="0" visitedBranchPoints="0" sequenceCoverage="0" branchCoverage="0" maxCyclomaticComplexity="1" minCyclomaticComplexity="1" />
              <MetadataToken>100663313</MetadataToken>
              <Name>System.Void School.Tests.CourseTests/&lt;&gt;c__DisplayClass1::.ctor()</Name>
              <SequencePoints />
              <BranchPoints />
              <MethodPoint vc="1" uspid="54" ordinal="0" offset="0" />
            </Method>
            <Method visited="true" cyclomaticComplexity="1" sequenceCoverage="100" branchCoverage="100" isConstructor="false" isStatic="false" isGetter="false" isSetter="false">
              <Summary numSequencePoints="2" visitedSequencePoints="2" numBranchPoints="1" visitedBranchPoints="1" sequenceCoverage="100" branchCoverage="100" maxCyclomaticComplexity="1" minCyclomaticComplexity="1" />
              <MetadataToken>100663314</MetadataToken>
              <Name>System.Void School.Tests.CourseTests/&lt;&gt;c__DisplayClass1::&lt;ToCouresCanNotBeJoinedMoreThan30Students&gt;b__0()</Name>
              <FileRef uid="1" />
              <SequencePoints>
                <SequencePoint vc="1" uspid="55" ordinal="0" offset="0" sl="18" sc="22" el="18" ec="23" bec="0" bev="0" fileid="1" />
                <SequencePoint vc="1" uspid="56" ordinal="1" offset="1" sl="18" sc="24" el="18" ec="68" bec="0" bev="0" fileid="1" />
              </SequencePoints>
              <BranchPoints />
              <MethodPoint xsi:type="SequencePoint" vc="1" uspid="55" ordinal="0" offset="0" sl="18" sc="22" el="18" ec="23" bec="0" bev="0" fileid="1" />
            </Method>
          </Methods>
        </Class>
        <Class>
          <Summary numSequencePoints="28" visitedSequencePoints="28" numBranchPoints="18" visitedBranchPoints="14" sequenceCoverage="100" branchCoverage="77.78" maxCyclomaticComplexity="2" minCyclomaticComplexity="1" />
          <FullName>School.Tests.StudentTests</FullName>
          <Methods>
            <Method visited="true" cyclomaticComplexity="2" sequenceCoverage="100" branchCoverage="66.67" isConstructor="false" isStatic="false" isGetter="false" isSetter="false">
              <Summary numSequencePoints="3" visitedSequencePoints="3" numBranchPoints="3" visitedBranchPoints="2" sequenceCoverage="100" branchCoverage="66.67" maxCyclomaticComplexity="2" minCyclomaticComplexity="2" />
              <MetadataToken>100663302</MetadataToken>
              <Name>System.Void School.Tests.StudentTests::StudentNameShouldNotBeEmpty()</Name>
              <FileRef uid="3" />
              <SequencePoints>
                <SequencePoint vc="1" uspid="57" ordinal="0" offset="0" sl="13" sc="3" el="13" ec="4" bec="0" bev="0" fileid="3" />
                <SequencePoint vc="1" uspid="58" ordinal="1" offset="1" sl="14" sc="4" el="14" ec="87" bec="2" bev="1" fileid="3" />
                <SequencePoint vc="1" uspid="59" ordinal="2" offset="43" sl="15" sc="3" el="15" ec="4" bec="0" bev="0" fileid="3" />
              </SequencePoints>
              <BranchPoints>
                <BranchPoint vc="1" uspid="60" ordinal="0" offset="6" path="0" offsetchain="" offsetend="8" />
                <BranchPoint vc="0" uspid="61" ordinal="1" offset="6" path="1" offsetchain="" offsetend="27" />
              </BranchPoints>
              <MethodPoint xsi:type="SequencePoint" vc="1" uspid="57" ordinal="0" offset="0" sl="13" sc="3" el="13" ec="4" bec="0" bev="0" fileid="3" />
            </Method>
            <Method visited="true" cyclomaticComplexity="2" sequenceCoverage="100" branchCoverage="66.67" isConstructor="false" isStatic="false" isGetter="false" isSetter="false">
              <Summary numSequencePoints="3" visitedSequencePoints="3" numBranchPoints="3" visitedBranchPoints="2" sequenceCoverage="100" branchCoverage="66.67" maxCyclomaticComplexity="2" minCyclomaticComplexity="2" />
              <MetadataToken>100663303</MetadataToken>
              <Name>System.Void School.Tests.StudentTests::StudentNumberShouldBeGreatherThan9999()</Name>
              <FileRef uid="3" />
              <SequencePoints>
                <SequencePoint vc="1" uspid="62" ordinal="0" offset="0" sl="19" sc="3" el="19" ec="4" bec="0" bev="0" fileid="3" />
                <SequencePoint vc="1" uspid="63" ordinal="1" offset="1" sl="20" sc="4" el="20" ec="88" bec="2" bev="1" fileid="3" />
                <SequencePoint vc="1" uspid="64" ordinal="2" offset="43" sl="21" sc="3" el="21" ec="4" bec="0" bev="0" fileid="3" />
              </SequencePoints>
              <BranchPoints>
                <BranchPoint vc="1" uspid="65" ordinal="0" offset="6" path="0" offsetchain="" offsetend="8" />
                <BranchPoint vc="0" uspid="66" ordinal="1" offset="6" path="1" offsetchain="" offsetend="27" />
              </BranchPoints>
              <MethodPoint xsi:type="SequencePoint" vc="1" uspid="62" ordinal="0" offset="0" sl="19" sc="3" el="19" ec="4" bec="0" bev="0" fileid="3" />
            </Method>
            <Method visited="true" cyclomaticComplexity="2" sequenceCoverage="100" branchCoverage="66.67" isConstructor="false" isStatic="false" isGetter="false" isSetter="false">
              <Summary numSequencePoints="3" visitedSequencePoints="3" numBranchPoints="3" visitedBranchPoints="2" sequenceCoverage="100" branchCoverage="66.67" maxCyclomaticComplexity="2" minCyclomaticComplexity="2" />
              <MetadataToken>100663304</MetadataToken>
              <Name>System.Void School.Tests.StudentTests::StudentNumberShouldBeLessThan100000()</Name>
              <FileRef uid="3" />
              <SequencePoints>
                <SequencePoint vc="1" uspid="67" ordinal="0" offset="0" sl="25" sc="3" el="25" ec="4" bec="0" bev="0" fileid="3" />
                <SequencePoint vc="1" uspid="68" ordinal="1" offset="1" sl="26" sc="4" el="26" ec="93" bec="2" bev="1" fileid="3" />
                <SequencePoint vc="1" uspid="69" ordinal="2" offset="43" sl="27" sc="3" el="27" ec="4" bec="0" bev="0" fileid="3" />
              </SequencePoints>
              <BranchPoints>
                <BranchPoint vc="1" uspid="70" ordinal="0" offset="6" path="0" offsetchain="" offsetend="8" />
                <BranchPoint vc="0" uspid="71" ordinal="1" offset="6" path="1" offsetchain="" offsetend="27" />
              </BranchPoints>
              <MethodPoint xsi:type="SequencePoint" vc="1" uspid="67" ordinal="0" offset="0" sl="25" sc="3" el="25" ec="4" bec="0" bev="0" fileid="3" />
            </Method>
            <Method visited="true" cyclomaticComplexity="2" sequenceCoverage="100" branchCoverage="66.67" isConstructor="false" isStatic="false" isGetter="false" isSetter="false">
              <Summary numSequencePoints="3" visitedSequencePoints="3" numBranchPoints="3" visitedBranchPoints="2" sequenceCoverage="100" branchCoverage="66.67" maxCyclomaticComplexity="2" minCyclomaticComplexity="2" />
              <MetadataToken>100663305</MetadataToken>
              <Name>System.Void School.Tests.StudentTests::CreateStudentByValidData()</Name>
              <FileRef uid="3" />
              <SequencePoints>
                <SequencePoint vc="1" uspid="72" ordinal="0" offset="0" sl="31" sc="3" el="31" ec="4" bec="0" bev="0" fileid="3" />
                <SequencePoint vc="1" uspid="73" ordinal="1" offset="1" sl="32" sc="4" el="32" ec="82" bec="2" bev="1" fileid="3" />
                <SequencePoint vc="1" uspid="74" ordinal="2" offset="43" sl="33" sc="3" el="33" ec="4" bec="0" bev="0" fileid="3" />
              </SequencePoints>
              <BranchPoints>
                <BranchPoint vc="1" uspid="75" ordinal="0" offset="6" path="0" offsetchain="" offsetend="8" />
                <BranchPoint vc="0" uspid="76" ordinal="1" offset="6" path="1" offsetchain="" offsetend="27" />
              </BranchPoints>
              <MethodPoint xsi:type="SequencePoint" vc="1" uspid="72" ordinal="0" offset="0" sl="31" sc="3" el="31" ec="4" bec="0" bev="0" fileid="3" />
            </Method>
            <Method visited="true" cyclomaticComplexity="1" sequenceCoverage="100" branchCoverage="100" isConstructor="false" isStatic="false" isGetter="false" isSetter="false">
              <Summary numSequencePoints="4" visitedSequencePoints="4" numBranchPoints="1" visitedBranchPoints="1" sequenceCoverage="100" branchCoverage="100" maxCyclomaticComplexity="1" minCyclomaticComplexity="1" />
              <MetadataToken>100663306</MetadataToken>
              <Name>System.Void School.Tests.StudentTests::TheNameOfTheStudentEqualsToGivenStudentName()</Name>
              <FileRef uid="3" />
              <SequencePoints>
                <SequencePoint vc="1" uspid="77" ordinal="0" offset="0" sl="37" sc="3" el="37" ec="4" bec="0" bev="0" fileid="3" />
                <SequencePoint vc="1" uspid="78" ordinal="1" offset="1" sl="38" sc="4" el="38" ec="45" bec="0" bev="0" fileid="3" />
                <SequencePoint vc="1" uspid="79" ordinal="2" offset="17" sl="39" sc="4" el="39" ec="50" bec="0" bev="0" fileid="3" />
                <SequencePoint vc="1" uspid="80" ordinal="3" offset="39" sl="40" sc="3" el="40" ec="4" bec="0" bev="0" fileid="3" />
              </SequencePoints>
              <BranchPoints />
              <MethodPoint xsi:type="SequencePoint" vc="1" uspid="77" ordinal="0" offset="0" sl="37" sc="3" el="37" ec="4" bec="0" bev="0" fileid="3" />
            </Method>
            <Method visited="true" cyclomaticComplexity="1" sequenceCoverage="100" branchCoverage="100" isConstructor="false" isStatic="false" isGetter="false" isSetter="false">
              <Summary numSequencePoints="4" visitedSequencePoints="4" numBranchPoints="1" visitedBranchPoints="1" sequenceCoverage="100" branchCoverage="100" maxCyclomaticComplexity="1" minCyclomaticComplexity="1" />
              <MetadataToken>100663307</MetadataToken>
              <Name>System.Void School.Tests.StudentTests::TheNumberOfTheStudentEqualsToGivenStudentNumber()</Name>
              <FileRef uid="3" />
              <SequencePoints>
                <SequencePoint vc="1" uspid="81" ordinal="0" offset="0" sl="44" sc="3" el="44" ec="4" bec="0" bev="0" fileid="3" />
                <SequencePoint vc="1" uspid="82" ordinal="1" offset="1" sl="45" sc="4" el="45" ec="45" bec="0" bev="0" fileid="3" />
                <SequencePoint vc="1" uspid="83" ordinal="2" offset="17" sl="46" sc="4" el="46" ec="51" bec="0" bev="0" fileid="3" />
                <SequencePoint vc="1" uspid="84" ordinal="3" offset="44" sl="47" sc="3" el="47" ec="4" bec="0" bev="0" fileid="3" />
              </SequencePoints>
              <BranchPoints />
              <MethodPoint xsi:type="SequencePoint" vc="1" uspid="81" ordinal="0" offset="0" sl="44" sc="3" el="44" ec="4" bec="0" bev="0" fileid="3" />
            </Method>
            <Method visited="true" cyclomaticComplexity="1" sequenceCoverage="0" branchCoverage="0" isConstructor="true" isStatic="false" isGetter="false" isSetter="false">
              <Summary numSequencePoints="0" visitedSequencePoints="0" numBranchPoints="0" visitedBranchPoints="0" sequenceCoverage="0" branchCoverage="0" maxCyclomaticComplexity="1" minCyclomaticComplexity="1" />
              <MetadataToken>100663308</MetadataToken>
              <Name>System.Void School.Tests.StudentTests::.ctor()</Name>
              <SequencePoints />
              <BranchPoints />
              <MethodPoint vc="1" uspid="85" ordinal="0" offset="0" />
            </Method>
            <Method visited="true" cyclomaticComplexity="1" sequenceCoverage="100" branchCoverage="100" isConstructor="false" isStatic="true" isGetter="false" isSetter="false">
              <Summary numSequencePoints="2" visitedSequencePoints="2" numBranchPoints="1" visitedBranchPoints="1" sequenceCoverage="100" branchCoverage="100" maxCyclomaticComplexity="1" minCyclomaticComplexity="1" />
              <MetadataToken>100663309</MetadataToken>
              <Name>System.Void School.Tests.StudentTests::&lt;StudentNameShouldNotBeEmpty&gt;b__0()</Name>
              <FileRef uid="3" />
              <SequencePoints>
                <SequencePoint vc="1" uspid="86" ordinal="0" offset="0" sl="14" sc="22" el="14" ec="23" bec="0" bev="0" fileid="3" />
                <SequencePoint vc="1" uspid="87" ordinal="1" offset="1" sl="14" sc="24" el="14" ec="57" bec="0" bev="0" fileid="3" />
              </SequencePoints>
              <BranchPoints />
              <MethodPoint xsi:type="SequencePoint" vc="1" uspid="86" ordinal="0" offset="0" sl="14" sc="22" el="14" ec="23" bec="0" bev="0" fileid="3" />
            </Method>
            <Method visited="true" cyclomaticComplexity="1" sequenceCoverage="100" branchCoverage="100" isConstructor="false" isStatic="true" isGetter="false" isSetter="false">
              <Summary numSequencePoints="2" visitedSequencePoints="2" numBranchPoints="1" visitedBranchPoints="1" sequenceCoverage="100" branchCoverage="100" maxCyclomaticComplexity="1" minCyclomaticComplexity="1" />
              <MetadataToken>100663310</MetadataToken>
              <Name>System.Void School.Tests.StudentTests::&lt;StudentNumberShouldBeGreatherThan9999&gt;b__2()</Name>
              <FileRef uid="3" />
              <SequencePoints>
                <SequencePoint vc="1" uspid="88" ordinal="0" offset="0" sl="20" sc="22" el="20" ec="23" bec="0" bev="0" fileid="3" />
                <SequencePoint vc="1" uspid="89" ordinal="1" offset="1" sl="20" sc="24" el="20" ec="58" bec="0" bev="0" fileid="3" />
              </SequencePoints>
              <BranchPoints />
              <MethodPoint xsi:type="SequencePoint" vc="1" uspid="88" ordinal="0" offset="0" sl="20" sc="22" el="20" ec="23" bec="0" bev="0" fileid="3" />
            </Method>
            <Method visited="true" cyclomaticComplexity="1" sequenceCoverage="100" branchCoverage="100" isConstructor="false" isStatic="true" isGetter="false" isSetter="false">
              <Summary numSequencePoints="2" visitedSequencePoints="2" numBranchPoints="1" visitedBranchPoints="1" sequenceCoverage="100" branchCoverage="100" maxCyclomaticComplexity="1" minCyclomaticComplexity="1" />
              <MetadataToken>100663311</MetadataToken>
              <Name>System.Void School.Tests.StudentTests::&lt;StudentNumberShouldBeLessThan100000&gt;b__4()</Name>
              <FileRef uid="3" />
              <SequencePoints>
                <SequencePoint vc="1" uspid="90" ordinal="0" offset="0" sl="26" sc="22" el="26" ec="23" bec="0" bev="0" fileid="3" />
                <SequencePoint vc="1" uspid="91" ordinal="1" offset="1" sl="26" sc="24" el="26" ec="63" bec="0" bev="0" fileid="3" />
              </SequencePoints>
              <BranchPoints />
              <MethodPoint xsi:type="SequencePoint" vc="1" uspid="90" ordinal="0" offset="0" sl="26" sc="22" el="26" ec="23" bec="0" bev="0" fileid="3" />
            </Method>
            <Method visited="true" cyclomaticComplexity="1" sequenceCoverage="100" branchCoverage="100" isConstructor="false" isStatic="true" isGetter="false" isSetter="false">
              <Summary numSequencePoints="2" visitedSequencePoints="2" numBranchPoints="1" visitedBranchPoints="1" sequenceCoverage="100" branchCoverage="100" maxCyclomaticComplexity="1" minCyclomaticComplexity="1" />
              <MetadataToken>100663312</MetadataToken>
              <Name>System.Void School.Tests.StudentTests::&lt;CreateStudentByValidData&gt;b__6()</Name>
              <FileRef uid="3" />
              <SequencePoints>
                <SequencePoint vc="1" uspid="92" ordinal="0" offset="0" sl="32" sc="22" el="32" ec="23" bec="0" bev="0" fileid="3" />
                <SequencePoint vc="1" uspid="93" ordinal="1" offset="1" sl="32" sc="24" el="32" ec="62" bec="0" bev="0" fileid="3" />
              </SequencePoints>
              <BranchPoints />
              <MethodPoint xsi:type="SequencePoint" vc="1" uspid="92" ordinal="0" offset="0" sl="32" sc="22" el="32" ec="23" bec="0" bev="0" fileid="3" />
            </Method>
          </Methods>
        </Class>
      </Classes>
    </Module>
    <Module skippedDueTo="MissingPdb" hash="69-89-67-69-A6-E1-FC-1B-90-A9-E2-01-18-6B-7E-8C-4A-9A-F6-B8">
      <FullName>E:\Temp\nunit20\ShadowCopyCache\6720_636047800038010965\Tests_4673165\assembly\dl3\622f6654\d3333321_4ee3d101\nunit.framework.dll</FullName>
      <ModuleName>nunit.framework</ModuleName>
      <Classes />
    </Module>
    <Module hash="B9-3F-4E-A9-DC-CC-73-F2-43-DD-A5-8E-3B-A2-67-ED-69-CA-1B-8A">
      <Summary numSequencePoints="45" visitedSequencePoints="45" numBranchPoints="17" visitedBranchPoints="17" sequenceCoverage="100" branchCoverage="100" maxCyclomaticComplexity="3" minCyclomaticComplexity="1" />
      <FullName>E:\Temp\nunit20\ShadowCopyCache\6720_636047800038010965\Tests_4673165\assembly\dl3\da9bf6d3\9ce01afd_e9e3d101\School.dll</FullName>
      <ModuleName>School</ModuleName>
      <Files>
        <File uid="7" fullPath="c:\A\Tools\TA\TA Tasks\Unit-Testing\01. Unit Testing\School\Course.cs" />
        <File uid="8" fullPath="c:\A\Tools\TA\TA Tasks\Unit-Testing\01. Unit Testing\School\Student.cs" />
      </Files>
      <Classes>
        <Class>
          <Summary numSequencePoints="0" visitedSequencePoints="0" numBranchPoints="0" visitedBranchPoints="0" sequenceCoverage="0" branchCoverage="0" maxCyclomaticComplexity="0" minCyclomaticComplexity="0" />
          <FullName>&lt;Module&gt;</FullName>
          <Methods />
        </Class>
        <Class>
          <Summary numSequencePoints="18" visitedSequencePoints="18" numBranchPoints="6" visitedBranchPoints="6" sequenceCoverage="100" branchCoverage="100" maxCyclomaticComplexity="2" minCyclomaticComplexity="1" />
          <FullName>StudentsAndCourses.Course</FullName>
          <Methods>
            <Method visited="true" cyclomaticComplexity="1" sequenceCoverage="100" branchCoverage="100" isConstructor="false" isStatic="false" isGetter="true" isSetter="false">
              <Summary numSequencePoints="3" visitedSequencePoints="3" numBranchPoints="1" visitedBranchPoints="1" sequenceCoverage="100" branchCoverage="100" maxCyclomaticComplexity="1" minCyclomaticComplexity="1" />
              <MetadataToken>100663297</MetadataToken>
              <Name>System.Collections.Generic.List`1&lt;StudentsAndCourses.Student&gt; StudentsAndCourses.Course::get_Students()</Name>
              <FileRef uid="7" />
              <SequencePoints>
                <SequencePoint vc="5" uspid="94" ordinal="0" offset="0" sl="14" sc="4" el="14" ec="5" bec="0" bev="0" fileid="7" />
                <SequencePoint vc="5" uspid="95" ordinal="1" offset="1" sl="15" sc="5" el="15" ec="26" bec="0" bev="0" fileid="7" />
                <SequencePoint vc="5" uspid="96" ordinal="2" offset="10" sl="16" sc="4" el="16" ec="5" bec="0" bev="0" fileid="7" />
              </SequencePoints>
              <BranchPoints />
              <MethodPoint xsi:type="SequencePoint" vc="5" uspid="94" ordinal="0" offset="0" sl="14" sc="4" el="14" ec="5" bec="0" bev="0" fileid="7" />
            </Method>
            <Method visited="true" cyclomaticComplexity="1" sequenceCoverage="100" branchCoverage="100" isConstructor="true" isStatic="false" isGetter="false" isSetter="false">
              <Summary numSequencePoints="4" visitedSequencePoints="4" numBranchPoints="1" visitedBranchPoints="1" sequenceCoverage="100" branchCoverage="100" maxCyclomaticComplexity="1" minCyclomaticComplexity="1" />
              <MetadataToken>100663298</MetadataToken>
              <Name>System.Void StudentsAndCourses.Course::.ctor()</Name>
              <FileRef uid="7" />
              <SequencePoints>
                <SequencePoint vc="4" uspid="97" ordinal="0" offset="0" sl="20" sc="3" el="20" ec="18" bec="0" bev="0" fileid="7" />
                <SequencePoint vc="4" uspid="98" ordinal="1" offset="7" sl="21" sc="3" el="21" ec="4" bec="0" bev="0" fileid="7" />
                <SequencePoint vc="4" uspid="99" ordinal="2" offset="8" sl="22" sc="4" el="22" ec="40" bec="0" bev="0" fileid="7" />
                <SequencePoint vc="4" uspid="100" ordinal="3" offset="19" sl="23" sc="3" el="23" ec="4" bec="0" bev="0" fileid="7" />
              </SequencePoints>
              <BranchPoints />
              <MethodPoint xsi:type="SequencePoint" vc="4" uspid="97" ordinal="0" offset="0" sl="20" sc="3" el="20" ec="18" bec="0" bev="0" fileid="7" />
            </Method>
            <Method visited="true" cyclomaticComplexity="2" sequenceCoverage="100" branchCoverage="100" isConstructor="false" isStatic="false" isGetter="false" isSetter="false">
              <Summary numSequencePoints="8" visitedSequencePoints="8" numBranchPoints="3" visitedBranchPoints="3" sequenceCoverage="100" branchCoverage="100" maxCyclomaticComplexity="2" minCyclomaticComplexity="2" />
              <MetadataToken>100663299</MetadataToken>
              <Name>System.Void StudentsAndCourses.Course::JoinStudent(StudentsAndCourses.Student)</Name>
              <FileRef uid="7" />
              <SequencePoints>
                <SequencePoint vc="71" uspid="101" ordinal="0" offset="0" sl="27" sc="3" el="27" ec="4" bec="0" bev="0" fileid="7" />
                <SequencePoint vc="71" uspid="102" ordinal="1" offset="1" sl="28" sc="4" el="28" ec="33" bec="2" bev="2" fileid="7" />
                <SequencePoint vc="70" uspid="103" ordinal="2" offset="23" sl="29" sc="4" el="29" ec="5" bec="0" bev="0" fileid="7" />
                <SequencePoint vc="70" uspid="104" ordinal="3" offset="24" sl="30" sc="5" el="30" ec="32" bec="0" bev="0" fileid="7" />
                <SequencePoint vc="70" uspid="105" ordinal="4" offset="37" sl="31" sc="4" el="31" ec="5" bec="0" bev="0" fileid="7" />
                <SequencePoint vc="1" uspid="106" ordinal="5" offset="40" sl="33" sc="4" el="33" ec="5" bec="0" bev="0" fileid="7" />
                <SequencePoint vc="1" uspid="107" ordinal="6" offset="41" sl="34" sc="5" el="34" ec="101" bec="0" bev="0" fileid="7" />
                <SequencePoint vc="70" uspid="108" ordinal="7" offset="52" sl="36" sc="3" el="36" ec="4" bec="0" bev="0" fileid="7" />
              </SequencePoints>
              <BranchPoints>
                <BranchPoint vc="70" uspid="109" ordinal="0" offset="21" path="0" offsetchain="" offsetend="23" />
                <BranchPoint vc="1" uspid="110" ordinal="1" offset="21" path="1" offsetchain="" offsetend="40" />
              </BranchPoints>
              <MethodPoint xsi:type="SequencePoint" vc="71" uspid="101" ordinal="0" offset="0" sl="27" sc="3" el="27" ec="4" bec="0" bev="0" fileid="7" />
            </Method>
            <Method visited="true" cyclomaticComplexity="1" sequenceCoverage="100" branchCoverage="100" isConstructor="false" isStatic="false" isGetter="false" isSetter="false">
              <Summary numSequencePoints="3" visitedSequencePoints="3" numBranchPoints="1" visitedBranchPoints="1" sequenceCoverage="100" branchCoverage="100" maxCyclomaticComplexity="1" minCyclomaticComplexity="1" />
              <MetadataToken>100663300</MetadataToken>
              <Name>System.Void StudentsAndCourses.Course::LeaveStudent(StudentsAndCourses.Student)</Name>
              <FileRef uid="7" />
              <SequencePoints>
                <SequencePoint vc="1" uspid="111" ordinal="0" offset="0" sl="39" sc="3" el="39" ec="4" bec="0" bev="0" fileid="7" />
                <SequencePoint vc="1" uspid="112" ordinal="1" offset="1" sl="40" sc="4" el="40" ec="34" bec="0" bev="0" fileid="7" />
                <SequencePoint vc="1" uspid="113" ordinal="2" offset="14" sl="41" sc="3" el="41" ec="4" bec="0" bev="0" fileid="7" />
              </SequencePoints>
              <BranchPoints />
              <MethodPoint xsi:type="SequencePoint" vc="1" uspid="111" ordinal="0" offset="0" sl="39" sc="3" el="39" ec="4" bec="0" bev="0" fileid="7" />
            </Method>
          </Methods>
        </Class>
        <Class>
          <Summary numSequencePoints="27" visitedSequencePoints="27" numBranchPoints="11" visitedBranchPoints="11" sequenceCoverage="100" branchCoverage="100" maxCyclomaticComplexity="3" minCyclomaticComplexity="1" />
          <FullName>StudentsAndCourses.Student</FullName>
          <Methods>
            <Method visited="true" cyclomaticComplexity="1" sequenceCoverage="100" branchCoverage="100" isConstructor="false" isStatic="false" isGetter="true" isSetter="false">
              <Summary numSequencePoints="3" visitedSequencePoints="3" numBranchPoints="1" visitedBranchPoints="1" sequenceCoverage="100" branchCoverage="100" maxCyclomaticComplexity="1" minCyclomaticComplexity="1" />
              <MetadataToken>100663301</MetadataToken>
              <Name>System.String StudentsAndCourses.Student::get_Name()</Name>
              <FileRef uid="8" />
              <SequencePoints>
                <SequencePoint vc="1" uspid="114" ordinal="0" offset="0" sl="13" sc="8" el="13" ec="9" bec="0" bev="0" fileid="8" />
                <SequencePoint vc="1" uspid="115" ordinal="1" offset="1" sl="14" sc="5" el="14" ec="22" bec="0" bev="0" fileid="8" />
                <SequencePoint vc="1" uspid="116" ordinal="2" offset="10" sl="15" sc="4" el="15" ec="5" bec="0" bev="0" fileid="8" />
              </SequencePoints>
              <BranchPoints />
              <MethodPoint xsi:type="SequencePoint" vc="1" uspid="114" ordinal="0" offset="0" sl="13" sc="8" el="13" ec="9" bec="0" bev="0" fileid="8" />
            </Method>
            <Method visited="true" cyclomaticComplexity="2" sequenceCoverage="100" branchCoverage="100" isConstructor="false" isStatic="false" isGetter="false" isSetter="true">
              <Summary numSequencePoints="8" visitedSequencePoints="8" numBranchPoints="3" visitedBranchPoints="3" sequenceCoverage="100" branchCoverage="100" maxCyclomaticComplexity="2" minCyclomaticComplexity="2" />
              <MetadataToken>100663302</MetadataToken>
              <Name>System.Void StudentsAndCourses.Student::set_Name(System.String)</Name>
              <FileRef uid="8" />
              <SequencePoints>
                <SequencePoint vc="77" uspid="117" ordinal="0" offset="0" sl="17" sc="4" el="17" ec="5" bec="0" bev="0" fileid="8" />
                <SequencePoint vc="77" uspid="118" ordinal="1" offset="1" sl="18" sc="5" el="18" ec="31" bec="2" bev="2" fileid="8" />
                <SequencePoint vc="76" uspid="119" ordinal="2" offset="19" sl="19" sc="5" el="19" ec="6" bec="0" bev="0" fileid="8" />
                <SequencePoint vc="76" uspid="120" ordinal="3" offset="20" sl="20" sc="6" el="20" ec="24" bec="0" bev="0" fileid="8" />
                <SequencePoint vc="76" uspid="121" ordinal="4" offset="27" sl="21" sc="5" el="21" ec="6" bec="0" bev="0" fileid="8" />
                <SequencePoint vc="1" uspid="122" ordinal="5" offset="30" sl="23" sc="5" el="23" ec="6" bec="0" bev="0" fileid="8" />
                <SequencePoint vc="1" uspid="123" ordinal="6" offset="31" sl="24" sc="6" el="24" ec="64" bec="0" bev="0" fileid="8" />
                <SequencePoint vc="76" uspid="124" ordinal="7" offset="42" sl="26" sc="4" el="26" ec="5" bec="0" bev="0" fileid="8" />
              </SequencePoints>
              <BranchPoints>
                <BranchPoint vc="76" uspid="125" ordinal="0" offset="17" path="0" offsetchain="" offsetend="19" />
                <BranchPoint vc="1" uspid="126" ordinal="1" offset="17" path="1" offsetchain="" offsetend="30" />
              </BranchPoints>
              <MethodPoint xsi:type="SequencePoint" vc="77" uspid="117" ordinal="0" offset="0" sl="17" sc="4" el="17" ec="5" bec="0" bev="0" fileid="8" />
            </Method>
            <Method visited="true" cyclomaticComplexity="1" sequenceCoverage="100" branchCoverage="100" isConstructor="false" isStatic="false" isGetter="true" isSetter="false">
              <Summary numSequencePoints="3" visitedSequencePoints="3" numBranchPoints="1" visitedBranchPoints="1" sequenceCoverage="100" branchCoverage="100" maxCyclomaticComplexity="1" minCyclomaticComplexity="1" />
              <MetadataToken>100663303</MetadataToken>
              <Name>System.Int32 StudentsAndCourses.Student::get_Number()</Name>
              <FileRef uid="8" />
              <SequencePoints>
                <SequencePoint vc="1" uspid="127" ordinal="0" offset="0" sl="32" sc="4" el="32" ec="5" bec="0" bev="0" fileid="8" />
                <SequencePoint vc="1" uspid="128" ordinal="1" offset="1" sl="33" sc="5" el="33" ec="24" bec="0" bev="0" fileid="8" />
                <SequencePoint vc="1" uspid="129" ordinal="2" offset="10" sl="34" sc="4" el="34" ec="5" bec="0" bev="0" fileid="8" />
              </SequencePoints>
              <BranchPoints />
              <MethodPoint xsi:type="SequencePoint" vc="1" uspid="127" ordinal="0" offset="0" sl="32" sc="4" el="32" ec="5" bec="0" bev="0" fileid="8" />
            </Method>
            <Method visited="true" cyclomaticComplexity="3" sequenceCoverage="100" branchCoverage="100" isConstructor="false" isStatic="false" isGetter="false" isSetter="true">
              <Summary numSequencePoints="8" visitedSequencePoints="8" numBranchPoints="5" visitedBranchPoints="5" sequenceCoverage="100" branchCoverage="100" maxCyclomaticComplexity="3" minCyclomaticComplexity="3" />
              <MetadataToken>100663304</MetadataToken>
              <Name>System.Void StudentsAndCourses.Student::set_Number(System.Int32)</Name>
              <FileRef uid="8" />
              <SequencePoints>
                <SequencePoint vc="76" uspid="130" ordinal="0" offset="0" sl="36" sc="4" el="36" ec="5" bec="0" bev="0" fileid="8" />
                <SequencePoint vc="76" uspid="131" ordinal="1" offset="1" sl="37" sc="5" el="37" ec="41" bec="4" bev="4" fileid="8" />
                <SequencePoint vc="74" uspid="132" ordinal="2" offset="28" sl="38" sc="5" el="38" ec="6" bec="0" bev="0" fileid="8" />
                <SequencePoint vc="74" uspid="133" ordinal="3" offset="29" sl="39" sc="6" el="39" ec="26" bec="0" bev="0" fileid="8" />
                <SequencePoint vc="74" uspid="134" ordinal="4" offset="36" sl="40" sc="5" el="40" ec="6" bec="0" bev="0" fileid="8" />
                <SequencePoint vc="2" uspid="135" ordinal="5" offset="39" sl="42" sc="5" el="42" ec="6" bec="0" bev="0" fileid="8" />
                <SequencePoint vc="2" uspid="136" ordinal="6" offset="40" sl="43" sc="6" el="43" ec="82" bec="0" bev="0" fileid="8" />
                <SequencePoint vc="74" uspid="137" ordinal="7" offset="51" sl="45" sc="4" el="45" ec="5" bec="0" bev="0" fileid="8" />
              </SequencePoints>
              <BranchPoints>
                <BranchPoint vc="75" uspid="138" ordinal="0" offset="7" path="0" offsetchain="" offsetend="9" />
                <BranchPoint vc="1" uspid="139" ordinal="1" offset="7" path="1" offsetchain="" offsetend="22" />
                <BranchPoint vc="74" uspid="140" ordinal="2" offset="26" path="0" offsetchain="" offsetend="28" />
                <BranchPoint vc="2" uspid="141" ordinal="3" offset="26" path="1" offsetchain="" offsetend="39" />
              </BranchPoints>
              <MethodPoint xsi:type="SequencePoint" vc="76" uspid="130" ordinal="0" offset="0" sl="36" sc="4" el="36" ec="5" bec="0" bev="0" fileid="8" />
            </Method>
            <Method visited="true" cyclomaticComplexity="1" sequenceCoverage="100" branchCoverage="100" isConstructor="true" isStatic="false" isGetter="false" isSetter="false">
              <Summary numSequencePoints="5" visitedSequencePoints="5" numBranchPoints="1" visitedBranchPoints="1" sequenceCoverage="100" branchCoverage="100" maxCyclomaticComplexity="1" minCyclomaticComplexity="1" />
              <MetadataToken>100663305</MetadataToken>
              <Name>System.Void StudentsAndCourses.Student::.ctor(System.String,System.Int32)</Name>
              <FileRef uid="8" />
              <SequencePoints>
                <SequencePoint vc="77" uspid="142" ordinal="0" offset="0" sl="49" sc="3" el="49" ec="42" bec="0" bev="0" fileid="8" />
                <SequencePoint vc="77" uspid="143" ordinal="1" offset="7" sl="50" sc="3" el="50" ec="4" bec="0" bev="0" fileid="8" />
                <SequencePoint vc="77" uspid="144" ordinal="2" offset="8" sl="51" sc="4" el="51" ec="21" bec="0" bev="0" fileid="8" />
                <SequencePoint vc="76" uspid="145" ordinal="3" offset="16" sl="52" sc="4" el="52" ec="25" bec="0" bev="0" fileid="8" />
                <SequencePoint vc="74" uspid="146" ordinal="4" offset="24" sl="53" sc="3" el="53" ec="4" bec="0" bev="0" fileid="8" />
              </SequencePoints>
              <BranchPoints />
              <MethodPoint xsi:type="SequencePoint" vc="77" uspid="142" ordinal="0" offset="0" sl="49" sc="3" el="49" ec="42" bec="0" bev="0" fileid="8" />
            </Method>
          </Methods>
        </Class>
      </Classes>
    </Module>
  </Modules>
</CoverageSession>