<?xml version="1.0" encoding="utf-8"?>
<CoverageSession xmlns:xsd="http://www.w3.org/2001/XMLSchema" xmlns:xsi="http://www.w3.org/2001/XMLSchema-instance">
  <Summary numSequencePoints="219" visitedSequencePoints="186" numBranchPoints="92" visitedBranchPoints="64" sequenceCoverage="84.93" branchCoverage="69.57" maxCyclomaticComplexity="8" minCyclomaticComplexity="1" />
  <Modules>
    <Module skippedDueTo="Filter" hash="8D-09-99-2C-CA-7C-FB-60-18-FC-0D-7D-34-97-25-D6-FE-64-AB-B6">
      <FullName>C:\Windows\Microsoft.Net\assembly\GAC_32\mscorlib\v4.0_4.0.0.0__b77a5c561934e089\mscorlib.dll</FullName>
      <ModuleName>mscorlib</ModuleName>
      <Classes />
    </Module>
    <Module skippedDueTo="MissingPdb" hash="37-80-BE-DC-A8-79-2C-78-4A-75-9F-D4-19-B1-3A-5A-48-3E-CA-03">
      <FullName>C:\A\Tools\SharpDevelop_5.1.0.5216_Xcopyable\bin\Tools\NUnit\nunit-console-x86.exe</FullName>
      <ModuleName>nunit-console</ModuleName>
      <Classes />
    </Module>
    <Module skippedDueTo="MissingPdb" hash="33-E1-CA-24-52-5A-B7-C7-C4-AF-91-2C-A9-4A-C0-37-67-0D-5B-FE">
      <FullName>C:\A\Tools\SharpDevelop_5.1.0.5216_Xcopyable\bin\Tools\NUnit\lib\nunit.core.dll</FullName>
      <ModuleName>nunit.core</ModuleName>
      <Classes />
    </Module>
    <Module skippedDueTo="MissingPdb" hash="2A-C4-E5-DE-F3-EE-AD-84-E1-65-84-CC-15-90-76-96-E7-01-44-4E">
      <FullName>C:\A\Tools\SharpDevelop_5.1.0.5216_Xcopyable\bin\Tools\NUnit\lib\nunit-console-runner.dll</FullName>
      <ModuleName>nunit-console-runner</ModuleName>
      <Classes />
    </Module>
    <Module skippedDueTo="MissingPdb" hash="74-74-F6-87-59-E1-5F-4F-5F-5E-6E-82-50-E8-E2-46-D4-86-15-76">
      <FullName>C:\A\Tools\SharpDevelop_5.1.0.5216_Xcopyable\bin\Tools\NUnit\lib\nunit.util.dll</FullName>
      <ModuleName>nunit.util</ModuleName>
      <Classes />
    </Module>
    <Module skippedDueTo="MissingPdb" hash="D3-A4-4D-85-55-F7-CE-EF-A5-90-AA-EF-58-E0-9F-B6-CC-27-99-53">
      <FullName>C:\A\Tools\SharpDevelop_5.1.0.5216_Xcopyable\bin\Tools\NUnit\lib\nunit.core.interfaces.dll</FullName>
      <ModuleName>nunit.core.interfaces</ModuleName>
      <Classes />
    </Module>
    <Module skippedDueTo="Filter" hash="9C-DB-95-DC-25-D5-38-7E-C2-3A-20-8F-14-5D-A9-56-2A-D7-00-E3">
      <FullName>C:\Windows\Microsoft.Net\assembly\GAC_MSIL\System.Configuration\v4.0_4.0.0.0__b03f5f7f11d50a3a\System.Configuration.dll</FullName>
      <ModuleName>System.Configuration</ModuleName>
      <Classes />
    </Module>
    <Module skippedDueTo="Filter" hash="10-12-A2-C6-A0-B8-51-63-D1-3A-89-CF-6B-26-F7-7D-C2-69-68-B0">
      <FullName>C:\Windows\Microsoft.Net\assembly\GAC_MSIL\System\v4.0_4.0.0.0__b77a5c561934e089\System.dll</FullName>
      <ModuleName>System</ModuleName>
      <Classes />
    </Module>
    <Module skippedDueTo="Filter" hash="CF-7C-5A-57-75-87-21-E0-D5-D9-A4-B6-6E-2E-33-17-9D-6C-8A-C2">
      <FullName>C:\Windows\Microsoft.Net\assembly\GAC_MSIL\System.Xml\v4.0_4.0.0.0__b77a5c561934e089\System.Xml.dll</FullName>
      <ModuleName>System.Xml</ModuleName>
      <Classes />
    </Module>
    <Module skippedDueTo="Filter" hash="0F-6F-F3-F5-1C-3A-A7-26-E2-D9-16-C9-A4-9C-AD-C3-B6-CA-24-A2">
      <FullName>C:\Windows\Microsoft.Net\assembly\GAC_MSIL\System.Runtime.Remoting\v4.0_4.0.0.0__b77a5c561934e089\System.Runtime.Remoting.dll</FullName>
      <ModuleName>System.Runtime.Remoting</ModuleName>
      <Classes />
    </Module>
    <Module skippedDueTo="Filter" hash="31-76-6A-81-5B-45-2B-B2-02-8C-E4-69-D2-C3-8F-87-B1-54-25-E8">
      <FullName>C:\Windows\Microsoft.Net\assembly\GAC_MSIL\System.Core\v4.0_4.0.0.0__b77a5c561934e089\System.Core.dll</FullName>
      <ModuleName>System.Core</ModuleName>
      <Classes />
    </Module>
    <Module hash="00-90-86-0B-45-0A-46-64-B1-4F-48-52-89-25-DC-19-8C-FC-41-AE">
      <Summary numSequencePoints="90" visitedSequencePoints="86" numBranchPoints="23" visitedBranchPoints="21" sequenceCoverage="95.56" branchCoverage="91.30" maxCyclomaticComplexity="3" minCyclomaticComplexity="1" />
      <FullName>E:\Temp\nunit20\ShadowCopyCache\7280_636050551820287237\Tests_20685607\assembly\dl3\45f467dd\94f64a12_6be6d101\DeckClass.Tests.dll</FullName>
      <ModuleName>DeckClass.Tests</ModuleName>
      <Files>
        <File uid="1" fullPath="c:\A\Tools\TA\TA Tasks\Unit-Testing\01. Unit Testing\SantaseDeck\Deck.Tests\Deck.Tests.cs" />
      </Files>
      <Classes>
        <Class>
          <Summary numSequencePoints="0" visitedSequencePoints="0" numBranchPoints="0" visitedBranchPoints="0" sequenceCoverage="0" branchCoverage="0" maxCyclomaticComplexity="0" minCyclomaticComplexity="0" />
          <FullName>&lt;Module&gt;</FullName>
          <Methods />
        </Class>
        <Class>
          <Summary numSequencePoints="89" visitedSequencePoints="85" numBranchPoints="22" visitedBranchPoints="20" sequenceCoverage="95.51" branchCoverage="90.91" maxCyclomaticComplexity="3" minCyclomaticComplexity="1" />
          <FullName>Deck.Tests.DeckTests</FullName>
          <Methods>
            <Method visited="true" cyclomaticComplexity="1" sequenceCoverage="100" branchCoverage="100" isConstructor="false" isStatic="false" isGetter="false" isSetter="false">
              <Summary numSequencePoints="4" visitedSequencePoints="4" numBranchPoints="1" visitedBranchPoints="1" sequenceCoverage="100" branchCoverage="100" maxCyclomaticComplexity="1" minCyclomaticComplexity="1" />
              <MetadataToken>100663297</MetadataToken>
              <Name>System.Void Deck.Tests.DeckTests::TrumpCardShouldBeNonNullable()</Name>
              <FileRef uid="1" />
              <SequencePoints>
                <SequencePoint vc="1" uspid="1" ordinal="0" offset="0" sl="14" sc="9" el="14" ec="10" bec="0" bev="0" fileid="1" />
                <SequencePoint vc="1" uspid="2" ordinal="1" offset="1" sl="15" sc="13" el="15" ec="57" bec="0" bev="0" fileid="1" />
                <SequencePoint vc="1" uspid="3" ordinal="2" offset="7" sl="16" sc="13" el="16" ec="46" bec="0" bev="0" fileid="1" />
                <SequencePoint vc="1" uspid="4" ordinal="3" offset="19" sl="17" sc="9" el="17" ec="10" bec="0" bev="0" fileid="1" />
              </SequencePoints>
              <BranchPoints />
              <MethodPoint xsi:type="SequencePoint" vc="1" uspid="1" ordinal="0" offset="0" sl="14" sc="9" el="14" ec="10" bec="0" bev="0" fileid="1" />
            </Method>
            <Method visited="true" cyclomaticComplexity="3" sequenceCoverage="71.43" branchCoverage="60" isConstructor="false" isStatic="false" isGetter="false" isSetter="false">
              <Summary numSequencePoints="14" visitedSequencePoints="10" numBranchPoints="5" visitedBranchPoints="3" sequenceCoverage="71.43" branchCoverage="60" maxCyclomaticComplexity="3" minCyclomaticComplexity="3" />
              <MetadataToken>100663298</MetadataToken>
              <Name>System.Void Deck.Tests.DeckTests::TrumpCardShouldBeRandom()</Name>
              <FileRef uid="1" />
              <SequencePoints>
                <SequencePoint vc="1" uspid="5" ordinal="0" offset="0" sl="21" sc="9" el="21" ec="10" bec="0" bev="0" fileid="1" />
                <SequencePoint vc="1" uspid="6" ordinal="1" offset="1" sl="23" sc="13" el="23" ec="69" bec="0" bev="0" fileid="1" />
                <SequencePoint vc="1" uspid="7" ordinal="2" offset="12" sl="24" sc="18" el="24" ec="28" bec="0" bev="0" fileid="1" />
                <SequencePoint vc="1" uspid="8" ordinal="3" offset="16" sl="25" sc="13" el="25" ec="14" bec="0" bev="0" fileid="1" />
                <SequencePoint vc="1" uspid="9" ordinal="4" offset="17" sl="26" sc="17" el="26" ec="61" bec="0" bev="0" fileid="1" />
                <SequencePoint vc="1" uspid="10" ordinal="5" offset="23" sl="27" sc="17" el="27" ec="54" bec="2" bev="1" fileid="1" />
                <SequencePoint vc="1" uspid="11" ordinal="6" offset="39" sl="28" sc="17" el="28" ec="18" bec="0" bev="0" fileid="1" />
                <SequencePoint vc="1" uspid="12" ordinal="7" offset="40" sl="29" sc="21" el="29" ec="28" bec="0" bev="0" fileid="1" />
                <SequencePoint vc="0" uspid="13" ordinal="8" offset="42" sl="32" sc="17" el="32" ec="43" bec="0" bev="0" fileid="1" />
                <SequencePoint vc="0" uspid="14" ordinal="9" offset="49" sl="33" sc="13" el="33" ec="14" bec="0" bev="0" fileid="1" />
                <SequencePoint vc="0" uspid="15" ordinal="10" offset="50" sl="24" sc="58" el="24" ec="61" bec="0" bev="0" fileid="1" />
                <SequencePoint vc="1" uspid="16" ordinal="11" offset="54" sl="24" sc="29" el="24" ec="56" bec="2" bev="1" fileid="1" />
                <SequencePoint vc="0" uspid="17" ordinal="12" offset="63" sl="35" sc="13" el="35" ec="88" bec="0" bev="0" fileid="1" />
                <SequencePoint vc="1" uspid="18" ordinal="13" offset="86" sl="36" sc="9" el="36" ec="10" bec="0" bev="0" fileid="1" />
              </SequencePoints>
              <BranchPoints>
                <BranchPoint vc="1" uspid="19" ordinal="0" offset="37" path="0" offsetchain="" offsetend="39" />
                <BranchPoint vc="0" uspid="20" ordinal="1" offset="37" path="1" offsetchain="" offsetend="42" />
                <BranchPoint vc="0" uspid="21" ordinal="2" offset="61" path="0" offsetchain="" offsetend="63" />
                <BranchPoint vc="1" uspid="22" ordinal="3" offset="61" path="1" offsetchain="" offsetend="16" />
              </BranchPoints>
              <MethodPoint xsi:type="SequencePoint" vc="1" uspid="5" ordinal="0" offset="0" sl="21" sc="9" el="21" ec="10" bec="0" bev="0" fileid="1" />
            </Method>
            <Method visited="true" cyclomaticComplexity="1" sequenceCoverage="100" branchCoverage="100" isConstructor="false" isStatic="false" isGetter="false" isSetter="false">
              <Summary numSequencePoints="4" visitedSequencePoints="4" numBranchPoints="1" visitedBranchPoints="1" sequenceCoverage="100" branchCoverage="100" maxCyclomaticComplexity="1" minCyclomaticComplexity="1" />
              <MetadataToken>100663299</MetadataToken>
              <Name>System.Void Deck.Tests.DeckTests::CardsLeftShouldBe24ForANewDeck()</Name>
              <FileRef uid="1" />
              <SequencePoints>
                <SequencePoint vc="1" uspid="23" ordinal="0" offset="0" sl="40" sc="9" el="40" ec="10" bec="0" bev="0" fileid="1" />
                <SequencePoint vc="1" uspid="24" ordinal="1" offset="1" sl="41" sc="13" el="41" ec="57" bec="0" bev="0" fileid="1" />
                <SequencePoint vc="1" uspid="25" ordinal="2" offset="7" sl="42" sc="13" el="42" ec="49" bec="0" bev="0" fileid="1" />
                <SequencePoint vc="1" uspid="26" ordinal="3" offset="21" sl="43" sc="9" el="43" ec="10" bec="0" bev="0" fileid="1" />
              </SequencePoints>
              <BranchPoints />
              <MethodPoint xsi:type="SequencePoint" vc="1" uspid="23" ordinal="0" offset="0" sl="40" sc="9" el="40" ec="10" bec="0" bev="0" fileid="1" />
            </Method>
            <Method visited="true" cyclomaticComplexity="1" sequenceCoverage="100" branchCoverage="100" isConstructor="false" isStatic="false" isGetter="false" isSetter="false">
              <Summary numSequencePoints="5" visitedSequencePoints="5" numBranchPoints="1" visitedBranchPoints="1" sequenceCoverage="100" branchCoverage="100" maxCyclomaticComplexity="1" minCyclomaticComplexity="1" />
              <MetadataToken>100663300</MetadataToken>
              <Name>System.Void Deck.Tests.DeckTests::CardsLeftShouldBe23AfterDrawingOneCard()</Name>
              <FileRef uid="1" />
              <SequencePoints>
                <SequencePoint vc="1" uspid="27" ordinal="0" offset="0" sl="47" sc="9" el="47" ec="10" bec="0" bev="0" fileid="1" />
                <SequencePoint vc="1" uspid="28" ordinal="1" offset="1" sl="48" sc="13" el="48" ec="57" bec="0" bev="0" fileid="1" />
                <SequencePoint vc="1" uspid="29" ordinal="2" offset="7" sl="49" sc="13" el="49" ec="32" bec="0" bev="0" fileid="1" />
                <SequencePoint vc="1" uspid="30" ordinal="3" offset="14" sl="50" sc="13" el="50" ec="49" bec="0" bev="0" fileid="1" />
                <SequencePoint vc="1" uspid="31" ordinal="4" offset="28" sl="51" sc="9" el="51" ec="10" bec="0" bev="0" fileid="1" />
              </SequencePoints>
              <BranchPoints />
              <MethodPoint xsi:type="SequencePoint" vc="1" uspid="27" ordinal="0" offset="0" sl="47" sc="9" el="47" ec="10" bec="0" bev="0" fileid="1" />
            </Method>
            <Method visited="true" cyclomaticComplexity="2" sequenceCoverage="100" branchCoverage="100" isConstructor="false" isStatic="false" isGetter="false" isSetter="false">
              <Summary numSequencePoints="10" visitedSequencePoints="10" numBranchPoints="3" visitedBranchPoints="3" sequenceCoverage="100" branchCoverage="100" maxCyclomaticComplexity="2" minCyclomaticComplexity="2" />
              <MetadataToken>100663301</MetadataToken>
              <Name>System.Void Deck.Tests.DeckTests::CardsLeftShouldBe0AfterDrawing24Cards()</Name>
              <FileRef uid="1" />
              <SequencePoints>
                <SequencePoint vc="1" uspid="32" ordinal="0" offset="0" sl="55" sc="9" el="55" ec="10" bec="0" bev="0" fileid="1" />
                <SequencePoint vc="1" uspid="33" ordinal="1" offset="1" sl="56" sc="13" el="56" ec="57" bec="0" bev="0" fileid="1" />
                <SequencePoint vc="1" uspid="34" ordinal="2" offset="7" sl="57" sc="18" el="57" ec="28" bec="0" bev="0" fileid="1" />
                <SequencePoint vc="24" uspid="35" ordinal="3" offset="11" sl="58" sc="13" el="58" ec="14" bec="0" bev="0" fileid="1" />
                <SequencePoint vc="24" uspid="36" ordinal="4" offset="12" sl="59" sc="17" el="59" ec="36" bec="0" bev="0" fileid="1" />
                <SequencePoint vc="24" uspid="37" ordinal="5" offset="19" sl="60" sc="13" el="60" ec="14" bec="0" bev="0" fileid="1" />
                <SequencePoint vc="24" uspid="38" ordinal="6" offset="20" sl="57" sc="37" el="57" ec="40" bec="0" bev="0" fileid="1" />
                <SequencePoint vc="25" uspid="39" ordinal="7" offset="24" sl="57" sc="29" el="57" ec="35" bec="2" bev="2" fileid="1" />
                <SequencePoint vc="1" uspid="40" ordinal="8" offset="33" sl="62" sc="13" el="62" ec="48" bec="0" bev="0" fileid="1" />
                <SequencePoint vc="1" uspid="41" ordinal="9" offset="46" sl="63" sc="9" el="63" ec="10" bec="0" bev="0" fileid="1" />
              </SequencePoints>
              <BranchPoints>
                <BranchPoint vc="1" uspid="42" ordinal="0" offset="31" path="0" offsetchain="" offsetend="33" />
                <BranchPoint vc="24" uspid="43" ordinal="1" offset="31" path="1" offsetchain="" offsetend="11" />
              </BranchPoints>
              <MethodPoint xsi:type="SequencePoint" vc="1" uspid="32" ordinal="0" offset="0" sl="55" sc="9" el="55" ec="10" bec="0" bev="0" fileid="1" />
            </Method>
            <Method visited="true" cyclomaticComplexity="2" sequenceCoverage="100" branchCoverage="100" isConstructor="false" isStatic="false" isGetter="false" isSetter="false">
              <Summary numSequencePoints="10" visitedSequencePoints="10" numBranchPoints="3" visitedBranchPoints="3" sequenceCoverage="100" branchCoverage="100" maxCyclomaticComplexity="2" minCyclomaticComplexity="2" />
              <MetadataToken>100663302</MetadataToken>
              <Name>System.Void Deck.Tests.DeckTests::GetNextCardShouldThrowExceptionWhenCalled25Times()</Name>
              <FileRef uid="1" />
              <SequencePoints>
                <SequencePoint vc="1" uspid="44" ordinal="0" offset="6" sl="67" sc="9" el="67" ec="10" bec="0" bev="0" fileid="1" />
                <SequencePoint vc="1" uspid="45" ordinal="1" offset="7" sl="68" sc="13" el="68" ec="57" bec="0" bev="0" fileid="1" />
                <SequencePoint vc="1" uspid="46" ordinal="2" offset="18" sl="69" sc="18" el="69" ec="28" bec="0" bev="0" fileid="1" />
                <SequencePoint vc="24" uspid="47" ordinal="3" offset="22" sl="70" sc="13" el="70" ec="14" bec="0" bev="0" fileid="1" />
                <SequencePoint vc="24" uspid="48" ordinal="4" offset="23" sl="71" sc="17" el="71" ec="36" bec="0" bev="0" fileid="1" />
                <SequencePoint vc="24" uspid="49" ordinal="5" offset="35" sl="72" sc="13" el="72" ec="14" bec="0" bev="0" fileid="1" />
                <SequencePoint vc="24" uspid="50" ordinal="6" offset="36" sl="69" sc="37" el="69" ec="40" bec="0" bev="0" fileid="1" />
                <SequencePoint vc="25" uspid="51" ordinal="7" offset="40" sl="69" sc="29" el="69" ec="35" bec="2" bev="2" fileid="1" />
                <SequencePoint vc="1" uspid="52" ordinal="8" offset="49" sl="74" sc="13" el="74" ec="76" bec="0" bev="0" fileid="1" />
                <SequencePoint vc="1" uspid="53" ordinal="9" offset="67" sl="75" sc="9" el="75" ec="10" bec="0" bev="0" fileid="1" />
              </SequencePoints>
              <BranchPoints>
                <BranchPoint vc="1" uspid="55" ordinal="0" offset="47" path="0" offsetchain="" offsetend="49" />
                <BranchPoint vc="24" uspid="56" ordinal="1" offset="47" path="1" offsetchain="" offsetend="22" />
              </BranchPoints>
              <MethodPoint vc="1" uspid="54" ordinal="0" offset="0" />
            </Method>
            <Method visited="true" cyclomaticComplexity="1" sequenceCoverage="100" branchCoverage="100" isConstructor="false" isStatic="false" isGetter="false" isSetter="false">
              <Summary numSequencePoints="7" visitedSequencePoints="7" numBranchPoints="1" visitedBranchPoints="1" sequenceCoverage="100" branchCoverage="100" maxCyclomaticComplexity="1" minCyclomaticComplexity="1" />
              <MetadataToken>100663303</MetadataToken>
              <Name>System.Void Deck.Tests.DeckTests::GetNextCardShouldNotChangeTheTrumpCard()</Name>
              <FileRef uid="1" />
              <SequencePoints>
                <SequencePoint vc="1" uspid="57" ordinal="0" offset="0" sl="79" sc="9" el="79" ec="10" bec="0" bev="0" fileid="1" />
                <SequencePoint vc="1" uspid="58" ordinal="1" offset="1" sl="80" sc="13" el="80" ec="57" bec="0" bev="0" fileid="1" />
                <SequencePoint vc="1" uspid="59" ordinal="2" offset="7" sl="81" sc="13" el="81" ec="46" bec="0" bev="0" fileid="1" />
                <SequencePoint vc="1" uspid="60" ordinal="3" offset="14" sl="82" sc="13" el="82" ec="32" bec="0" bev="0" fileid="1" />
                <SequencePoint vc="1" uspid="61" ordinal="4" offset="21" sl="83" sc="13" el="83" ec="45" bec="0" bev="0" fileid="1" />
                <SequencePoint vc="1" uspid="62" ordinal="5" offset="28" sl="84" sc="13" el="84" ec="54" bec="0" bev="0" fileid="1" />
                <SequencePoint vc="1" uspid="63" ordinal="6" offset="36" sl="85" sc="9" el="85" ec="10" bec="0" bev="0" fileid="1" />
              </SequencePoints>
              <BranchPoints />
              <MethodPoint xsi:type="SequencePoint" vc="1" uspid="57" ordinal="0" offset="0" sl="79" sc="9" el="79" ec="10" bec="0" bev="0" fileid="1" />
            </Method>
            <Method visited="true" cyclomaticComplexity="2" sequenceCoverage="100" branchCoverage="100" isConstructor="false" isStatic="false" isGetter="false" isSetter="false">
              <Summary numSequencePoints="14" visitedSequencePoints="14" numBranchPoints="3" visitedBranchPoints="3" sequenceCoverage="100" branchCoverage="100" maxCyclomaticComplexity="2" minCyclomaticComplexity="2" />
              <MetadataToken>100663304</MetadataToken>
              <Name>System.Void Deck.Tests.DeckTests::GetNextCardShouldReturnDifferentNonNullCardEveryTime()</Name>
              <FileRef uid="1" />
              <SequencePoints>
                <SequencePoint vc="1" uspid="64" ordinal="0" offset="0" sl="89" sc="9" el="89" ec="10" bec="0" bev="0" fileid="1" />
                <SequencePoint vc="1" uspid="65" ordinal="1" offset="1" sl="90" sc="13" el="90" ec="57" bec="0" bev="0" fileid="1" />
                <SequencePoint vc="1" uspid="66" ordinal="2" offset="7" sl="91" sc="13" el="91" ec="45" bec="0" bev="0" fileid="1" />
                <SequencePoint vc="1" uspid="67" ordinal="3" offset="13" sl="92" sc="13" el="92" ec="45" bec="0" bev="0" fileid="1" />
                <SequencePoint vc="1" uspid="68" ordinal="4" offset="20" sl="93" sc="18" el="93" ec="28" bec="0" bev="0" fileid="1" />
                <SequencePoint vc="24" uspid="69" ordinal="5" offset="24" sl="94" sc="13" el="94" ec="14" bec="0" bev="0" fileid="1" />
                <SequencePoint vc="24" uspid="70" ordinal="6" offset="25" sl="95" sc="17" el="95" ec="47" bec="0" bev="0" fileid="1" />
                <SequencePoint vc="24" uspid="71" ordinal="7" offset="33" sl="96" sc="17" el="96" ec="40" bec="0" bev="0" fileid="1" />
                <SequencePoint vc="24" uspid="72" ordinal="8" offset="41" sl="97" sc="17" el="97" ec="95" bec="0" bev="0" fileid="1" />
                <SequencePoint vc="24" uspid="73" ordinal="9" offset="72" sl="98" sc="17" el="98" ec="33" bec="0" bev="0" fileid="1" />
                <SequencePoint vc="24" uspid="74" ordinal="10" offset="81" sl="99" sc="13" el="99" ec="14" bec="0" bev="0" fileid="1" />
                <SequencePoint vc="24" uspid="75" ordinal="11" offset="82" sl="93" sc="45" el="93" ec="48" bec="0" bev="0" fileid="1" />
                <SequencePoint vc="25" uspid="76" ordinal="12" offset="86" sl="93" sc="29" el="93" ec="43" bec="2" bev="2" fileid="1" />
                <SequencePoint vc="1" uspid="77" ordinal="13" offset="96" sl="100" sc="9" el="100" ec="10" bec="0" bev="0" fileid="1" />
              </SequencePoints>
              <BranchPoints>
                <BranchPoint vc="1" uspid="78" ordinal="0" offset="94" path="0" offsetchain="" offsetend="96" />
                <BranchPoint vc="24" uspid="79" ordinal="1" offset="94" path="1" offsetchain="" offsetend="24" />
              </BranchPoints>
              <MethodPoint xsi:type="SequencePoint" vc="1" uspid="64" ordinal="0" offset="0" sl="89" sc="9" el="89" ec="10" bec="0" bev="0" fileid="1" />
            </Method>
            <Method visited="true" cyclomaticComplexity="1" sequenceCoverage="100" branchCoverage="100" isConstructor="false" isStatic="false" isGetter="false" isSetter="false">
              <Summary numSequencePoints="7" visitedSequencePoints="7" numBranchPoints="1" visitedBranchPoints="1" sequenceCoverage="100" branchCoverage="100" maxCyclomaticComplexity="1" minCyclomaticComplexity="1" />
              <MetadataToken>100663305</MetadataToken>
              <Name>System.Void Deck.Tests.DeckTests::ChangeTrumpCardShouldWorkProperly()</Name>
              <FileRef uid="1" />
              <SequencePoints>
                <SequencePoint vc="1" uspid="80" ordinal="0" offset="0" sl="104" sc="9" el="104" ec="10" bec="0" bev="0" fileid="1" />
                <SequencePoint vc="1" uspid="81" ordinal="1" offset="1" sl="105" sc="13" el="105" ec="57" bec="0" bev="0" fileid="1" />
                <SequencePoint vc="1" uspid="82" ordinal="2" offset="7" sl="106" sc="13" el="106" ec="64" bec="0" bev="0" fileid="1" />
                <SequencePoint vc="1" uspid="83" ordinal="3" offset="16" sl="107" sc="13" el="107" ec="40" bec="0" bev="0" fileid="1" />
                <SequencePoint vc="1" uspid="84" ordinal="4" offset="24" sl="108" sc="13" el="108" ec="44" bec="0" bev="0" fileid="1" />
                <SequencePoint vc="1" uspid="85" ordinal="5" offset="31" sl="109" sc="13" el="109" ec="46" bec="0" bev="0" fileid="1" />
                <SequencePoint vc="1" uspid="86" ordinal="6" offset="39" sl="110" sc="9" el="110" ec="10" bec="0" bev="0" fileid="1" />
              </SequencePoints>
              <BranchPoints />
              <MethodPoint xsi:type="SequencePoint" vc="1" uspid="80" ordinal="0" offset="0" sl="104" sc="9" el="104" ec="10" bec="0" bev="0" fileid="1" />
            </Method>
            <Method visited="true" cyclomaticComplexity="2" sequenceCoverage="100" branchCoverage="100" isConstructor="false" isStatic="false" isGetter="false" isSetter="false">
              <Summary numSequencePoints="14" visitedSequencePoints="14" numBranchPoints="3" visitedBranchPoints="3" sequenceCoverage="100" branchCoverage="100" maxCyclomaticComplexity="2" minCyclomaticComplexity="2" />
              <MetadataToken>100663306</MetadataToken>
              <Name>System.Void Deck.Tests.DeckTests::ChangeTrumpCardShouldChangeTheLastCardInTheDeck()</Name>
              <FileRef uid="1" />
              <SequencePoints>
                <SequencePoint vc="1" uspid="87" ordinal="0" offset="0" sl="114" sc="9" el="114" ec="10" bec="0" bev="0" fileid="1" />
                <SequencePoint vc="1" uspid="88" ordinal="1" offset="1" sl="115" sc="13" el="115" ec="57" bec="0" bev="0" fileid="1" />
                <SequencePoint vc="1" uspid="89" ordinal="2" offset="7" sl="116" sc="13" el="116" ec="62" bec="0" bev="0" fileid="1" />
                <SequencePoint vc="1" uspid="90" ordinal="3" offset="15" sl="117" sc="13" el="117" ec="40" bec="0" bev="0" fileid="1" />
                <SequencePoint vc="1" uspid="91" ordinal="4" offset="23" sl="118" sc="13" el="118" ec="45" bec="0" bev="0" fileid="1" />
                <SequencePoint vc="1" uspid="92" ordinal="5" offset="30" sl="119" sc="18" el="119" ec="28" bec="0" bev="0" fileid="1" />
                <SequencePoint vc="23" uspid="93" ordinal="6" offset="34" sl="120" sc="13" el="120" ec="14" bec="0" bev="0" fileid="1" />
                <SequencePoint vc="23" uspid="94" ordinal="7" offset="35" sl="121" sc="17" el="121" ec="36" bec="0" bev="0" fileid="1" />
                <SequencePoint vc="23" uspid="95" ordinal="8" offset="42" sl="122" sc="13" el="122" ec="14" bec="0" bev="0" fileid="1" />
                <SequencePoint vc="23" uspid="96" ordinal="9" offset="43" sl="119" sc="49" el="119" ec="52" bec="0" bev="0" fileid="1" />
                <SequencePoint vc="24" uspid="97" ordinal="10" offset="47" sl="119" sc="29" el="119" ec="47" bec="2" bev="2" fileid="1" />
                <SequencePoint vc="1" uspid="98" ordinal="11" offset="59" sl="124" sc="13" el="124" ec="47" bec="0" bev="0" fileid="1" />
                <SequencePoint vc="1" uspid="99" ordinal="12" offset="67" sl="125" sc="13" el="125" ec="45" bec="0" bev="0" fileid="1" />
                <SequencePoint vc="1" uspid="100" ordinal="13" offset="76" sl="126" sc="9" el="126" ec="10" bec="0" bev="0" fileid="1" />
              </SequencePoints>
              <BranchPoints>
                <BranchPoint vc="1" uspid="101" ordinal="0" offset="57" path="0" offsetchain="" offsetend="59" />
                <BranchPoint vc="23" uspid="102" ordinal="1" offset="57" path="1" offsetchain="" offsetend="34" />
              </BranchPoints>
              <MethodPoint xsi:type="SequencePoint" vc="1" uspid="87" ordinal="0" offset="0" sl="114" sc="9" el="114" ec="10" bec="0" bev="0" fileid="1" />
            </Method>
            <Method visited="true" cyclomaticComplexity="1" sequenceCoverage="0" branchCoverage="0" isConstructor="true" isStatic="false" isGetter="false" isSetter="false">
              <Summary numSequencePoints="0" visitedSequencePoints="0" numBranchPoints="0" visitedBranchPoints="0" sequenceCoverage="0" branchCoverage="0" maxCyclomaticComplexity="1" minCyclomaticComplexity="1" />
              <MetadataToken>100663307</MetadataToken>
              <Name>System.Void Deck.Tests.DeckTests::.ctor()</Name>
              <SequencePoints />
              <BranchPoints />
              <MethodPoint vc="1" uspid="103" ordinal="0" offset="0" />
            </Method>
          </Methods>
        </Class>
        <Class>
          <Summary numSequencePoints="1" visitedSequencePoints="1" numBranchPoints="1" visitedBranchPoints="1" sequenceCoverage="100" branchCoverage="100" maxCyclomaticComplexity="1" minCyclomaticComplexity="1" />
          <FullName>Deck.Tests.DeckTests/&lt;&gt;c__DisplayClass1</FullName>
          <Methods>
            <Method visited="true" cyclomaticComplexity="1" sequenceCoverage="0" branchCoverage="0" isConstructor="true" isStatic="false" isGetter="false" isSetter="false">
              <Summary numSequencePoints="0" visitedSequencePoints="0" numBranchPoints="0" visitedBranchPoints="0" sequenceCoverage="0" branchCoverage="0" maxCyclomaticComplexity="1" minCyclomaticComplexity="1" />
              <MetadataToken>100663308</MetadataToken>
              <Name>System.Void Deck.Tests.DeckTests/&lt;&gt;c__DisplayClass1::.ctor()</Name>
              <SequencePoints />
              <BranchPoints />
              <MethodPoint vc="1" uspid="104" ordinal="0" offset="0" />
            </Method>
            <Method visited="true" cyclomaticComplexity="1" sequenceCoverage="100" branchCoverage="100" isConstructor="false" isStatic="false" isGetter="false" isSetter="false">
              <Summary numSequencePoints="1" visitedSequencePoints="1" numBranchPoints="1" visitedBranchPoints="1" sequenceCoverage="100" branchCoverage="100" maxCyclomaticComplexity="1" minCyclomaticComplexity="1" />
              <MetadataToken>100663309</MetadataToken>
              <Name>System.Void Deck.Tests.DeckTests/&lt;&gt;c__DisplayClass1::&lt;GetNextCardShouldThrowExceptionWhenCalled25Times&gt;b__0()</Name>
              <FileRef uid="1" />
              <SequencePoints>
                <SequencePoint vc="1" uspid="105" ordinal="0" offset="0" sl="74" sc="56" el="74" ec="74" bec="0" bev="0" fileid="1" />
              </SequencePoints>
              <BranchPoints />
              <MethodPoint xsi:type="SequencePoint" vc="1" uspid="105" ordinal="0" offset="0" sl="74" sc="56" el="74" ec="74" bec="0" bev="0" fileid="1" />
            </Method>
          </Methods>
        </Class>
      </Classes>
    </Module>
    <Module skippedDueTo="MissingPdb" hash="42-83-FE-A6-9F-01-8E-2C-E8-41-E9-25-3E-1E-0D-99-81-76-6B-C9">
      <FullName>E:\Temp\nunit20\ShadowCopyCache\7280_636050551820287237\Tests_20685607\assembly\dl3\2c535345\003abb0f_d43fd101\nunit.framework.dll</FullName>
      <ModuleName>nunit.framework</ModuleName>
      <Classes />
    </Module>
    <Module hash="47-B9-47-51-0E-21-93-71-DB-B5-52-00-16-C2-6B-85-82-76-42-51">
      <Summary numSequencePoints="129" visitedSequencePoints="100" numBranchPoints="69" visitedBranchPoints="43" sequenceCoverage="77.52" branchCoverage="62.32" maxCyclomaticComplexity="8" minCyclomaticComplexity="1" />
      <FullName>E:\Temp\nunit20\ShadowCopyCache\7280_636050551820287237\Tests_20685607\assembly\dl3\05d01b2f\39982312_6be6d101\DeckClass.dll</FullName>
      <ModuleName>DeckClass</ModuleName>
      <Files>
        <File uid="5" fullPath="c:\A\Tools\TA\TA Tasks\Unit-Testing\01. Unit Testing\SantaseDeck\Deck\Card.cs" />
        <File uid="6" fullPath="c:\A\Tools\TA\TA Tasks\Unit-Testing\01. Unit Testing\SantaseDeck\Deck\CardExtensions.cs" />
        <File uid="7" fullPath="c:\A\Tools\TA\TA Tasks\Unit-Testing\01. Unit Testing\SantaseDeck\Deck\Deck.cs" />
        <File uid="8" fullPath="c:\A\Tools\TA\TA Tasks\Unit-Testing\01. Unit Testing\SantaseDeck\Deck\EnumerableExtensions.cs" />
        <File uid="9" fullPath="c:\A\Tools\TA\TA Tasks\Unit-Testing\01. Unit Testing\SantaseDeck\Deck\InternalGameException.cs" />
        <File uid="10" fullPath="c:\A\Tools\TA\TA Tasks\Unit-Testing\01. Unit Testing\SantaseDeck\Deck\RandomProvider.cs" />
      </Files>
      <Classes>
        <Class>
          <Summary numSequencePoints="0" visitedSequencePoints="0" numBranchPoints="0" visitedBranchPoints="0" sequenceCoverage="0" branchCoverage="0" maxCyclomaticComplexity="0" minCyclomaticComplexity="0" />
          <FullName>&lt;Module&gt;</FullName>
          <Methods />
        </Class>
        <Class>
          <Summary numSequencePoints="36" visitedSequencePoints="19" numBranchPoints="20" visitedBranchPoints="7" sequenceCoverage="52.78" branchCoverage="35" maxCyclomaticComplexity="8" minCyclomaticComplexity="1" />
          <FullName>Santase.Logic.Cards.Card</FullName>
          <Methods>
            <Method visited="true" cyclomaticComplexity="1" sequenceCoverage="0" branchCoverage="0" isConstructor="false" isStatic="false" isGetter="true" isSetter="false">
              <Summary numSequencePoints="0" visitedSequencePoints="0" numBranchPoints="0" visitedBranchPoints="0" sequenceCoverage="0" branchCoverage="0" maxCyclomaticComplexity="1" minCyclomaticComplexity="1" />
              <MetadataToken>100663299</MetadataToken>
              <Name>Santase.Logic.Cards.CardSuit Santase.Logic.Cards.Card::get_Suit()</Name>
              <SequencePoints />
              <BranchPoints />
              <MethodPoint vc="73" uspid="106" ordinal="0" offset="0" />
            </Method>
            <Method visited="true" cyclomaticComplexity="1" sequenceCoverage="0" branchCoverage="0" isConstructor="false" isStatic="false" isGetter="false" isSetter="true">
              <Summary numSequencePoints="0" visitedSequencePoints="0" numBranchPoints="0" visitedBranchPoints="0" sequenceCoverage="0" branchCoverage="0" maxCyclomaticComplexity="1" minCyclomaticComplexity="1" />
              <MetadataToken>100663300</MetadataToken>
              <Name>System.Void Santase.Logic.Cards.Card::set_Suit(Santase.Logic.Cards.CardSuit)</Name>
              <SequencePoints />
              <BranchPoints />
              <MethodPoint vc="26" uspid="107" ordinal="0" offset="0" />
            </Method>
            <Method visited="true" cyclomaticComplexity="1" sequenceCoverage="0" branchCoverage="0" isConstructor="false" isStatic="false" isGetter="true" isSetter="false">
              <Summary numSequencePoints="0" visitedSequencePoints="0" numBranchPoints="0" visitedBranchPoints="0" sequenceCoverage="0" branchCoverage="0" maxCyclomaticComplexity="1" minCyclomaticComplexity="1" />
              <MetadataToken>100663301</MetadataToken>
              <Name>Santase.Logic.Cards.CardType Santase.Logic.Cards.Card::get_Type()</Name>
              <SequencePoints />
              <BranchPoints />
              <MethodPoint vc="71" uspid="108" ordinal="0" offset="0" />
            </Method>
            <Method visited="true" cyclomaticComplexity="1" sequenceCoverage="0" branchCoverage="0" isConstructor="false" isStatic="false" isGetter="false" isSetter="true">
              <Summary numSequencePoints="0" visitedSequencePoints="0" numBranchPoints="0" visitedBranchPoints="0" sequenceCoverage="0" branchCoverage="0" maxCyclomaticComplexity="1" minCyclomaticComplexity="1" />
              <MetadataToken>100663302</MetadataToken>
              <Name>System.Void Santase.Logic.Cards.Card::set_Type(Santase.Logic.Cards.CardType)</Name>
              <SequencePoints />
              <BranchPoints />
              <MethodPoint vc="26" uspid="109" ordinal="0" offset="0" />
            </Method>
            <Method visited="true" cyclomaticComplexity="1" sequenceCoverage="100" branchCoverage="100" isConstructor="true" isStatic="false" isGetter="false" isSetter="false">
              <Summary numSequencePoints="5" visitedSequencePoints="5" numBranchPoints="1" visitedBranchPoints="1" sequenceCoverage="100" branchCoverage="100" maxCyclomaticComplexity="1" minCyclomaticComplexity="1" />
              <MetadataToken>100663298</MetadataToken>
              <Name>System.Void Santase.Logic.Cards.Card::.ctor(Santase.Logic.Cards.CardSuit,Santase.Logic.Cards.CardType)</Name>
              <FileRef uid="5" />
              <SequencePoints>
                <SequencePoint vc="26" uspid="110" ordinal="0" offset="0" sl="8" sc="9" el="8" ec="50" bec="0" bev="0" fileid="5" />
                <SequencePoint vc="26" uspid="111" ordinal="1" offset="7" sl="9" sc="9" el="9" ec="10" bec="0" bev="0" fileid="5" />
                <SequencePoint vc="26" uspid="112" ordinal="2" offset="8" sl="10" sc="13" el="10" ec="30" bec="0" bev="0" fileid="5" />
                <SequencePoint vc="26" uspid="113" ordinal="3" offset="16" sl="11" sc="13" el="11" ec="30" bec="0" bev="0" fileid="5" />
                <SequencePoint vc="26" uspid="114" ordinal="4" offset="24" sl="12" sc="9" el="12" ec="10" bec="0" bev="0" fileid="5" />
              </SequencePoints>
              <BranchPoints />
              <MethodPoint xsi:type="SequencePoint" vc="26" uspid="110" ordinal="0" offset="0" sl="8" sc="9" el="8" ec="50" bec="0" bev="0" fileid="5" />
            </Method>
            <Method visited="false" cyclomaticComplexity="1" sequenceCoverage="0" branchCoverage="0" isConstructor="false" isStatic="true" isGetter="false" isSetter="false">
              <Summary numSequencePoints="4" visitedSequencePoints="0" numBranchPoints="1" visitedBranchPoints="0" sequenceCoverage="0" branchCoverage="0" maxCyclomaticComplexity="1" minCyclomaticComplexity="1" />
              <MetadataToken>100663303</MetadataToken>
              <Name>Santase.Logic.Cards.Card Santase.Logic.Cards.Card::FromHashCode(System.Int32)</Name>
              <FileRef uid="5" />
              <SequencePoints>
                <SequencePoint vc="0" uspid="115" ordinal="0" offset="0" sl="19" sc="9" el="19" ec="10" bec="0" bev="0" fileid="5" />
                <SequencePoint vc="0" uspid="116" ordinal="1" offset="1" sl="20" sc="13" el="20" ec="46" bec="0" bev="0" fileid="5" />
                <SequencePoint vc="0" uspid="117" ordinal="2" offset="8" sl="21" sc="13" el="21" ec="85" bec="0" bev="0" fileid="5" />
                <SequencePoint vc="0" uspid="118" ordinal="3" offset="23" sl="22" sc="9" el="22" ec="10" bec="0" bev="0" fileid="5" />
              </SequencePoints>
              <BranchPoints />
              <MethodPoint xsi:type="SequencePoint" vc="0" uspid="115" ordinal="0" offset="0" sl="19" sc="9" el="19" ec="10" bec="0" bev="0" fileid="5" />
            </Method>
            <Method visited="false" cyclomaticComplexity="8" sequenceCoverage="0" branchCoverage="0" isConstructor="false" isStatic="false" isGetter="false" isSetter="false">
              <Summary numSequencePoints="10" visitedSequencePoints="0" numBranchPoints="9" visitedBranchPoints="0" sequenceCoverage="0" branchCoverage="0" maxCyclomaticComplexity="8" minCyclomaticComplexity="8" />
              <MetadataToken>100663304</MetadataToken>
              <Name>System.Int32 Santase.Logic.Cards.Card::GetValue()</Name>
              <FileRef uid="5" />
              <SequencePoints>
                <SequencePoint vc="0" uspid="119" ordinal="0" offset="0" sl="25" sc="9" el="25" ec="10" bec="0" bev="0" fileid="5" />
                <SequencePoint vc="0" uspid="120" ordinal="1" offset="1" sl="26" sc="13" el="26" ec="31" bec="8" bev="0" fileid="5" />
                <SequencePoint vc="0" uspid="121" ordinal="2" offset="43" sl="29" sc="21" el="29" ec="30" bec="0" bev="0" fileid="5" />
                <SequencePoint vc="0" uspid="122" ordinal="3" offset="47" sl="31" sc="21" el="31" ec="30" bec="0" bev="0" fileid="5" />
                <SequencePoint vc="0" uspid="123" ordinal="4" offset="51" sl="33" sc="21" el="33" ec="30" bec="0" bev="0" fileid="5" />
                <SequencePoint vc="0" uspid="124" ordinal="5" offset="55" sl="35" sc="21" el="35" ec="30" bec="0" bev="0" fileid="5" />
                <SequencePoint vc="0" uspid="125" ordinal="6" offset="59" sl="37" sc="21" el="37" ec="31" bec="0" bev="0" fileid="5" />
                <SequencePoint vc="0" uspid="126" ordinal="7" offset="64" sl="39" sc="21" el="39" ec="31" bec="0" bev="0" fileid="5" />
                <SequencePoint vc="0" uspid="127" ordinal="8" offset="69" sl="41" sc="21" el="41" ec="88" bec="0" bev="0" fileid="5" />
                <SequencePoint vc="0" uspid="128" ordinal="9" offset="80" sl="43" sc="9" el="43" ec="10" bec="0" bev="0" fileid="5" />
              </SequencePoints>
              <BranchPoints>
                <BranchPoint vc="0" uspid="129" ordinal="0" offset="10" path="0" offsetchain="" offsetend="12" />
                <BranchPoint vc="0" uspid="130" ordinal="1" offset="10" path="1" offsetchain="" offsetend="64" />
                <BranchPoint vc="0" uspid="131" ordinal="2" offset="16" path="0" offsetchain="41" offsetend="69" />
                <BranchPoint vc="0" uspid="132" ordinal="3" offset="16" path="1" offsetchain="" offsetend="43" />
                <BranchPoint vc="0" uspid="133" ordinal="4" offset="16" path="2" offsetchain="" offsetend="59" />
                <BranchPoint vc="0" uspid="134" ordinal="5" offset="16" path="3" offsetchain="" offsetend="47" />
                <BranchPoint vc="0" uspid="135" ordinal="6" offset="16" path="4" offsetchain="" offsetend="51" />
                <BranchPoint vc="0" uspid="136" ordinal="7" offset="16" path="5" offsetchain="" offsetend="55" />
              </BranchPoints>
              <MethodPoint xsi:type="SequencePoint" vc="0" uspid="119" ordinal="0" offset="0" sl="25" sc="9" el="25" ec="10" bec="0" bev="0" fileid="5" />
            </Method>
            <Method visited="true" cyclomaticComplexity="2" sequenceCoverage="100" branchCoverage="66.67" isConstructor="false" isStatic="false" isGetter="false" isSetter="false">
              <Summary numSequencePoints="4" visitedSequencePoints="4" numBranchPoints="3" visitedBranchPoints="2" sequenceCoverage="100" branchCoverage="66.67" maxCyclomaticComplexity="2" minCyclomaticComplexity="2" />
              <MetadataToken>100663305</MetadataToken>
              <Name>System.Boolean Santase.Logic.Cards.Card::Equals(System.Object)</Name>
              <FileRef uid="5" />
              <SequencePoints>
                <SequencePoint vc="1" uspid="137" ordinal="0" offset="0" sl="46" sc="9" el="46" ec="10" bec="0" bev="0" fileid="5" />
                <SequencePoint vc="1" uspid="138" ordinal="1" offset="1" sl="47" sc="13" el="47" ec="43" bec="0" bev="0" fileid="5" />
                <SequencePoint vc="1" uspid="139" ordinal="2" offset="8" sl="48" sc="13" el="48" ec="68" bec="2" bev="1" fileid="5" />
                <SequencePoint vc="1" uspid="140" ordinal="3" offset="25" sl="49" sc="9" el="49" ec="10" bec="0" bev="0" fileid="5" />
              </SequencePoints>
              <BranchPoints>
                <BranchPoint vc="1" uspid="141" ordinal="0" offset="9" path="0" offsetchain="" offsetend="11" />
                <BranchPoint vc="0" uspid="142" ordinal="1" offset="9" path="1" offsetchain="" offsetend="20" />
              </BranchPoints>
              <MethodPoint xsi:type="SequencePoint" vc="1" uspid="137" ordinal="0" offset="0" sl="46" sc="9" el="46" ec="10" bec="0" bev="0" fileid="5" />
            </Method>
            <Method visited="true" cyclomaticComplexity="1" sequenceCoverage="100" branchCoverage="100" isConstructor="false" isStatic="false" isGetter="false" isSetter="false">
              <Summary numSequencePoints="4" visitedSequencePoints="4" numBranchPoints="1" visitedBranchPoints="1" sequenceCoverage="100" branchCoverage="100" maxCyclomaticComplexity="1" minCyclomaticComplexity="1" />
              <MetadataToken>100663306</MetadataToken>
              <Name>System.Int32 Santase.Logic.Cards.Card::GetHashCode()</Name>
              <FileRef uid="5" />
              <SequencePoints>
                <SequencePoint vc="47" uspid="143" ordinal="0" offset="0" sl="52" sc="9" el="52" ec="10" bec="0" bev="0" fileid="5" />
                <SequencePoint vc="47" uspid="144" ordinal="1" offset="1" sl="54" sc="13" el="54" ec="14" bec="0" bev="0" fileid="5" />
                <SequencePoint vc="47" uspid="145" ordinal="2" offset="2" sl="55" sc="17" el="55" ec="63" bec="0" bev="0" fileid="5" />
                <SequencePoint vc="47" uspid="146" ordinal="3" offset="21" sl="57" sc="9" el="57" ec="10" bec="0" bev="0" fileid="5" />
              </SequencePoints>
              <BranchPoints />
              <MethodPoint xsi:type="SequencePoint" vc="47" uspid="143" ordinal="0" offset="0" sl="52" sc="9" el="52" ec="10" bec="0" bev="0" fileid="5" />
            </Method>
            <Method visited="false" cyclomaticComplexity="1" sequenceCoverage="0" branchCoverage="0" isConstructor="false" isStatic="false" isGetter="false" isSetter="false">
              <Summary numSequencePoints="3" visitedSequencePoints="0" numBranchPoints="1" visitedBranchPoints="0" sequenceCoverage="0" branchCoverage="0" maxCyclomaticComplexity="1" minCyclomaticComplexity="1" />
              <MetadataToken>100663307</MetadataToken>
              <Name>Santase.Logic.Cards.Card Santase.Logic.Cards.Card::DeepClone()</Name>
              <FileRef uid="5" />
              <SequencePoints>
                <SequencePoint vc="0" uspid="147" ordinal="0" offset="0" sl="60" sc="9" el="60" ec="10" bec="0" bev="0" fileid="5" />
                <SequencePoint vc="0" uspid="148" ordinal="1" offset="1" sl="61" sc="13" el="61" ec="51" bec="0" bev="0" fileid="5" />
                <SequencePoint vc="0" uspid="149" ordinal="2" offset="21" sl="62" sc="9" el="62" ec="10" bec="0" bev="0" fileid="5" />
              </SequencePoints>
              <BranchPoints />
              <MethodPoint xsi:type="SequencePoint" vc="0" uspid="147" ordinal="0" offset="0" sl="60" sc="9" el="60" ec="10" bec="0" bev="0" fileid="5" />
            </Method>
            <Method visited="true" cyclomaticComplexity="1" sequenceCoverage="100" branchCoverage="100" isConstructor="false" isStatic="false" isGetter="false" isSetter="false">
              <Summary numSequencePoints="3" visitedSequencePoints="3" numBranchPoints="1" visitedBranchPoints="1" sequenceCoverage="100" branchCoverage="100" maxCyclomaticComplexity="1" minCyclomaticComplexity="1" />
              <MetadataToken>100663308</MetadataToken>
              <Name>System.String Santase.Logic.Cards.Card::ToString()</Name>
              <FileRef uid="5" />
              <SequencePoints>
                <SequencePoint vc="24" uspid="150" ordinal="0" offset="0" sl="65" sc="9" el="65" ec="10" bec="0" bev="0" fileid="5" />
                <SequencePoint vc="24" uspid="151" ordinal="1" offset="1" sl="66" sc="13" el="66" ec="80" bec="0" bev="0" fileid="5" />
                <SequencePoint vc="24" uspid="152" ordinal="2" offset="31" sl="67" sc="9" el="67" ec="10" bec="0" bev="0" fileid="5" />
              </SequencePoints>
              <BranchPoints />
              <MethodPoint xsi:type="SequencePoint" vc="24" uspid="150" ordinal="0" offset="0" sl="65" sc="9" el="65" ec="10" bec="0" bev="0" fileid="5" />
            </Method>
            <Method visited="true" cyclomaticComplexity="2" sequenceCoverage="100" branchCoverage="66.67" isConstructor="false" isStatic="false" isGetter="false" isSetter="false">
              <Summary numSequencePoints="3" visitedSequencePoints="3" numBranchPoints="3" visitedBranchPoints="2" sequenceCoverage="100" branchCoverage="66.67" maxCyclomaticComplexity="2" minCyclomaticComplexity="2" />
              <MetadataToken>100663309</MetadataToken>
              <Name>System.Boolean Santase.Logic.Cards.Card::Equals(Santase.Logic.Cards.Card)</Name>
              <FileRef uid="5" />
              <SequencePoints>
                <SequencePoint vc="1" uspid="153" ordinal="0" offset="0" sl="70" sc="9" el="70" ec="10" bec="0" bev="0" fileid="5" />
                <SequencePoint vc="1" uspid="154" ordinal="1" offset="1" sl="71" sc="13" el="71" ec="71" bec="2" bev="1" fileid="5" />
                <SequencePoint vc="1" uspid="155" ordinal="2" offset="36" sl="72" sc="9" el="72" ec="10" bec="0" bev="0" fileid="5" />
              </SequencePoints>
              <BranchPoints>
                <BranchPoint vc="0" uspid="156" ordinal="0" offset="13" path="0" offsetchain="" offsetend="15" />
                <BranchPoint vc="1" uspid="157" ordinal="1" offset="13" path="1" offsetchain="" offsetend="31" />
              </BranchPoints>
              <MethodPoint xsi:type="SequencePoint" vc="1" uspid="153" ordinal="0" offset="0" sl="70" sc="9" el="70" ec="10" bec="0" bev="0" fileid="5" />
            </Method>
          </Methods>
        </Class>
        <Class>
          <Summary numSequencePoints="26" visitedSequencePoints="16" numBranchPoints="21" visitedBranchPoints="13" sequenceCoverage="61.54" branchCoverage="61.90" maxCyclomaticComplexity="8" minCyclomaticComplexity="6" />
          <FullName>Santase.Logic.Cards.CardExtensions</FullName>
          <Methods>
            <Method visited="true" cyclomaticComplexity="6" sequenceCoverage="87.5" branchCoverage="83.33" isConstructor="false" isStatic="true" isGetter="false" isSetter="false">
              <Summary numSequencePoints="8" visitedSequencePoints="7" numBranchPoints="6" visitedBranchPoints="5" sequenceCoverage="87.5" branchCoverage="83.33" maxCyclomaticComplexity="6" minCyclomaticComplexity="6" />
              <MetadataToken>100663310</MetadataToken>
              <Name>System.String Santase.Logic.Cards.CardExtensions::ToFriendlyString(Santase.Logic.Cards.CardSuit)</Name>
              <FileRef uid="6" />
              <SequencePoints>
                <SequencePoint vc="24" uspid="158" ordinal="0" offset="0" sl="8" sc="9" el="8" ec="10" bec="0" bev="0" fileid="6" />
                <SequencePoint vc="24" uspid="159" ordinal="1" offset="1" sl="9" sc="13" el="9" ec="30" bec="5" bev="4" fileid="6" />
                <SequencePoint vc="6" uspid="160" ordinal="2" offset="27" sl="12" sc="21" el="12" ec="37" bec="0" bev="0" fileid="6" />
                <SequencePoint vc="6" uspid="161" ordinal="3" offset="35" sl="14" sc="21" el="14" ec="37" bec="0" bev="0" fileid="6" />
                <SequencePoint vc="6" uspid="162" ordinal="4" offset="43" sl="16" sc="21" el="16" ec="37" bec="0" bev="0" fileid="6" />
                <SequencePoint vc="6" uspid="163" ordinal="5" offset="51" sl="18" sc="21" el="18" ec="37" bec="0" bev="0" fileid="6" />
                <SequencePoint vc="0" uspid="164" ordinal="6" offset="59" sl="20" sc="21" el="20" ec="61" bec="0" bev="0" fileid="6" />
                <SequencePoint vc="24" uspid="165" ordinal="7" offset="70" sl="22" sc="9" el="22" ec="10" bec="0" bev="0" fileid="6" />
              </SequencePoints>
              <BranchPoints>
                <BranchPoint vc="0" uspid="166" ordinal="0" offset="4" path="0" offsetchain="25" offsetend="59" />
                <BranchPoint vc="6" uspid="167" ordinal="1" offset="4" path="1" offsetchain="" offsetend="27" />
                <BranchPoint vc="6" uspid="168" ordinal="2" offset="4" path="2" offsetchain="" offsetend="35" />
                <BranchPoint vc="6" uspid="169" ordinal="3" offset="4" path="3" offsetchain="" offsetend="43" />
                <BranchPoint vc="6" uspid="170" ordinal="4" offset="4" path="4" offsetchain="" offsetend="51" />
              </BranchPoints>
              <MethodPoint xsi:type="SequencePoint" vc="24" uspid="158" ordinal="0" offset="0" sl="8" sc="9" el="8" ec="10" bec="0" bev="0" fileid="6" />
            </Method>
            <Method visited="false" cyclomaticComplexity="6" sequenceCoverage="0" branchCoverage="0" isConstructor="false" isStatic="true" isGetter="false" isSetter="false">
              <Summary numSequencePoints="8" visitedSequencePoints="0" numBranchPoints="6" visitedBranchPoints="0" sequenceCoverage="0" branchCoverage="0" maxCyclomaticComplexity="6" minCyclomaticComplexity="6" />
              <MetadataToken>100663311</MetadataToken>
              <Name>System.Int32 Santase.Logic.Cards.CardExtensions::MapAsSortableByColor(Santase.Logic.Cards.CardSuit)</Name>
              <FileRef uid="6" />
              <SequencePoints>
                <SequencePoint vc="0" uspid="171" ordinal="0" offset="0" sl="25" sc="9" el="25" ec="10" bec="0" bev="0" fileid="6" />
                <SequencePoint vc="0" uspid="172" ordinal="1" offset="1" sl="26" sc="13" el="26" ec="30" bec="5" bev="0" fileid="6" />
                <SequencePoint vc="0" uspid="173" ordinal="2" offset="27" sl="29" sc="21" el="29" ec="30" bec="0" bev="0" fileid="6" />
                <SequencePoint vc="0" uspid="174" ordinal="3" offset="31" sl="31" sc="21" el="31" ec="30" bec="0" bev="0" fileid="6" />
                <SequencePoint vc="0" uspid="175" ordinal="4" offset="35" sl="33" sc="21" el="33" ec="30" bec="0" bev="0" fileid="6" />
                <SequencePoint vc="0" uspid="176" ordinal="5" offset="39" sl="35" sc="21" el="35" ec="30" bec="0" bev="0" fileid="6" />
                <SequencePoint vc="0" uspid="177" ordinal="6" offset="43" sl="37" sc="21" el="37" ec="61" bec="0" bev="0" fileid="6" />
                <SequencePoint vc="0" uspid="178" ordinal="7" offset="54" sl="39" sc="9" el="39" ec="10" bec="0" bev="0" fileid="6" />
              </SequencePoints>
              <BranchPoints>
                <BranchPoint vc="0" uspid="179" ordinal="0" offset="4" path="0" offsetchain="25" offsetend="43" />
                <BranchPoint vc="0" uspid="180" ordinal="1" offset="4" path="1" offsetchain="" offsetend="27" />
                <BranchPoint vc="0" uspid="181" ordinal="2" offset="4" path="2" offsetchain="" offsetend="31" />
                <BranchPoint vc="0" uspid="182" ordinal="3" offset="4" path="3" offsetchain="" offsetend="35" />
                <BranchPoint vc="0" uspid="183" ordinal="4" offset="4" path="4" offsetchain="" offsetend="39" />
              </BranchPoints>
              <MethodPoint xsi:type="SequencePoint" vc="0" uspid="171" ordinal="0" offset="0" sl="25" sc="9" el="25" ec="10" bec="0" bev="0" fileid="6" />
            </Method>
            <Method visited="true" cyclomaticComplexity="8" sequenceCoverage="90" branchCoverage="88.89" isConstructor="false" isStatic="true" isGetter="false" isSetter="false">
              <Summary numSequencePoints="10" visitedSequencePoints="9" numBranchPoints="9" visitedBranchPoints="8" sequenceCoverage="90" branchCoverage="88.89" maxCyclomaticComplexity="8" minCyclomaticComplexity="8" />
              <MetadataToken>100663312</MetadataToken>
              <Name>System.String Santase.Logic.Cards.CardExtensions::ToFriendlyString(Santase.Logic.Cards.CardType)</Name>
              <FileRef uid="6" />
              <SequencePoints>
                <SequencePoint vc="24" uspid="184" ordinal="0" offset="0" sl="42" sc="9" el="42" ec="10" bec="0" bev="0" fileid="6" />
                <SequencePoint vc="24" uspid="185" ordinal="1" offset="1" sl="43" sc="13" el="43" ec="30" bec="8" bev="7" fileid="6" />
                <SequencePoint vc="4" uspid="186" ordinal="2" offset="38" sl="46" sc="21" el="46" ec="32" bec="0" bev="0" fileid="6" />
                <SequencePoint vc="4" uspid="187" ordinal="3" offset="46" sl="48" sc="21" el="48" ec="33" bec="0" bev="0" fileid="6" />
                <SequencePoint vc="4" uspid="188" ordinal="4" offset="54" sl="50" sc="21" el="50" ec="32" bec="0" bev="0" fileid="6" />
                <SequencePoint vc="4" uspid="189" ordinal="5" offset="62" sl="52" sc="21" el="52" ec="32" bec="0" bev="0" fileid="6" />
                <SequencePoint vc="4" uspid="190" ordinal="6" offset="70" sl="54" sc="21" el="54" ec="32" bec="0" bev="0" fileid="6" />
                <SequencePoint vc="4" uspid="191" ordinal="7" offset="78" sl="56" sc="21" el="56" ec="32" bec="0" bev="0" fileid="6" />
                <SequencePoint vc="0" uspid="192" ordinal="8" offset="86" sl="58" sc="21" el="58" ec="61" bec="0" bev="0" fileid="6" />
                <SequencePoint vc="24" uspid="193" ordinal="9" offset="97" sl="60" sc="9" el="60" ec="10" bec="0" bev="0" fileid="6" />
              </SequencePoints>
              <BranchPoints>
                <BranchPoint vc="20" uspid="194" ordinal="0" offset="5" path="0" offsetchain="" offsetend="7" />
                <BranchPoint vc="4" uspid="195" ordinal="1" offset="5" path="1" offsetchain="" offsetend="78" />
                <BranchPoint vc="0" uspid="196" ordinal="2" offset="11" path="0" offsetchain="36" offsetend="86" />
                <BranchPoint vc="4" uspid="197" ordinal="3" offset="11" path="1" offsetchain="" offsetend="38" />
                <BranchPoint vc="4" uspid="198" ordinal="4" offset="11" path="2" offsetchain="" offsetend="46" />
                <BranchPoint vc="4" uspid="199" ordinal="5" offset="11" path="3" offsetchain="" offsetend="54" />
                <BranchPoint vc="4" uspid="200" ordinal="6" offset="11" path="4" offsetchain="" offsetend="62" />
                <BranchPoint vc="4" uspid="201" ordinal="7" offset="11" path="5" offsetchain="" offsetend="70" />
              </BranchPoints>
              <MethodPoint xsi:type="SequencePoint" vc="24" uspid="184" ordinal="0" offset="0" sl="42" sc="9" el="42" ec="10" bec="0" bev="0" fileid="6" />
            </Method>
          </Methods>
        </Class>
        <Class>
          <Summary numSequencePoints="41" visitedSequencePoints="41" numBranchPoints="17" visitedBranchPoints="14" sequenceCoverage="100" branchCoverage="82.35" maxCyclomaticComplexity="5" minCyclomaticComplexity="1" />
          <FullName>Santase.Logic.Cards.Deck</FullName>
          <Methods>
            <Method visited="true" cyclomaticComplexity="1" sequenceCoverage="0" branchCoverage="0" isConstructor="false" isStatic="false" isGetter="true" isSetter="false">
              <Summary numSequencePoints="0" visitedSequencePoints="0" numBranchPoints="0" visitedBranchPoints="0" sequenceCoverage="0" branchCoverage="0" maxCyclomaticComplexity="1" minCyclomaticComplexity="1" />
              <MetadataToken>100663319</MetadataToken>
              <Name>Santase.Logic.Cards.Card Santase.Logic.Cards.Deck::get_TrumpCard()</Name>
              <SequencePoints />
              <BranchPoints />
              <MethodPoint vc="6" uspid="202" ordinal="0" offset="0" />
            </Method>
            <Method visited="true" cyclomaticComplexity="1" sequenceCoverage="0" branchCoverage="0" isConstructor="false" isStatic="false" isGetter="false" isSetter="true">
              <Summary numSequencePoints="0" visitedSequencePoints="0" numBranchPoints="0" visitedBranchPoints="0" sequenceCoverage="0" branchCoverage="0" maxCyclomaticComplexity="1" minCyclomaticComplexity="1" />
              <MetadataToken>100663320</MetadataToken>
              <Name>System.Void Santase.Logic.Cards.Deck::set_TrumpCard(Santase.Logic.Cards.Card)</Name>
              <SequencePoints />
              <BranchPoints />
              <MethodPoint vc="13" uspid="203" ordinal="0" offset="0" />
            </Method>
            <Method visited="true" cyclomaticComplexity="1" sequenceCoverage="100" branchCoverage="100" isConstructor="false" isStatic="false" isGetter="true" isSetter="false">
              <Summary numSequencePoints="3" visitedSequencePoints="3" numBranchPoints="1" visitedBranchPoints="1" sequenceCoverage="100" branchCoverage="100" maxCyclomaticComplexity="1" minCyclomaticComplexity="1" />
              <MetadataToken>100663321</MetadataToken>
              <Name>System.Int32 Santase.Logic.Cards.Deck::get_CardsLeft()</Name>
              <FileRef uid="7" />
              <SequencePoints>
                <SequencePoint vc="5" uspid="204" ordinal="0" offset="0" sl="50" sc="8" el="50" ec="9" bec="0" bev="0" fileid="7" />
                <SequencePoint vc="5" uspid="205" ordinal="1" offset="1" sl="51" sc="5" el="51" ec="35" bec="0" bev="0" fileid="7" />
                <SequencePoint vc="5" uspid="206" ordinal="2" offset="15" sl="52" sc="4" el="52" ec="5" bec="0" bev="0" fileid="7" />
              </SequencePoints>
              <BranchPoints />
              <MethodPoint xsi:type="SequencePoint" vc="5" uspid="204" ordinal="0" offset="0" sl="50" sc="8" el="50" ec="9" bec="0" bev="0" fileid="7" />
            </Method>
            <Method visited="true" cyclomaticComplexity="5" sequenceCoverage="100" branchCoverage="77.78" isConstructor="true" isStatic="true" isGetter="false" isSetter="false">
              <Summary numSequencePoints="18" visitedSequencePoints="18" numBranchPoints="9" visitedBranchPoints="7" sequenceCoverage="100" branchCoverage="77.78" maxCyclomaticComplexity="5" minCyclomaticComplexity="5" />
              <MetadataToken>100663317</MetadataToken>
              <Name>System.Void Santase.Logic.Cards.Deck::.cctor()</Name>
              <FileRef uid="7" />
              <SequencePoints>
                <SequencePoint vc="1" uspid="207" ordinal="0" offset="0" sl="8" sc="9" el="8" ec="73" bec="0" bev="0" fileid="7" />
                <SequencePoint vc="1" uspid="208" ordinal="1" offset="10" sl="9" sc="9" el="17" ec="76" bec="0" bev="0" fileid="7" />
                <SequencePoint vc="1" uspid="209" ordinal="2" offset="75" sl="19" sc="9" el="25" ec="76" bec="0" bev="0" fileid="7" />
                <SequencePoint vc="1" uspid="210" ordinal="3" offset="119" sl="31" sc="9" el="31" ec="10" bec="0" bev="0" fileid="7" />
                <SequencePoint vc="1" uspid="211" ordinal="4" offset="120" sl="32" sc="13" el="32" ec="20" bec="0" bev="0" fileid="7" />
                <SequencePoint vc="1" uspid="212" ordinal="5" offset="121" sl="32" sc="38" el="32" ec="50" bec="0" bev="0" fileid="7" />
                <SequencePoint vc="4" uspid="213" ordinal="6" offset="135" sl="32" sc="22" el="32" ec="34" bec="0" bev="0" fileid="7" />
                <SequencePoint vc="4" uspid="214" ordinal="7" offset="143" sl="33" sc="13" el="33" ec="14" bec="0" bev="0" fileid="7" />
                <SequencePoint vc="4" uspid="215" ordinal="8" offset="144" sl="34" sc="17" el="34" ec="24" bec="0" bev="0" fileid="7" />
                <SequencePoint vc="4" uspid="216" ordinal="9" offset="145" sl="34" sc="42" el="34" ec="54" bec="0" bev="0" fileid="7" />
                <SequencePoint vc="24" uspid="217" ordinal="10" offset="159" sl="34" sc="26" el="34" ec="38" bec="0" bev="0" fileid="7" />
                <SequencePoint vc="24" uspid="218" ordinal="11" offset="167" sl="35" sc="17" el="35" ec="18" bec="0" bev="0" fileid="7" />
                <SequencePoint vc="24" uspid="219" ordinal="12" offset="168" sl="36" sc="21" el="36" ec="64" bec="0" bev="0" fileid="7" />
                <SequencePoint vc="24" uspid="220" ordinal="13" offset="186" sl="37" sc="17" el="37" ec="18" bec="0" bev="0" fileid="7" />
                <SequencePoint vc="28" uspid="221" ordinal="14" offset="187" sl="34" sc="39" el="34" ec="41" bec="4" bev="3" fileid="7" />
                <SequencePoint vc="4" uspid="222" ordinal="15" offset="223" sl="38" sc="13" el="38" ec="14" bec="0" bev="0" fileid="7" />
                <SequencePoint vc="5" uspid="223" ordinal="16" offset="224" sl="32" sc="35" el="32" ec="37" bec="4" bev="3" fileid="7" />
                <SequencePoint vc="1" uspid="224" ordinal="17" offset="260" sl="39" sc="9" el="39" ec="10" bec="0" bev="0" fileid="7" />
              </SequencePoints>
              <BranchPoints>
                <BranchPoint vc="4" uspid="225" ordinal="0" offset="198" path="0" offsetchain="" offsetend="200" />
                <BranchPoint vc="24" uspid="226" ordinal="1" offset="198" path="1" offsetchain="" offsetend="159" />
                <BranchPoint vc="4" uspid="227" ordinal="2" offset="211" path="0" offsetchain="" offsetend="213" />
                <BranchPoint vc="0" uspid="228" ordinal="3" offset="211" path="1" offsetchain="" offsetend="221" />
                <BranchPoint vc="1" uspid="229" ordinal="4" offset="235" path="0" offsetchain="" offsetend="237" />
                <BranchPoint vc="4" uspid="230" ordinal="5" offset="235" path="1" offsetchain="" offsetend="135" />
                <BranchPoint vc="1" uspid="231" ordinal="6" offset="248" path="0" offsetchain="" offsetend="250" />
                <BranchPoint vc="0" uspid="232" ordinal="7" offset="248" path="1" offsetchain="" offsetend="258" />
              </BranchPoints>
              <MethodPoint xsi:type="SequencePoint" vc="1" uspid="207" ordinal="0" offset="0" sl="8" sc="9" el="8" ec="73" bec="0" bev="0" fileid="7" />
            </Method>
            <Method visited="true" cyclomaticComplexity="1" sequenceCoverage="100" branchCoverage="100" isConstructor="true" isStatic="false" isGetter="false" isSetter="false">
              <Summary numSequencePoints="5" visitedSequencePoints="5" numBranchPoints="1" visitedBranchPoints="1" sequenceCoverage="100" branchCoverage="100" maxCyclomaticComplexity="1" minCyclomaticComplexity="1" />
              <MetadataToken>100663318</MetadataToken>
              <Name>System.Void Santase.Logic.Cards.Deck::.ctor()</Name>
              <FileRef uid="7" />
              <SequencePoints>
                <SequencePoint vc="11" uspid="233" ordinal="0" offset="0" sl="41" sc="9" el="41" ec="22" bec="0" bev="0" fileid="7" />
                <SequencePoint vc="11" uspid="234" ordinal="1" offset="7" sl="42" sc="9" el="42" ec="10" bec="0" bev="0" fileid="7" />
                <SequencePoint vc="11" uspid="235" ordinal="2" offset="8" sl="43" sc="13" el="43" ec="60" bec="0" bev="0" fileid="7" />
                <SequencePoint vc="11" uspid="236" ordinal="3" offset="29" sl="44" sc="13" el="44" ec="50" bec="0" bev="0" fileid="7" />
                <SequencePoint vc="11" uspid="237" ordinal="4" offset="48" sl="45" sc="9" el="45" ec="10" bec="0" bev="0" fileid="7" />
              </SequencePoints>
              <BranchPoints />
              <MethodPoint xsi:type="SequencePoint" vc="11" uspid="233" ordinal="0" offset="0" sl="41" sc="9" el="41" ec="22" bec="0" bev="0" fileid="7" />
            </Method>
            <Method visited="true" cyclomaticComplexity="2" sequenceCoverage="100" branchCoverage="100" isConstructor="false" isStatic="false" isGetter="false" isSetter="false">
              <Summary numSequencePoints="8" visitedSequencePoints="8" numBranchPoints="3" visitedBranchPoints="3" sequenceCoverage="100" branchCoverage="100" maxCyclomaticComplexity="2" minCyclomaticComplexity="2" />
              <MetadataToken>100663322</MetadataToken>
              <Name>Santase.Logic.Cards.Card Santase.Logic.Cards.Deck::GetNextCard()</Name>
              <FileRef uid="7" />
              <SequencePoints>
                <SequencePoint vc="99" uspid="238" ordinal="0" offset="0" sl="56" sc="9" el="56" ec="10" bec="0" bev="0" fileid="7" />
                <SequencePoint vc="99" uspid="239" ordinal="1" offset="1" sl="57" sc="13" el="57" ec="45" bec="2" bev="2" fileid="7" />
                <SequencePoint vc="1" uspid="240" ordinal="2" offset="22" sl="58" sc="13" el="58" ec="14" bec="0" bev="0" fileid="7" />
                <SequencePoint vc="1" uspid="241" ordinal="3" offset="23" sl="59" sc="17" el="59" ec="67" bec="0" bev="0" fileid="7" />
                <SequencePoint vc="98" uspid="242" ordinal="4" offset="34" sl="62" sc="13" el="62" ec="69" bec="0" bev="0" fileid="7" />
                <SequencePoint vc="98" uspid="243" ordinal="5" offset="59" sl="63" sc="13" el="63" ec="67" bec="0" bev="0" fileid="7" />
                <SequencePoint vc="98" uspid="244" ordinal="6" offset="84" sl="64" sc="13" el="64" ec="25" bec="0" bev="0" fileid="7" />
                <SequencePoint vc="98" uspid="245" ordinal="7" offset="88" sl="65" sc="9" el="65" ec="10" bec="0" bev="0" fileid="7" />
              </SequencePoints>
              <BranchPoints>
                <BranchPoint vc="1" uspid="246" ordinal="0" offset="20" path="0" offsetchain="" offsetend="22" />
                <BranchPoint vc="98" uspid="247" ordinal="1" offset="20" path="1" offsetchain="" offsetend="34" />
              </BranchPoints>
              <MethodPoint xsi:type="SequencePoint" vc="99" uspid="238" ordinal="0" offset="0" sl="56" sc="9" el="56" ec="10" bec="0" bev="0" fileid="7" />
            </Method>
            <Method visited="true" cyclomaticComplexity="2" sequenceCoverage="100" branchCoverage="66.67" isConstructor="false" isStatic="false" isGetter="false" isSetter="false">
              <Summary numSequencePoints="7" visitedSequencePoints="7" numBranchPoints="3" visitedBranchPoints="2" sequenceCoverage="100" branchCoverage="66.67" maxCyclomaticComplexity="2" minCyclomaticComplexity="2" />
              <MetadataToken>100663323</MetadataToken>
              <Name>System.Void Santase.Logic.Cards.Deck::ChangeTrumpCard(Santase.Logic.Cards.Card)</Name>
              <FileRef uid="7" />
              <SequencePoints>
                <SequencePoint vc="2" uspid="248" ordinal="0" offset="0" sl="68" sc="9" el="68" ec="10" bec="0" bev="0" fileid="7" />
                <SequencePoint vc="2" uspid="249" ordinal="1" offset="1" sl="69" sc="13" el="69" ec="38" bec="0" bev="0" fileid="7" />
                <SequencePoint vc="2" uspid="250" ordinal="2" offset="9" sl="70" sc="13" el="70" ec="44" bec="2" bev="1" fileid="7" />
                <SequencePoint vc="2" uspid="251" ordinal="3" offset="30" sl="71" sc="13" el="71" ec="14" bec="0" bev="0" fileid="7" />
                <SequencePoint vc="2" uspid="252" ordinal="4" offset="31" sl="72" sc="17" el="72" ec="47" bec="0" bev="0" fileid="7" />
                <SequencePoint vc="2" uspid="253" ordinal="5" offset="45" sl="73" sc="13" el="73" ec="14" bec="0" bev="0" fileid="7" />
                <SequencePoint vc="2" uspid="254" ordinal="6" offset="46" sl="74" sc="9" el="74" ec="10" bec="0" bev="0" fileid="7" />
              </SequencePoints>
              <BranchPoints>
                <BranchPoint vc="2" uspid="255" ordinal="0" offset="28" path="0" offsetchain="" offsetend="30" />
                <BranchPoint vc="0" uspid="256" ordinal="1" offset="28" path="1" offsetchain="" offsetend="46" />
              </BranchPoints>
              <MethodPoint xsi:type="SequencePoint" vc="2" uspid="248" ordinal="0" offset="0" sl="68" sc="9" el="68" ec="10" bec="0" bev="0" fileid="7" />
            </Method>
          </Methods>
        </Class>
        <Class>
          <Summary numSequencePoints="17" visitedSequencePoints="15" numBranchPoints="5" visitedBranchPoints="4" sequenceCoverage="88.24" branchCoverage="80" maxCyclomaticComplexity="3" minCyclomaticComplexity="3" />
          <FullName>Santase.Logic.Cards.EnumerableExtensions</FullName>
          <Methods>
            <Method visited="true" cyclomaticComplexity="3" sequenceCoverage="88.24" branchCoverage="80" isConstructor="false" isStatic="true" isGetter="false" isSetter="false">
              <Summary numSequencePoints="17" visitedSequencePoints="15" numBranchPoints="5" visitedBranchPoints="4" sequenceCoverage="88.24" branchCoverage="80" maxCyclomaticComplexity="3" minCyclomaticComplexity="3" />
              <MetadataToken>100663324</MetadataToken>
              <Name>System.Collections.Generic.IEnumerable`1&lt;T&gt; Santase.Logic.Cards.EnumerableExtensions::Shuffle(System.Collections.Generic.IEnumerable`1&lt;T&gt;)</Name>
              <FileRef uid="8" />
              <SequencePoints>
                <SequencePoint vc="11" uspid="257" ordinal="0" offset="0" sl="16" sc="9" el="16" ec="10" bec="0" bev="0" fileid="8" />
                <SequencePoint vc="11" uspid="258" ordinal="1" offset="1" sl="17" sc="13" el="17" ec="32" bec="2" bev="1" fileid="8" />
                <SequencePoint vc="0" uspid="259" ordinal="2" offset="14" sl="18" sc="13" el="18" ec="14" bec="0" bev="0" fileid="8" />
                <SequencePoint vc="0" uspid="260" ordinal="3" offset="15" sl="19" sc="17" el="19" ec="51" bec="0" bev="0" fileid="8" />
                <SequencePoint vc="11" uspid="261" ordinal="4" offset="21" sl="22" sc="13" el="22" ec="42" bec="0" bev="0" fileid="8" />
                <SequencePoint vc="11" uspid="262" ordinal="5" offset="28" sl="23" sc="13" el="23" ec="34" bec="0" bev="0" fileid="8" />
                <SequencePoint vc="11" uspid="263" ordinal="6" offset="32" sl="24" sc="18" el="24" ec="28" bec="0" bev="0" fileid="8" />
                <SequencePoint vc="264" uspid="264" ordinal="7" offset="36" sl="25" sc="13" el="25" ec="14" bec="0" bev="0" fileid="8" />
                <SequencePoint vc="264" uspid="265" ordinal="8" offset="37" sl="27" sc="17" el="27" ec="59" bec="0" bev="0" fileid="8" />
                <SequencePoint vc="264" uspid="266" ordinal="9" offset="49" sl="28" sc="17" el="28" ec="37" bec="0" bev="0" fileid="8" />
                <SequencePoint vc="264" uspid="267" ordinal="10" offset="58" sl="29" sc="17" el="29" ec="37" bec="0" bev="0" fileid="8" />
                <SequencePoint vc="264" uspid="268" ordinal="11" offset="72" sl="30" sc="17" el="30" ec="33" bec="0" bev="0" fileid="8" />
                <SequencePoint vc="264" uspid="269" ordinal="12" offset="81" sl="31" sc="13" el="31" ec="14" bec="0" bev="0" fileid="8" />
                <SequencePoint vc="264" uspid="270" ordinal="13" offset="82" sl="24" sc="36" el="24" ec="39" bec="0" bev="0" fileid="8" />
                <SequencePoint vc="275" uspid="271" ordinal="14" offset="86" sl="24" sc="29" el="24" ec="34" bec="2" bev="2" fileid="8" />
                <SequencePoint vc="11" uspid="272" ordinal="15" offset="96" sl="33" sc="13" el="33" ec="26" bec="0" bev="0" fileid="8" />
                <SequencePoint vc="11" uspid="273" ordinal="16" offset="101" sl="34" sc="9" el="34" ec="10" bec="0" bev="0" fileid="8" />
              </SequencePoints>
              <BranchPoints>
                <BranchPoint vc="0" uspid="274" ordinal="0" offset="12" path="0" offsetchain="" offsetend="14" />
                <BranchPoint vc="11" uspid="275" ordinal="1" offset="12" path="1" offsetchain="" offsetend="21" />
                <BranchPoint vc="11" uspid="276" ordinal="2" offset="94" path="0" offsetchain="" offsetend="96" />
                <BranchPoint vc="264" uspid="277" ordinal="3" offset="94" path="1" offsetchain="" offsetend="36" />
              </BranchPoints>
              <MethodPoint xsi:type="SequencePoint" vc="11" uspid="257" ordinal="0" offset="0" sl="16" sc="9" el="16" ec="10" bec="0" bev="0" fileid="8" />
            </Method>
          </Methods>
        </Class>
        <Class>
          <Summary numSequencePoints="3" visitedSequencePoints="3" numBranchPoints="1" visitedBranchPoints="1" sequenceCoverage="100" branchCoverage="100" maxCyclomaticComplexity="1" minCyclomaticComplexity="1" />
          <FullName>Santase.Logic.Cards.InternalGameException</FullName>
          <Methods>
            <Method visited="true" cyclomaticComplexity="1" sequenceCoverage="100" branchCoverage="100" isConstructor="true" isStatic="false" isGetter="false" isSetter="false">
              <Summary numSequencePoints="3" visitedSequencePoints="3" numBranchPoints="1" visitedBranchPoints="1" sequenceCoverage="100" branchCoverage="100" maxCyclomaticComplexity="1" minCyclomaticComplexity="1" />
              <MetadataToken>100663325</MetadataToken>
              <Name>System.Void Santase.Logic.Cards.InternalGameException::.ctor(System.String)</Name>
              <FileRef uid="9" />
              <SequencePoints>
                <SequencePoint vc="1" uspid="278" ordinal="0" offset="0" sl="7" sc="9" el="8" ec="28" bec="0" bev="0" fileid="9" />
                <SequencePoint vc="1" uspid="279" ordinal="1" offset="8" sl="9" sc="9" el="9" ec="10" bec="0" bev="0" fileid="9" />
                <SequencePoint vc="1" uspid="280" ordinal="2" offset="9" sl="10" sc="9" el="10" ec="10" bec="0" bev="0" fileid="9" />
              </SequencePoints>
              <BranchPoints />
              <MethodPoint xsi:type="SequencePoint" vc="1" uspid="278" ordinal="0" offset="0" sl="7" sc="9" el="8" ec="28" bec="0" bev="0" fileid="9" />
            </Method>
          </Methods>
        </Class>
        <Class>
          <Summary numSequencePoints="6" visitedSequencePoints="6" numBranchPoints="5" visitedBranchPoints="4" sequenceCoverage="100" branchCoverage="80" maxCyclomaticComplexity="2" minCyclomaticComplexity="1" />
          <FullName>Santase.Logic.Cards.RandomProvider</FullName>
          <Methods>
            <Method visited="true" cyclomaticComplexity="1" sequenceCoverage="100" branchCoverage="100" isConstructor="false" isStatic="true" isGetter="false" isSetter="false">
              <Summary numSequencePoints="3" visitedSequencePoints="3" numBranchPoints="1" visitedBranchPoints="1" sequenceCoverage="100" branchCoverage="100" maxCyclomaticComplexity="1" minCyclomaticComplexity="1" />
              <MetadataToken>100663326</MetadataToken>
              <Name>System.Int32 Santase.Logic.Cards.RandomProvider::Next(System.Int32,System.Int32)</Name>
              <FileRef uid="10" />
              <SequencePoints>
                <SequencePoint vc="264" uspid="281" ordinal="0" offset="0" sl="17" sc="9" el="17" ec="10" bec="0" bev="0" fileid="10" />
                <SequencePoint vc="264" uspid="282" ordinal="1" offset="1" sl="18" sc="13" el="18" ec="58" bec="0" bev="0" fileid="10" />
                <SequencePoint vc="264" uspid="283" ordinal="2" offset="21" sl="19" sc="9" el="19" ec="10" bec="0" bev="0" fileid="10" />
              </SequencePoints>
              <BranchPoints />
              <MethodPoint xsi:type="SequencePoint" vc="264" uspid="281" ordinal="0" offset="0" sl="17" sc="9" el="17" ec="10" bec="0" bev="0" fileid="10" />
            </Method>
            <Method visited="true" cyclomaticComplexity="2" sequenceCoverage="100" branchCoverage="66.67" isConstructor="true" isStatic="true" isGetter="false" isSetter="false">
              <Summary numSequencePoints="2" visitedSequencePoints="2" numBranchPoints="3" visitedBranchPoints="2" sequenceCoverage="100" branchCoverage="66.67" maxCyclomaticComplexity="2" minCyclomaticComplexity="2" />
              <MetadataToken>100663327</MetadataToken>
              <Name>System.Void Santase.Logic.Cards.RandomProvider::.cctor()</Name>
              <FileRef uid="10" />
              <SequencePoints>
                <SequencePoint vc="1" uspid="284" ordinal="0" offset="0" sl="11" sc="9" el="12" ec="88" bec="2" bev="1" fileid="10" />
                <SequencePoint vc="1" uspid="285" ordinal="1" offset="41" sl="14" sc="9" el="14" ec="57" bec="0" bev="0" fileid="10" />
              </SequencePoints>
              <BranchPoints>
                <BranchPoint vc="1" uspid="286" ordinal="0" offset="5" path="0" offsetchain="" offsetend="7" />
                <BranchPoint vc="0" uspid="287" ordinal="1" offset="5" path="1" offsetchain="" offsetend="26" />
              </BranchPoints>
              <MethodPoint xsi:type="SequencePoint" vc="1" uspid="284" ordinal="0" offset="0" sl="11" sc="9" el="12" ec="88" bec="2" bev="1" fileid="10" />
            </Method>
            <Method visited="true" cyclomaticComplexity="1" sequenceCoverage="100" branchCoverage="100" isConstructor="false" isStatic="true" isGetter="false" isSetter="false">
              <Summary numSequencePoints="1" visitedSequencePoints="1" numBranchPoints="1" visitedBranchPoints="1" sequenceCoverage="100" branchCoverage="100" maxCyclomaticComplexity="1" minCyclomaticComplexity="1" />
              <MetadataToken>100663328</MetadataToken>
              <Name>System.Random Santase.Logic.Cards.RandomProvider::&lt;.cctor&gt;b__0()</Name>
              <FileRef uid="10" />
              <SequencePoints>
                <SequencePoint vc="1" uspid="288" ordinal="0" offset="0" sl="12" sc="43" el="12" ec="86" bec="0" bev="0" fileid="10" />
              </SequencePoints>
              <BranchPoints />
              <MethodPoint xsi:type="SequencePoint" vc="1" uspid="288" ordinal="0" offset="0" sl="12" sc="43" el="12" ec="86" bec="0" bev="0" fileid="10" />
            </Method>
          </Methods>
        </Class>
      </Classes>
    </Module>
  </Modules>
</CoverageSession>